
Debug/mcu_echo.elf:     file format elf32-littlearm
Debug/mcu_echo.elf
architecture: armv7e-m, flags 0x00000112:
EXEC_P, HAS_SYMS, D_PAGED
start address 0x0800084d

Program Header:
    LOAD off    0x00010000 vaddr 0x08000000 paddr 0x08000000 align 2**16
         filesz 0x000012b8 memsz 0x000012b8 flags rwx
    LOAD off    0x00020000 vaddr 0x20000000 paddr 0x080012b8 align 2**16
         filesz 0x00000068 memsz 0x00000898 flags rw-
    LOAD off    0x00000898 vaddr 0x20000898 paddr 0x08001320 align 2**16
         filesz 0x00000000 memsz 0x00000600 flags rw-
private flags = 0x5000200: [Version5 EABI] [soft-float ABI]

Sections:
Idx Name          Size      VMA       LMA       File off  Algn
  0 .isr_vector   000001c0  08000000  08000000  00010000  2**0
                  CONTENTS, ALLOC, LOAD, READONLY, DATA
  1 .text         00001038  080001c0  080001c0  000101c0  2**4
                  CONTENTS, ALLOC, LOAD, READONLY, CODE
  2 .rodata       000000b0  080011f8  080011f8  000111f8  2**2
                  CONTENTS, ALLOC, LOAD, READONLY, DATA
  3 .ARM.extab    00000000  080012a8  080012a8  00020068  2**0
                  CONTENTS
  4 .ARM          00000000  080012a8  080012a8  00020068  2**0
                  CONTENTS
  5 .preinit_array 00000000  080012a8  080012a8  00020068  2**0
                  CONTENTS, ALLOC, LOAD, DATA
  6 .init_array   00000008  080012a8  080012a8  000112a8  2**2
                  CONTENTS, ALLOC, LOAD, DATA
  7 .fini_array   00000008  080012b0  080012b0  000112b0  2**2
                  CONTENTS, ALLOC, LOAD, DATA
  8 .data         00000068  20000000  080012b8  00020000  2**2
                  CONTENTS, ALLOC, LOAD, DATA
  9 .bss          00000830  20000068  08001320  00020068  2**2
                  ALLOC
 10 ._user_heap_stack 00000600  20000898  08001320  00020898  2**0
                  ALLOC
 11 .ARM.attributes 0000002e  00000000  00000000  00020068  2**0
                  CONTENTS, READONLY
 12 .debug_info   0000887d  00000000  00000000  00020096  2**0
                  CONTENTS, READONLY, DEBUGGING, OCTETS
 13 .debug_abbrev 00001ff4  00000000  00000000  00028913  2**0
                  CONTENTS, READONLY, DEBUGGING, OCTETS
 14 .debug_loc    00000255  00000000  00000000  0002a907  2**0
                  CONTENTS, READONLY, DEBUGGING, OCTETS
 15 .debug_aranges 00000370  00000000  00000000  0002ab60  2**3
                  CONTENTS, READONLY, DEBUGGING, OCTETS
 16 .debug_ranges 000000c0  00000000  00000000  0002aed0  2**3
                  CONTENTS, READONLY, DEBUGGING, OCTETS
 17 .debug_line   000031f1  00000000  00000000  0002af90  2**0
                  CONTENTS, READONLY, DEBUGGING, OCTETS
 18 .debug_str    0000177c  00000000  00000000  0002e181  2**0
                  CONTENTS, READONLY, DEBUGGING, OCTETS
 19 .comment      0000003c  00000000  00000000  0002f8fd  2**0
                  CONTENTS, READONLY
 20 .debug_frame  00000618  00000000  00000000  0002f93c  2**2
                  CONTENTS, READONLY, DEBUGGING, OCTETS
 21 .debug_loclists 0000117e  00000000  00000000  0002ff54  2**0
                  CONTENTS, READONLY, DEBUGGING, OCTETS
 22 .debug_rnglists 000001f5  00000000  00000000  000310d2  2**0
                  CONTENTS, READONLY, DEBUGGING, OCTETS
 23 .debug_line_str 00000065  00000000  00000000  000312c7  2**0
                  CONTENTS, READONLY, DEBUGGING, OCTETS
SYMBOL TABLE:
08000000 l    d  .isr_vector	00000000 .isr_vector
080001c0 l    d  .text	00000000 .text
080011f8 l    d  .rodata	00000000 .rodata
080012a8 l    d  .ARM.extab	00000000 .ARM.extab
080012a8 l    d  .ARM	00000000 .ARM
080012a8 l    d  .preinit_array	00000000 .preinit_array
080012a8 l    d  .init_array	00000000 .init_array
080012b0 l    d  .fini_array	00000000 .fini_array
20000000 l    d  .data	00000000 .data
20000068 l    d  .bss	00000000 .bss
20000898 l    d  ._user_heap_stack	00000000 ._user_heap_stack
00000000 l    d  .ARM.attributes	00000000 .ARM.attributes
00000000 l    d  .debug_info	00000000 .debug_info
00000000 l    d  .debug_abbrev	00000000 .debug_abbrev
00000000 l    d  .debug_loc	00000000 .debug_loc
00000000 l    d  .debug_aranges	00000000 .debug_aranges
00000000 l    d  .debug_ranges	00000000 .debug_ranges
00000000 l    d  .debug_line	00000000 .debug_line
00000000 l    d  .debug_str	00000000 .debug_str
00000000 l    d  .comment	00000000 .comment
00000000 l    d  .debug_frame	00000000 .debug_frame
00000000 l    d  .debug_loclists	00000000 .debug_loclists
00000000 l    d  .debug_rnglists	00000000 .debug_rnglists
00000000 l    d  .debug_line_str	00000000 .debug_line_str
00000000 l    df *ABS*	00000000 startup_stm32l4s5xx.o
f1e0f85f l       *ABS*	00000000 BootRAM
08000864 l       .text	00000000 LoopCopyDataInit
0800085e l       .text	00000000 CopyDataInit
08000876 l       .text	00000000 LoopFillZerobss
08000872 l       .text	00000000 FillZerobss
08000882 l       .text	00000000 LoopForever
0800089c l       .text	00000000 Infinite_Loop
00000000 l    df *ABS*	00000000 lib_a-strlen.o
00000000 l    df *ABS*	00000000 lib_a-memchr.o
00000000 l    df *ABS*	00000000 crtstuff.c
080011e0 l     O .text	00000000 __EH_FRAME_BEGIN__
08000270 l     F .text	00000000 __do_global_dtors_aux
20000068 l     O .bss	00000000 completed.1
080012b0 l     O .fini_array	00000000 __do_global_dtors_aux_fini_array_entry
08000294 l     F .text	00000000 frame_dummy
2000006c l     O .bss	00000000 object.0
080012a8 l     O .init_array	00000000 __frame_dummy_init_array_entry
00000000 l    df *ABS*	00000000 mcu_echo.c
080002b0 l     F .text	00000018 send
080002c8 l     F .text	00000018 receive
00000000 l    df *ABS*	00000000 uart.c
08000484 l     F .text	00000064 uart_pin_setup
080004e8 l     F .text	0000008c uart_enable
00000000 l    df *ABS*	00000000 system_stm32l4xx.c
00000000 l    df *ABS*	00000000 init.c
00000000 l    df *ABS*	00000000 memset.c
00000000 l    df *ABS*	00000000 sprintf.c
00000000 l    df *ABS*	00000000 lock.c
00000000 l    df *ABS*	00000000 nano-vfprintf.c
00000000 l    df *ABS*	00000000 nano-vfprintf_i.c
00000000 l    df *ABS*	00000000 memcpy-stub.c
00000000 l    df *ABS*	00000000 memmove.c
00000000 l    df *ABS*	00000000 nano-mallocr.c
00000000 l    df *ABS*	00000000 nano-mallocr.c
08000ff4 l     F .text	00000040 sbrk_aligned
00000000 l    df *ABS*	00000000 nano-mallocr.c
00000000 l    df *ABS*	00000000 sbrkr.c
00000000 l    df *ABS*	00000000 mlock.c
00000000 l    df *ABS*	00000000 nano-mallocr.c
00000000 l    df *ABS*	00000000 sbrk.c
20000894 l     O .bss	00000004 heap_end.0
00000000 l    df *ABS*	00000000 crti.o
00000000 l    df *ABS*	00000000 crtn.o
00000000 l    df *ABS*	00000000 impure.c
20000008 l     O .data	00000060 impure_data
00000000 l    df *ABS*	00000000 reent.c
00000000 l    df *ABS*	00000000 
080012b4 l       .fini_array	00000000 __fini_array_end
080012b0 l       .fini_array	00000000 __fini_array_start
080012ac l       .init_array	00000000 __init_array_end
080012a8 l       .preinit_array	00000000 __preinit_array_end
080012a8 l       .init_array	00000000 __init_array_start
080012a8 l       .preinit_array	00000000 __preinit_array_start
0800089c  w    F .text	00000002 RTC_Alarm_IRQHandler
080011b4 g     F .text	00000010 _malloc_usable_size_r
0800089c  w    F .text	00000002 EXTI2_IRQHandler
0800089c  w    F .text	00000002 TIM8_TRG_COM_IRQHandler
0800089c  w    F .text	00000002 TIM8_CC_IRQHandler
0800089c  w    F .text	00000002 DebugMon_Handler
0800089c  w    F .text	00000002 TIM1_CC_IRQHandler
0800089c  w    F .text	00000002 TSC_IRQHandler
0800089c  w    F .text	00000002 HardFault_Handler
080011a8 g     F .text	0000000c __malloc_unlock
00000400 g       *ABS*	00000000 _Min_Stack_Size
08000574 g     F .text	00000028 uart_baud_gen
0800089c  w    F .text	00000002 SysTick_Handler
08000f28 g     F .text	00000034 memmove
0800089c  w    F .text	00000002 TAMP_STAMP_IRQHandler
080012b8 g       *ABS*	00000000 _sidata
0800089c  w    F .text	00000002 PendSV_Handler
0800089c  w    F .text	00000002 NMI_Handler
080012a8 g       .ARM	00000000 __exidx_end
0800089c  w    F .text	00000002 EXTI3_IRQHandler
08000428 g     F .text	0000005c uart_receive
080003c4 g     F .text	00000064 uart_send
0800089c  w    F .text	00000002 LPTIM2_IRQHandler
0800089c  w    F .text	00000002 DFSDM1_FLT1_IRQHandler
20000890 g     O .bss	00000004 errno
080011f8 g       .text	00000000 _etext
20000068 g       .bss	00000000 _sbss
0800089c  w    F .text	00000002 GFXMMU_IRQHandler
0800089c  w    F .text	00000002 I2C3_ER_IRQHandler
0800089c  w    F .text	00000002 DFSDM1_FLT2_IRQHandler
08000f0c g     F .text	0000001c memcpy
20000084 g     O .bss	00000800 msg_buffer
080009f0 g     F .text	000001fc _svfprintf_r
0800089c  w    F .text	00000002 EXTI0_IRQHandler
08001244 g     O .rodata	00000030 MSIRangeTable
0800089c  w    F .text	00000002 I2C2_EV_IRQHandler
0800089c  w    F .text	00000002 CAN1_RX0_IRQHandler
0800089c  w    F .text	00000002 FPU_IRQHandler
20000000 g     O .data	00000004 SystemCoreClock
0800089c  w    F .text	00000002 TIM1_UP_TIM16_IRQHandler
0800089c  w    F .text	00000002 UsageFault_Handler
0800089c  w    F .text	00000002 LTDC_ER_IRQHandler
20000068 g       .bss	00000000 __bss_start__
20000000 g       .data	00000000 _sdata
0800089c  w    F .text	00000002 SPI1_IRQHandler
0800089c  w    F .text	00000002 OCTOSPI1_IRQHandler
0800117c g     F .text	00000020 _sbrk_r
0800089c  w    F .text	00000002 TIM6_DAC_IRQHandler
0800089c  w    F .text	00000002 DCMI_IRQHandler
0800089c  w    F .text	00000002 TIM8_UP_IRQHandler
080012a8 g       .ARM	00000000 __exidx_start
0800111c g     F .text	0000005e _realloc_r
080008a0 g     F .text	00000048 __libc_init_array
0800089c  w    F .text	00000002 OCTOSPI2_IRQHandler
0800089c  w    F .text	00000002 DMA2_Channel2_IRQHandler
0800089c  w    F .text	00000002 DMA1_Channel4_IRQHandler
0800089c  w    F .text	00000002 SAI2_IRQHandler
0800089c  w    F .text	00000002 ADC1_IRQHandler
080011c4 g     F .text	0000001c _sbrk
0800089c  w    F .text	00000002 DFSDM1_FLT3_IRQHandler
080011e0 g     F .text	00000000 _init
0800089c  w    F .text	00000002 USART3_IRQHandler
20000898 g       .bss	00000000 _ebss
0800089c  w    F .text	00000002 DMA1_Channel7_IRQHandler
0800084c  w    F .text	00000038 Reset_Handler
0800089c  w    F .text	00000002 CAN1_RX1_IRQHandler
0800089c  w    F .text	00000002 UART5_IRQHandler
20000884 g     O .bss	00000001 __lock___malloc_recursive_mutex
080005b4 g     F .text	00000040 led_on
0800089c  w    F .text	00000002 TIM4_IRQHandler
0800089c  w    F .text	00000002 DMA2_Channel1_IRQHandler
20000898 g       ._user_heap_stack	00000000 end
0800089c  w    F .text	00000002 I2C1_EV_IRQHandler
0800093a g     F .text	00000002 __retarget_lock_release_recursive
0800093c g     F .text	000000b4 __ssputs_r
0800089c  w    F .text	00000002 DMAMUX1_OVR_IRQHandler
0800089c  w    F .text	00000002 DMA1_Channel6_IRQHandler
0800059c g     F .text	00000016 uart_init
0800089c  w    F .text	00000002 UART4_IRQHandler
0800089c  w    F .text	00000002 DMA2_Channel4_IRQHandler
080001d0 g     F .text	00000000 memchr
20000898 g       .bss	00000000 __bss_end__
08000f5c g     F .text	00000098 _free_r
0800089c  w    F .text	00000002 TIM3_IRQHandler
0800089c  w    F .text	00000002 RCC_IRQHandler
00000200 g       *ABS*	00000000 _Min_Heap_Size
0800089c  w    F .text	00000002 DMA1_Channel1_IRQHandler
0800089c g       .text	00000002 Default_Handler
0800089c  w    F .text	00000002 DMA2_Channel7_IRQHandler
08001234 g     O .rodata	00000010 AHBPrescTable
0800089c  w    F .text	00000002 EXTI15_10_IRQHandler
0800089c  w    F .text	00000002 TIM7_IRQHandler
0800089c  w    F .text	00000002 SDMMC1_IRQHandler
0800089c  w    F .text	00000002 TIM5_IRQHandler
0800089c  w    F .text	00000002 I2C3_EV_IRQHandler
0800089c  w    F .text	00000002 EXTI9_5_IRQHandler
0800089c  w    F .text	00000002 RTC_WKUP_IRQHandler
0800089c  w    F .text	00000002 LTDC_IRQHandler
0800119c g     F .text	0000000c __malloc_lock
0800089c  w    F .text	00000002 PVD_PVM_IRQHandler
0800089c  w    F .text	00000002 SPI2_IRQHandler
08000938 g     F .text	00000002 __retarget_lock_acquire_recursive
080008e8 g     F .text	00000010 memset
0800089c  w    F .text	00000002 MemManage_Handler
080002e0 g     F .text	000000e4 main
0800089c  w    F .text	00000002 CAN1_TX_IRQHandler
0800089c  w    F .text	00000002 SVC_Handler
0800089c  w    F .text	00000002 DMA2_Channel5_IRQHandler
08001034 g     F .text	000000e8 _malloc_r
0800089c  w    F .text	00000002 DMA1_Channel5_IRQHandler
0800089c  w    F .text	00000002 EXTI4_IRQHandler
080006ac g     F .text	0000004c SystemInit
0800089c  w    F .text	00000002 RNG_IRQHandler
080011ec g     F .text	00000000 _fini
0800089c  w    F .text	00000002 TIM1_TRG_COM_TIM17_IRQHandler
080008f8 g     F .text	00000040 sprintf
080005f4 g     F .text	00000040 led_off
0800089c  w    F .text	00000002 DMA1_Channel3_IRQHandler
0800089c  w    F .text	00000002 COMP_IRQHandler
08000bec g     F .text	000000da _printf_common
20000004 g     O .data	00000004 _impure_ptr
0800089c  w    F .text	00000002 HASH_CRS_IRQHandler
080009f0 g     F .text	000001fc _svfiprintf_r
0800089c  w    F .text	00000002 WWDG_IRQHandler
0800089c  w    F .text	00000002 I2C4_EV_IRQHandler
0800089c  w    F .text	00000002 LPUART1_IRQHandler
0800089c  w    F .text	00000002 DMA2_Channel6_IRQHandler
0800089c  w    F .text	00000002 TIM2_IRQHandler
08000634 g     F .text	00000078 led_init
0800089c  w    F .text	00000002 DMA2D_IRQHandler
200a0000 g       .isr_vector	00000000 _estack
0800089c  w    F .text	00000002 EXTI1_IRQHandler
20000068 g       .data	00000000 _edata
0800089c  w    F .text	00000002 AES_IRQHandler
0800089c  w    F .text	00000002 USART2_IRQHandler
0800089c  w    F .text	00000002 DFSDM1_FLT0_IRQHandler
08000000 g     O .isr_vector	00000000 g_pfnVectors
080006f8 g     F .text	00000154 SystemCoreClockUpdate
0800089c  w    F .text	00000002 I2C2_ER_IRQHandler
0800089c  w    F .text	00000002 DMA1_Channel2_IRQHandler
080008f8 g     F .text	00000040 siprintf
0800089c  w    F .text	00000002 TIM8_BRK_IRQHandler
0800089c  w    F .text	00000002 CAN1_SCE_IRQHandler
0800089c  w    F .text	00000002 FLASH_IRQHandler
0800089c  w    F .text	00000002 BusFault_Handler
0800089c  w    F .text	00000002 USART1_IRQHandler
080001c0 g     F .text	00000010 strlen
0800089c  w    F .text	00000002 OTG_FS_IRQHandler
08000cc8 g     F .text	00000244 _printf_i
0800089c  w    F .text	00000002 SPI3_IRQHandler
2000088c g     O .bss	00000004 __malloc_sbrk_start
0800089c  w    F .text	00000002 I2C1_ER_IRQHandler
0800089c  w    F .text	00000002 FMC_IRQHandler
20000888 g     O .bss	00000004 __malloc_free_list
0800089c  w    F .text	00000002 LPTIM1_IRQHandler
0800089c  w    F .text	00000002 I2C4_ER_IRQHandler
0800089c  w    F .text	00000002 SAI1_IRQHandler
0800089c  w    F .text	00000002 DMA2_Channel3_IRQHandler
0800089c  w    F .text	00000002 TIM1_BRK_TIM15_IRQHandler



Disassembly of section .text:

080001c0 <strlen>:
 80001c0:	4603      	mov	r3, r0
 80001c2:	f813 2b01 	ldrb.w	r2, [r3], #1
 80001c6:	2a00      	cmp	r2, #0
 80001c8:	d1fb      	bne.n	80001c2 <strlen+0x2>
 80001ca:	1a18      	subs	r0, r3, r0
 80001cc:	3801      	subs	r0, #1
 80001ce:	4770      	bx	lr

080001d0 <memchr>:
 80001d0:	f001 01ff 	and.w	r1, r1, #255	; 0xff
 80001d4:	2a10      	cmp	r2, #16
 80001d6:	db2b      	blt.n	8000230 <memchr+0x60>
 80001d8:	f010 0f07 	tst.w	r0, #7
 80001dc:	d008      	beq.n	80001f0 <memchr+0x20>
 80001de:	f810 3b01 	ldrb.w	r3, [r0], #1
 80001e2:	3a01      	subs	r2, #1
 80001e4:	428b      	cmp	r3, r1
 80001e6:	d02d      	beq.n	8000244 <memchr+0x74>
 80001e8:	f010 0f07 	tst.w	r0, #7
 80001ec:	b342      	cbz	r2, 8000240 <memchr+0x70>
 80001ee:	d1f6      	bne.n	80001de <memchr+0xe>
 80001f0:	b4f0      	push	{r4, r5, r6, r7}
 80001f2:	ea41 2101 	orr.w	r1, r1, r1, lsl #8
 80001f6:	ea41 4101 	orr.w	r1, r1, r1, lsl #16
 80001fa:	f022 0407 	bic.w	r4, r2, #7
 80001fe:	f07f 0700 	mvns.w	r7, #0
 8000202:	2300      	movs	r3, #0
 8000204:	e8f0 5602 	ldrd	r5, r6, [r0], #8
 8000208:	3c08      	subs	r4, #8
 800020a:	ea85 0501 	eor.w	r5, r5, r1
 800020e:	ea86 0601 	eor.w	r6, r6, r1
 8000212:	fa85 f547 	uadd8	r5, r5, r7
 8000216:	faa3 f587 	sel	r5, r3, r7
 800021a:	fa86 f647 	uadd8	r6, r6, r7
 800021e:	faa5 f687 	sel	r6, r5, r7
 8000222:	b98e      	cbnz	r6, 8000248 <memchr+0x78>
 8000224:	d1ee      	bne.n	8000204 <memchr+0x34>
 8000226:	bcf0      	pop	{r4, r5, r6, r7}
 8000228:	f001 01ff 	and.w	r1, r1, #255	; 0xff
 800022c:	f002 0207 	and.w	r2, r2, #7
 8000230:	b132      	cbz	r2, 8000240 <memchr+0x70>
 8000232:	f810 3b01 	ldrb.w	r3, [r0], #1
 8000236:	3a01      	subs	r2, #1
 8000238:	ea83 0301 	eor.w	r3, r3, r1
 800023c:	b113      	cbz	r3, 8000244 <memchr+0x74>
 800023e:	d1f8      	bne.n	8000232 <memchr+0x62>
 8000240:	2000      	movs	r0, #0
 8000242:	4770      	bx	lr
 8000244:	3801      	subs	r0, #1
 8000246:	4770      	bx	lr
 8000248:	2d00      	cmp	r5, #0
 800024a:	bf06      	itte	eq
 800024c:	4635      	moveq	r5, r6
 800024e:	3803      	subeq	r0, #3
 8000250:	3807      	subne	r0, #7
 8000252:	f015 0f01 	tst.w	r5, #1
 8000256:	d107      	bne.n	8000268 <memchr+0x98>
 8000258:	3001      	adds	r0, #1
 800025a:	f415 7f80 	tst.w	r5, #256	; 0x100
 800025e:	bf02      	ittt	eq
 8000260:	3001      	addeq	r0, #1
 8000262:	f415 3fc0 	tsteq.w	r5, #98304	; 0x18000
 8000266:	3001      	addeq	r0, #1
 8000268:	bcf0      	pop	{r4, r5, r6, r7}
 800026a:	3801      	subs	r0, #1
 800026c:	4770      	bx	lr
 800026e:	bf00      	nop

08000270 <__do_global_dtors_aux>:
 8000270:	b510      	push	{r4, lr}
 8000272:	4c05      	ldr	r4, [pc, #20]	; (8000288 <__do_global_dtors_aux+0x18>)
 8000274:	7823      	ldrb	r3, [r4, #0]
 8000276:	b933      	cbnz	r3, 8000286 <__do_global_dtors_aux+0x16>
 8000278:	4b04      	ldr	r3, [pc, #16]	; (800028c <__do_global_dtors_aux+0x1c>)
 800027a:	b113      	cbz	r3, 8000282 <__do_global_dtors_aux+0x12>
 800027c:	4804      	ldr	r0, [pc, #16]	; (8000290 <__do_global_dtors_aux+0x20>)
 800027e:	f3af 8000 	nop.w
 8000282:	2301      	movs	r3, #1
 8000284:	7023      	strb	r3, [r4, #0]
 8000286:	bd10      	pop	{r4, pc}
 8000288:	20000068 	.word	0x20000068
 800028c:	00000000 	.word	0x00000000
 8000290:	080011e0 	.word	0x080011e0

08000294 <frame_dummy>:
 8000294:	b508      	push	{r3, lr}
 8000296:	4b03      	ldr	r3, [pc, #12]	; (80002a4 <frame_dummy+0x10>)
 8000298:	b11b      	cbz	r3, 80002a2 <frame_dummy+0xe>
 800029a:	4903      	ldr	r1, [pc, #12]	; (80002a8 <frame_dummy+0x14>)
 800029c:	4803      	ldr	r0, [pc, #12]	; (80002ac <frame_dummy+0x18>)
 800029e:	f3af 8000 	nop.w
 80002a2:	bd08      	pop	{r3, pc}
 80002a4:	00000000 	.word	0x00000000
 80002a8:	2000006c 	.word	0x2000006c
 80002ac:	080011e0 	.word	0x080011e0

080002b0 <send>:
	}
	return msg;
}

// Send size bytes at data pointer, using method defined by USE_DMA macro
static void send(void * data, size_t size) {
 80002b0:	b500      	push	{lr}
 80002b2:	b083      	sub	sp, #12
 80002b4:	9001      	str	r0, [sp, #4]
 80002b6:	9100      	str	r1, [sp, #0]
	if (USE_DMA) {
		uart_tx_start(data, size);
		uart_tx_wait();
	} else {
	*/
		uart_send(data, size);
 80002b8:	9900      	ldr	r1, [sp, #0]
 80002ba:	9801      	ldr	r0, [sp, #4]
 80002bc:	f000 f882 	bl	80003c4 <uart_send>
	//}
}
 80002c0:	bf00      	nop
 80002c2:	b003      	add	sp, #12
 80002c4:	f85d fb04 	ldr.w	pc, [sp], #4

080002c8 <receive>:

// Receive size bytes at buffer pointer, using method defined by USE_DMA macro
static void receive(void * buffer, size_t size) {
 80002c8:	b500      	push	{lr}
 80002ca:	b083      	sub	sp, #12
 80002cc:	9001      	str	r0, [sp, #4]
 80002ce:	9100      	str	r1, [sp, #0]
	if (USE_DMA) {
		uart_rx_start(buffer, size);
		uart_rx_wait();
	} else {
	*/
		uart_receive(buffer, size);
 80002d0:	9900      	ldr	r1, [sp, #0]
 80002d2:	9801      	ldr	r0, [sp, #4]
 80002d4:	f000 f8a8 	bl	8000428 <uart_receive>
	//}
}
 80002d8:	bf00      	nop
 80002da:	b003      	add	sp, #12
 80002dc:	f85d fb04 	ldr.w	pc, [sp], #4

080002e0 <main>:

int main(void) {
 80002e0:	b500      	push	{lr}
 80002e2:	f6ad 0d14 	subw	sp, sp, #2068	; 0x814
	char debug_msg[BUFFERSIZE] = {0};
 80002e6:	f50d 6301 	add.w	r3, sp, #2064	; 0x810
 80002ea:	f6a3 030c 	subw	r3, r3, #2060	; 0x80c
 80002ee:	2200      	movs	r2, #0
 80002f0:	601a      	str	r2, [r3, #0]
 80002f2:	3304      	adds	r3, #4
 80002f4:	f240 72fc 	movw	r2, #2044	; 0x7fc
 80002f8:	2100      	movs	r1, #0
 80002fa:	4618      	mov	r0, r3
 80002fc:	f000 faf4 	bl	80008e8 <memset>
	char * stripped_msg;
	size_t received_size=0;
 8000300:	2300      	movs	r3, #0
 8000302:	f8cd 3808 	str.w	r3, [sp, #2056]	; 0x808
	int discard_cali = 0; // Discard baud calibration character after first communication
 8000306:	2300      	movs	r3, #0
 8000308:	f8cd 380c 	str.w	r3, [sp, #2060]	; 0x80c

	uart_init();
 800030c:	f000 f946 	bl	800059c <uart_init>
	led_init();
 8000310:	f000 f990 	bl	8000634 <led_init>
	//uart_dma_init();

	while(1) {
		if (discard_cali) {
 8000314:	f8dd 380c 	ldr.w	r3, [sp, #2060]	; 0x80c
 8000318:	2b00      	cmp	r3, #0
 800031a:	d007      	beq.n	800032c <main+0x4c>
			// Discard Auto Baud calibration character
			receive(msg_buffer, 1);
 800031c:	2101      	movs	r1, #1
 800031e:	4827      	ldr	r0, [pc, #156]	; (80003bc <main+0xdc>)
 8000320:	f7ff ffd2 	bl	80002c8 <receive>
			memset(msg_buffer, 0, 1);
 8000324:	4b25      	ldr	r3, [pc, #148]	; (80003bc <main+0xdc>)
 8000326:	2200      	movs	r2, #0
 8000328:	701a      	strb	r2, [r3, #0]
 800032a:	e002      	b.n	8000332 <main+0x52>
		} else {
			discard_cali = 1;
 800032c:	2301      	movs	r3, #1
 800032e:	f8cd 380c 	str.w	r3, [sp, #2060]	; 0x80c
		}

		// Read received buffer size
		led_on(LD1);
 8000332:	2000      	movs	r0, #0
 8000334:	f000 f93e 	bl	80005b4 <led_on>
		receive(msg_buffer, sizeof(uint32_t));
 8000338:	2104      	movs	r1, #4
 800033a:	4820      	ldr	r0, [pc, #128]	; (80003bc <main+0xdc>)
 800033c:	f7ff ffc4 	bl	80002c8 <receive>
		received_size = READSIZE(msg_buffer);
 8000340:	4b1e      	ldr	r3, [pc, #120]	; (80003bc <main+0xdc>)
 8000342:	681b      	ldr	r3, [r3, #0]
 8000344:	f8cd 3808 	str.w	r3, [sp, #2056]	; 0x808
		memset(msg_buffer, 0, sizeof(uint32_t));
 8000348:	2204      	movs	r2, #4
 800034a:	2100      	movs	r1, #0
 800034c:	481b      	ldr	r0, [pc, #108]	; (80003bc <main+0xdc>)
 800034e:	f000 facb 	bl	80008e8 <memset>
		led_off(LD1);
 8000352:	2000      	movs	r0, #0
 8000354:	f000 f94e 	bl	80005f4 <led_off>

		// Send back buffer content
		if (received_size > BUFFERSIZE) {
 8000358:	f8dd 3808 	ldr.w	r3, [sp, #2056]	; 0x808
 800035c:	f5b3 6f00 	cmp.w	r3, #2048	; 0x800
 8000360:	d912      	bls.n	8000388 <main+0xa8>
			// Message too large
			sprintf(debug_msg, "Attempting to read %u bytes larger than buffer size %d.\n", (unsigned int)received_size, BUFFERSIZE);
 8000362:	a801      	add	r0, sp, #4
 8000364:	f44f 6300 	mov.w	r3, #2048	; 0x800
 8000368:	f8dd 2808 	ldr.w	r2, [sp, #2056]	; 0x808
 800036c:	4914      	ldr	r1, [pc, #80]	; (80003c0 <main+0xe0>)
 800036e:	f000 fac3 	bl	80008f8 <siprintf>
			send(debug_msg, strlen(debug_msg));
 8000372:	ab01      	add	r3, sp, #4
 8000374:	4618      	mov	r0, r3
 8000376:	f7ff ff23 	bl	80001c0 <strlen>
 800037a:	4602      	mov	r2, r0
 800037c:	ab01      	add	r3, sp, #4
 800037e:	4611      	mov	r1, r2
 8000380:	4618      	mov	r0, r3
 8000382:	f7ff ff95 	bl	80002b0 <send>
 8000386:	e7c5      	b.n	8000314 <main+0x34>
		} else {
			// Read message
			receive(msg_buffer, received_size);
 8000388:	f8dd 1808 	ldr.w	r1, [sp, #2056]	; 0x808
 800038c:	480b      	ldr	r0, [pc, #44]	; (80003bc <main+0xdc>)
 800038e:	f7ff ff9b 	bl	80002c8 <receive>

			// Echo message
			stripped_msg = msg_buffer;
 8000392:	4b0a      	ldr	r3, [pc, #40]	; (80003bc <main+0xdc>)
 8000394:	f8cd 3804 	str.w	r3, [sp, #2052]	; 0x804
			send(stripped_msg, strlen(stripped_msg));
 8000398:	f8dd 0804 	ldr.w	r0, [sp, #2052]	; 0x804
 800039c:	f7ff ff10 	bl	80001c0 <strlen>
 80003a0:	4603      	mov	r3, r0
 80003a2:	4619      	mov	r1, r3
 80003a4:	f8dd 0804 	ldr.w	r0, [sp, #2052]	; 0x804
 80003a8:	f7ff ff82 	bl	80002b0 <send>
			memset(msg_buffer, 0, received_size);
 80003ac:	f8dd 2808 	ldr.w	r2, [sp, #2056]	; 0x808
 80003b0:	2100      	movs	r1, #0
 80003b2:	4802      	ldr	r0, [pc, #8]	; (80003bc <main+0xdc>)
 80003b4:	f000 fa98 	bl	80008e8 <memset>
		if (discard_cali) {
 80003b8:	e7ac      	b.n	8000314 <main+0x34>
 80003ba:	bf00      	nop
 80003bc:	20000084 	.word	0x20000084
 80003c0:	080011f8 	.word	0x080011f8

080003c4 <uart_send>:
#include "uart.h"

char msg_buffer[BUFFERSIZE] = {0};

// Send content of pointer through uart
void uart_send(void * data, size_t size) {
 80003c4:	b084      	sub	sp, #16
 80003c6:	9001      	str	r0, [sp, #4]
 80003c8:	9100      	str	r1, [sp, #0]
    // UART4 TX enable, TE bit 3
    UART4->CR1 |= (1 << 3);
 80003ca:	4b16      	ldr	r3, [pc, #88]	; (8000424 <uart_send+0x60>)
 80003cc:	681b      	ldr	r3, [r3, #0]
 80003ce:	4a15      	ldr	r2, [pc, #84]	; (8000424 <uart_send+0x60>)
 80003d0:	f043 0308 	orr.w	r3, r3, #8
 80003d4:	6013      	str	r3, [r2, #0]

	for (size_t i=0; i<size; i++){
 80003d6:	2300      	movs	r3, #0
 80003d8:	9303      	str	r3, [sp, #12]
 80003da:	e00f      	b.n	80003fc <uart_send+0x38>
		// Wait until TXE bit is set
		while(!(UART4->ISR & (1 << 7)));
 80003dc:	bf00      	nop
 80003de:	4b11      	ldr	r3, [pc, #68]	; (8000424 <uart_send+0x60>)
 80003e0:	69db      	ldr	r3, [r3, #28]
 80003e2:	f003 0380 	and.w	r3, r3, #128	; 0x80
 80003e6:	2b00      	cmp	r3, #0
 80003e8:	d0f9      	beq.n	80003de <uart_send+0x1a>
		// Send character
		UART4->TDR = ((char *)data)[i];
 80003ea:	9a01      	ldr	r2, [sp, #4]
 80003ec:	9b03      	ldr	r3, [sp, #12]
 80003ee:	4413      	add	r3, r2
 80003f0:	781a      	ldrb	r2, [r3, #0]
 80003f2:	4b0c      	ldr	r3, [pc, #48]	; (8000424 <uart_send+0x60>)
 80003f4:	851a      	strh	r2, [r3, #40]	; 0x28
	for (size_t i=0; i<size; i++){
 80003f6:	9b03      	ldr	r3, [sp, #12]
 80003f8:	3301      	adds	r3, #1
 80003fa:	9303      	str	r3, [sp, #12]
 80003fc:	9a03      	ldr	r2, [sp, #12]
 80003fe:	9b00      	ldr	r3, [sp, #0]
 8000400:	429a      	cmp	r2, r3
 8000402:	d3eb      	bcc.n	80003dc <uart_send+0x18>
	}
	// Wait for character transmit complete - TC bit
	while(!(UART4->ISR & (1 << 6))) {};
 8000404:	bf00      	nop
 8000406:	4b07      	ldr	r3, [pc, #28]	; (8000424 <uart_send+0x60>)
 8000408:	69db      	ldr	r3, [r3, #28]
 800040a:	f003 0340 	and.w	r3, r3, #64	; 0x40
 800040e:	2b00      	cmp	r3, #0
 8000410:	d0f9      	beq.n	8000406 <uart_send+0x42>

    // UART4 TX disable, TE bit 3
    UART4->CR1 &= ~(1 << 3);
 8000412:	4b04      	ldr	r3, [pc, #16]	; (8000424 <uart_send+0x60>)
 8000414:	681b      	ldr	r3, [r3, #0]
 8000416:	4a03      	ldr	r2, [pc, #12]	; (8000424 <uart_send+0x60>)
 8000418:	f023 0308 	bic.w	r3, r3, #8
 800041c:	6013      	str	r3, [r2, #0]
}
 800041e:	bf00      	nop
 8000420:	b004      	add	sp, #16
 8000422:	4770      	bx	lr
 8000424:	40004c00 	.word	0x40004c00

08000428 <uart_receive>:

// Receive size bytes of content from uart and write it to buffer
void uart_receive(void * buffer, size_t size)  {
 8000428:	b084      	sub	sp, #16
 800042a:	9001      	str	r0, [sp, #4]
 800042c:	9100      	str	r1, [sp, #0]
    // UART4 RX enable, RE bit 2
    UART4->CR1 |= (1 << 2);
 800042e:	4b14      	ldr	r3, [pc, #80]	; (8000480 <uart_receive+0x58>)
 8000430:	681b      	ldr	r3, [r3, #0]
 8000432:	4a13      	ldr	r2, [pc, #76]	; (8000480 <uart_receive+0x58>)
 8000434:	f043 0304 	orr.w	r3, r3, #4
 8000438:	6013      	str	r3, [r2, #0]

	for (size_t i=0; i < size; i++) {
 800043a:	2300      	movs	r3, #0
 800043c:	9303      	str	r3, [sp, #12]
 800043e:	e011      	b.n	8000464 <uart_receive+0x3c>
		// Wait until RXNE bit is set
		while(!(UART4->ISR & (1 << 5)));
 8000440:	bf00      	nop
 8000442:	4b0f      	ldr	r3, [pc, #60]	; (8000480 <uart_receive+0x58>)
 8000444:	69db      	ldr	r3, [r3, #28]
 8000446:	f003 0320 	and.w	r3, r3, #32
 800044a:	2b00      	cmp	r3, #0
 800044c:	d0f9      	beq.n	8000442 <uart_receive+0x1a>
		// Receive character
		((char *)buffer)[i] = UART4->RDR;
 800044e:	4b0c      	ldr	r3, [pc, #48]	; (8000480 <uart_receive+0x58>)
 8000450:	8c9b      	ldrh	r3, [r3, #36]	; 0x24
 8000452:	b299      	uxth	r1, r3
 8000454:	9a01      	ldr	r2, [sp, #4]
 8000456:	9b03      	ldr	r3, [sp, #12]
 8000458:	4413      	add	r3, r2
 800045a:	b2ca      	uxtb	r2, r1
 800045c:	701a      	strb	r2, [r3, #0]
	for (size_t i=0; i < size; i++) {
 800045e:	9b03      	ldr	r3, [sp, #12]
 8000460:	3301      	adds	r3, #1
 8000462:	9303      	str	r3, [sp, #12]
 8000464:	9a03      	ldr	r2, [sp, #12]
 8000466:	9b00      	ldr	r3, [sp, #0]
 8000468:	429a      	cmp	r2, r3
 800046a:	d3e9      	bcc.n	8000440 <uart_receive+0x18>
	}

    // UART4 RX Disable, RE bit 2
    UART4->CR1 &= ~(1 << 2);
 800046c:	4b04      	ldr	r3, [pc, #16]	; (8000480 <uart_receive+0x58>)
 800046e:	681b      	ldr	r3, [r3, #0]
 8000470:	4a03      	ldr	r2, [pc, #12]	; (8000480 <uart_receive+0x58>)
 8000472:	f023 0304 	bic.w	r3, r3, #4
 8000476:	6013      	str	r3, [r2, #0]

}
 8000478:	bf00      	nop
 800047a:	b004      	add	sp, #16
 800047c:	4770      	bx	lr
 800047e:	bf00      	nop
 8000480:	40004c00 	.word	0x40004c00

08000484 <uart_pin_setup>:

// Setup GPIO A2 and A3 pins for UART
static void uart_pin_setup(void) {
    // Enable GPIOA clock, bit 0 on AHB2ENR
    RCC->AHB2ENR |= (1 << 0);
 8000484:	4b17      	ldr	r3, [pc, #92]	; (80004e4 <uart_pin_setup+0x60>)
 8000486:	6cdb      	ldr	r3, [r3, #76]	; 0x4c
 8000488:	4a16      	ldr	r2, [pc, #88]	; (80004e4 <uart_pin_setup+0x60>)
 800048a:	f043 0301 	orr.w	r3, r3, #1
 800048e:	64d3      	str	r3, [r2, #76]	; 0x4c

    // Set pin modes as alternate mode 7 (PA0 and PA1)
    // UART4 TX and RX pins are PA0 (D1) and PA1(D0) respectively 
    GPIOA->MODER &= ~(0xFU << 0);
 8000490:	f04f 4390 	mov.w	r3, #1207959552	; 0x48000000
 8000494:	681b      	ldr	r3, [r3, #0]
 8000496:	f04f 4290 	mov.w	r2, #1207959552	; 0x48000000
 800049a:	f023 030f 	bic.w	r3, r3, #15
 800049e:	6013      	str	r3, [r2, #0]
    GPIOA->MODER |=  (0xAU << 0);
 80004a0:	f04f 4390 	mov.w	r3, #1207959552	; 0x48000000
 80004a4:	681b      	ldr	r3, [r3, #0]
 80004a6:	f04f 4290 	mov.w	r2, #1207959552	; 0x48000000
 80004aa:	f043 030a 	orr.w	r3, r3, #10
 80004ae:	6013      	str	r3, [r2, #0]

    // Set pin modes as high speed
    GPIOA->OSPEEDR |= 0x0000000F;
 80004b0:	f04f 4390 	mov.w	r3, #1207959552	; 0x48000000
 80004b4:	689b      	ldr	r3, [r3, #8]
 80004b6:	f04f 4290 	mov.w	r2, #1207959552	; 0x48000000
 80004ba:	f043 030f 	orr.w	r3, r3, #15
 80004be:	6093      	str	r3, [r2, #8]

    // Choose AF8 for UART4 in Alternate Function registers
    GPIOA->AFR[0] |= (0x8U << 0); // for pin A0
 80004c0:	f04f 4390 	mov.w	r3, #1207959552	; 0x48000000
 80004c4:	6a1b      	ldr	r3, [r3, #32]
 80004c6:	f04f 4290 	mov.w	r2, #1207959552	; 0x48000000
 80004ca:	f043 0308 	orr.w	r3, r3, #8
 80004ce:	6213      	str	r3, [r2, #32]
    GPIOA->AFR[0] |= (0x8U << 4); // for pin A1
 80004d0:	f04f 4390 	mov.w	r3, #1207959552	; 0x48000000
 80004d4:	6a1b      	ldr	r3, [r3, #32]
 80004d6:	f04f 4290 	mov.w	r2, #1207959552	; 0x48000000
 80004da:	f043 0380 	orr.w	r3, r3, #128	; 0x80
 80004de:	6213      	str	r3, [r2, #32]
}
 80004e0:	bf00      	nop
 80004e2:	4770      	bx	lr
 80004e4:	40021000 	.word	0x40021000

080004e8 <uart_enable>:

// Initialize UART 4
static void uart_enable(void) {
    // enable UART4 clock
    RCC->APB1ENR1 |= (1 << 19);
 80004e8:	4b20      	ldr	r3, [pc, #128]	; (800056c <uart_enable+0x84>)
 80004ea:	6d9b      	ldr	r3, [r3, #88]	; 0x58
 80004ec:	4a1f      	ldr	r2, [pc, #124]	; (800056c <uart_enable+0x84>)
 80004ee:	f443 2300 	orr.w	r3, r3, #524288	; 0x80000
 80004f2:	6593      	str	r3, [r2, #88]	; 0x58

	// Select Sysclk as UART4 Source
	// RCC->CCIPR |= (1U << 6);

    // Disable uart4 - UE, bit 0
    UART4->CR1 &= ~(1 << 0);
 80004f4:	4b1e      	ldr	r3, [pc, #120]	; (8000570 <uart_enable+0x88>)
 80004f6:	681b      	ldr	r3, [r3, #0]
 80004f8:	4a1d      	ldr	r2, [pc, #116]	; (8000570 <uart_enable+0x88>)
 80004fa:	f023 0301 	bic.w	r3, r3, #1
 80004fe:	6013      	str	r3, [r2, #0]

	// Disable FIFO mode
	UART4->CR1 &= ~(1<<20);
 8000500:	4b1b      	ldr	r3, [pc, #108]	; (8000570 <uart_enable+0x88>)
 8000502:	681b      	ldr	r3, [r3, #0]
 8000504:	4a1a      	ldr	r2, [pc, #104]	; (8000570 <uart_enable+0x88>)
 8000506:	f423 1380 	bic.w	r3, r3, #1048576	; 0x100000
 800050a:	6013      	str	r3, [r2, #0]

	// Set word size to 8
	UART4->CR1 &= ~(1U<<12 | 1U<<28);
 800050c:	4b18      	ldr	r3, [pc, #96]	; (8000570 <uart_enable+0x88>)
 800050e:	681b      	ldr	r3, [r3, #0]
 8000510:	4a17      	ldr	r2, [pc, #92]	; (8000570 <uart_enable+0x88>)
 8000512:	f023 2310 	bic.w	r3, r3, #268439552	; 0x10001000
 8000516:	6013      	str	r3, [r2, #0]

	// OVER8 = 0
	UART4->CR1 &= ~(1<<15);
 8000518:	4b15      	ldr	r3, [pc, #84]	; (8000570 <uart_enable+0x88>)
 800051a:	681b      	ldr	r3, [r3, #0]
 800051c:	4a14      	ldr	r2, [pc, #80]	; (8000570 <uart_enable+0x88>)
 800051e:	f423 4300 	bic.w	r3, r3, #32768	; 0x8000
 8000522:	6013      	str	r3, [r2, #0]

	// For STM32L4S5: Sysclk = 120 Mhz (Sysclk/2), Baudrate = 115200, OVER8 = 0
	// USARTDIV = (1+OVER8) * fCK / baud
	// USARTDIV = 120Mhz / 115200 = 1041.67 ~ 1042
    UART4->BRR = 1042U;
 8000524:	4b12      	ldr	r3, [pc, #72]	; (8000570 <uart_enable+0x88>)
 8000526:	f240 4212 	movw	r2, #1042	; 0x412
 800052a:	60da      	str	r2, [r3, #12]

	// Set stop bits to 1
	UART4->CR2 &= ~(0xF << 12);
 800052c:	4b10      	ldr	r3, [pc, #64]	; (8000570 <uart_enable+0x88>)
 800052e:	685b      	ldr	r3, [r3, #4]
 8000530:	4a0f      	ldr	r2, [pc, #60]	; (8000570 <uart_enable+0x88>)
 8000532:	f423 4370 	bic.w	r3, r3, #61440	; 0xf000
 8000536:	6053      	str	r3, [r2, #4]

	// Disable parity
	UART4->CR1 &= ~(1<<10);
 8000538:	4b0d      	ldr	r3, [pc, #52]	; (8000570 <uart_enable+0x88>)
 800053a:	681b      	ldr	r3, [r3, #0]
 800053c:	4a0c      	ldr	r2, [pc, #48]	; (8000570 <uart_enable+0x88>)
 800053e:	f423 6380 	bic.w	r3, r3, #1024	; 0x400
 8000542:	6013      	str	r3, [r2, #0]

	// Set Auto Baud detection to 0x55 frame detection
	UART4->CR2 |= (3U<<21);
 8000544:	4b0a      	ldr	r3, [pc, #40]	; (8000570 <uart_enable+0x88>)
 8000546:	685b      	ldr	r3, [r3, #4]
 8000548:	4a09      	ldr	r2, [pc, #36]	; (8000570 <uart_enable+0x88>)
 800054a:	f443 03c0 	orr.w	r3, r3, #6291456	; 0x600000
 800054e:	6053      	str	r3, [r2, #4]
	
	// Enable Auto Baud detection
	UART4->CR2 |= (1<<20);
 8000550:	4b07      	ldr	r3, [pc, #28]	; (8000570 <uart_enable+0x88>)
 8000552:	685b      	ldr	r3, [r3, #4]
 8000554:	4a06      	ldr	r2, [pc, #24]	; (8000570 <uart_enable+0x88>)
 8000556:	f443 1380 	orr.w	r3, r3, #1048576	; 0x100000
 800055a:	6053      	str	r3, [r2, #4]

    // Enable uart4 - UE, bit 0
    UART4->CR1 |= (1 << 0);
 800055c:	4b04      	ldr	r3, [pc, #16]	; (8000570 <uart_enable+0x88>)
 800055e:	681b      	ldr	r3, [r3, #0]
 8000560:	4a03      	ldr	r2, [pc, #12]	; (8000570 <uart_enable+0x88>)
 8000562:	f043 0301 	orr.w	r3, r3, #1
 8000566:	6013      	str	r3, [r2, #0]
}	
 8000568:	bf00      	nop
 800056a:	4770      	bx	lr
 800056c:	40021000 	.word	0x40021000
 8000570:	40004c00 	.word	0x40004c00

08000574 <uart_baud_gen>:

void uart_baud_gen(void) {
 8000574:	b500      	push	{lr}
 8000576:	b085      	sub	sp, #20
	char temp[8] = {0};
 8000578:	2300      	movs	r3, #0
 800057a:	9301      	str	r3, [sp, #4]
 800057c:	2300      	movs	r3, #0
 800057e:	9302      	str	r3, [sp, #8]
	volatile uint32_t * brr = &(UART4->BRR);
 8000580:	4b05      	ldr	r3, [pc, #20]	; (8000598 <uart_baud_gen+0x24>)
 8000582:	9303      	str	r3, [sp, #12]
	uart_receive(temp, 1);
 8000584:	ab01      	add	r3, sp, #4
 8000586:	2101      	movs	r1, #1
 8000588:	4618      	mov	r0, r3
 800058a:	f7ff ff4d 	bl	8000428 <uart_receive>
}
 800058e:	bf00      	nop
 8000590:	b005      	add	sp, #20
 8000592:	f85d fb04 	ldr.w	pc, [sp], #4
 8000596:	bf00      	nop
 8000598:	40004c0c 	.word	0x40004c0c

0800059c <uart_init>:

void uart_init(void)
{
 800059c:	b508      	push	{r3, lr}
    /* Update system clock */
	SystemCoreClockUpdate();
 800059e:	f000 f8ab 	bl	80006f8 <SystemCoreClockUpdate>

	uart_pin_setup();
 80005a2:	f7ff ff6f 	bl	8000484 <uart_pin_setup>
	uart_enable();
 80005a6:	f7ff ff9f 	bl	80004e8 <uart_enable>
	uart_baud_gen();
 80005aa:	f7ff ffe3 	bl	8000574 <uart_baud_gen>
}
 80005ae:	bf00      	nop
 80005b0:	bd08      	pop	{r3, pc}
	...

080005b4 <led_on>:

// Turn on LED
void led_on(led l) {
 80005b4:	b082      	sub	sp, #8
 80005b6:	4603      	mov	r3, r0
 80005b8:	f88d 3007 	strb.w	r3, [sp, #7]
	switch (l) {
 80005bc:	f89d 3007 	ldrb.w	r3, [sp, #7]
 80005c0:	2b00      	cmp	r3, #0
 80005c2:	d002      	beq.n	80005ca <led_on+0x16>
 80005c4:	2b01      	cmp	r3, #1
 80005c6:	d009      	beq.n	80005dc <led_on+0x28>
			break;
		case LD2:
			GPIOB->ODR |= (1U<<14);
			break;
		default:
			break;
 80005c8:	e00f      	b.n	80005ea <led_on+0x36>
			GPIOA->ODR |= (1U<<5);
 80005ca:	f04f 4390 	mov.w	r3, #1207959552	; 0x48000000
 80005ce:	695b      	ldr	r3, [r3, #20]
 80005d0:	f04f 4290 	mov.w	r2, #1207959552	; 0x48000000
 80005d4:	f043 0320 	orr.w	r3, r3, #32
 80005d8:	6153      	str	r3, [r2, #20]
			break;
 80005da:	e006      	b.n	80005ea <led_on+0x36>
			GPIOB->ODR |= (1U<<14);
 80005dc:	4b04      	ldr	r3, [pc, #16]	; (80005f0 <led_on+0x3c>)
 80005de:	695b      	ldr	r3, [r3, #20]
 80005e0:	4a03      	ldr	r2, [pc, #12]	; (80005f0 <led_on+0x3c>)
 80005e2:	f443 4380 	orr.w	r3, r3, #16384	; 0x4000
 80005e6:	6153      	str	r3, [r2, #20]
			break;
 80005e8:	bf00      	nop
	}
}
 80005ea:	bf00      	nop
 80005ec:	b002      	add	sp, #8
 80005ee:	4770      	bx	lr
 80005f0:	48000400 	.word	0x48000400

080005f4 <led_off>:

// Turn off LED
void led_off(led l) {
 80005f4:	b082      	sub	sp, #8
 80005f6:	4603      	mov	r3, r0
 80005f8:	f88d 3007 	strb.w	r3, [sp, #7]
	switch (l) {
 80005fc:	f89d 3007 	ldrb.w	r3, [sp, #7]
 8000600:	2b00      	cmp	r3, #0
 8000602:	d002      	beq.n	800060a <led_off+0x16>
 8000604:	2b01      	cmp	r3, #1
 8000606:	d009      	beq.n	800061c <led_off+0x28>
			break;
		case LD2:
			GPIOB->ODR &= ~(1U<<14);
			break;
		default:
			break;
 8000608:	e00f      	b.n	800062a <led_off+0x36>
			GPIOA->ODR &= ~(1U<<5);
 800060a:	f04f 4390 	mov.w	r3, #1207959552	; 0x48000000
 800060e:	695b      	ldr	r3, [r3, #20]
 8000610:	f04f 4290 	mov.w	r2, #1207959552	; 0x48000000
 8000614:	f023 0320 	bic.w	r3, r3, #32
 8000618:	6153      	str	r3, [r2, #20]
			break;
 800061a:	e006      	b.n	800062a <led_off+0x36>
			GPIOB->ODR &= ~(1U<<14);
 800061c:	4b04      	ldr	r3, [pc, #16]	; (8000630 <led_off+0x3c>)
 800061e:	695b      	ldr	r3, [r3, #20]
 8000620:	4a03      	ldr	r2, [pc, #12]	; (8000630 <led_off+0x3c>)
 8000622:	f423 4380 	bic.w	r3, r3, #16384	; 0x4000
 8000626:	6153      	str	r3, [r2, #20]
			break;
 8000628:	bf00      	nop
	}
}
 800062a:	bf00      	nop
 800062c:	b002      	add	sp, #8
 800062e:	4770      	bx	lr
 8000630:	48000400 	.word	0x48000400

08000634 <led_init>:
}

// Setup LED GPIO
void led_init(void) {
	// Enable GPIOA and GPIOB clock
	RCC->AHB2ENR |= (1U << 0);
 8000634:	4b1b      	ldr	r3, [pc, #108]	; (80006a4 <led_init+0x70>)
 8000636:	6cdb      	ldr	r3, [r3, #76]	; 0x4c
 8000638:	4a1a      	ldr	r2, [pc, #104]	; (80006a4 <led_init+0x70>)
 800063a:	f043 0301 	orr.w	r3, r3, #1
 800063e:	64d3      	str	r3, [r2, #76]	; 0x4c
	RCC->AHB2ENR |= (1U << 1);
 8000640:	4b18      	ldr	r3, [pc, #96]	; (80006a4 <led_init+0x70>)
 8000642:	6cdb      	ldr	r3, [r3, #76]	; 0x4c
 8000644:	4a17      	ldr	r2, [pc, #92]	; (80006a4 <led_init+0x70>)
 8000646:	f043 0302 	orr.w	r3, r3, #2
 800064a:	64d3      	str	r3, [r2, #76]	; 0x4c

	// Turn on output mode on A5 and B14
	GPIOA->MODER &= ~(0xFU << 10);
 800064c:	f04f 4390 	mov.w	r3, #1207959552	; 0x48000000
 8000650:	681b      	ldr	r3, [r3, #0]
 8000652:	f04f 4290 	mov.w	r2, #1207959552	; 0x48000000
 8000656:	f423 5370 	bic.w	r3, r3, #15360	; 0x3c00
 800065a:	6013      	str	r3, [r2, #0]
	GPIOA->MODER |= (1U << 10);
 800065c:	f04f 4390 	mov.w	r3, #1207959552	; 0x48000000
 8000660:	681b      	ldr	r3, [r3, #0]
 8000662:	f04f 4290 	mov.w	r2, #1207959552	; 0x48000000
 8000666:	f443 6380 	orr.w	r3, r3, #1024	; 0x400
 800066a:	6013      	str	r3, [r2, #0]
	GPIOB->MODER &= ~(0xFU << 28);
 800066c:	4b0e      	ldr	r3, [pc, #56]	; (80006a8 <led_init+0x74>)
 800066e:	681b      	ldr	r3, [r3, #0]
 8000670:	4a0d      	ldr	r2, [pc, #52]	; (80006a8 <led_init+0x74>)
 8000672:	f023 4370 	bic.w	r3, r3, #4026531840	; 0xf0000000
 8000676:	6013      	str	r3, [r2, #0]
	GPIOB->MODER |= (1U << 28);
 8000678:	4b0b      	ldr	r3, [pc, #44]	; (80006a8 <led_init+0x74>)
 800067a:	681b      	ldr	r3, [r3, #0]
 800067c:	4a0a      	ldr	r2, [pc, #40]	; (80006a8 <led_init+0x74>)
 800067e:	f043 5380 	orr.w	r3, r3, #268435456	; 0x10000000
 8000682:	6013      	str	r3, [r2, #0]

	// Turn off LEDs
	GPIOA->ODR &= ~(1U<<5);
 8000684:	f04f 4390 	mov.w	r3, #1207959552	; 0x48000000
 8000688:	695b      	ldr	r3, [r3, #20]
 800068a:	f04f 4290 	mov.w	r2, #1207959552	; 0x48000000
 800068e:	f023 0320 	bic.w	r3, r3, #32
 8000692:	6153      	str	r3, [r2, #20]
	GPIOB->ODR &= ~(1U<<14);
 8000694:	4b04      	ldr	r3, [pc, #16]	; (80006a8 <led_init+0x74>)
 8000696:	695b      	ldr	r3, [r3, #20]
 8000698:	4a03      	ldr	r2, [pc, #12]	; (80006a8 <led_init+0x74>)
 800069a:	f423 4380 	bic.w	r3, r3, #16384	; 0x4000
 800069e:	6153      	str	r3, [r2, #20]
}
 80006a0:	bf00      	nop
 80006a2:	4770      	bx	lr
 80006a4:	40021000 	.word	0x40021000
 80006a8:	48000400 	.word	0x48000400

080006ac <SystemInit>:
  SCB->VTOR = VECT_TAB_BASE_ADDRESS | VECT_TAB_OFFSET;
#endif

  /* FPU settings ------------------------------------------------------------*/
#if (__FPU_PRESENT == 1) && (__FPU_USED == 1)
  SCB->CPACR |= ((3UL << 20U)|(3UL << 22U));  /* set CP10 and CP11 Full Access */
 80006ac:	4b10      	ldr	r3, [pc, #64]	; (80006f0 <SystemInit+0x44>)
 80006ae:	f8d3 3088 	ldr.w	r3, [r3, #136]	; 0x88
 80006b2:	4a0f      	ldr	r2, [pc, #60]	; (80006f0 <SystemInit+0x44>)
 80006b4:	f443 0370 	orr.w	r3, r3, #15728640	; 0xf00000
 80006b8:	f8c2 3088 	str.w	r3, [r2, #136]	; 0x88
#endif

  	// Set MSION bit
	RCC->CR |= 1U<<0;
 80006bc:	4b0d      	ldr	r3, [pc, #52]	; (80006f4 <SystemInit+0x48>)
 80006be:	681b      	ldr	r3, [r3, #0]
 80006c0:	4a0c      	ldr	r2, [pc, #48]	; (80006f4 <SystemInit+0x48>)
 80006c2:	f043 0301 	orr.w	r3, r3, #1
 80006c6:	6013      	str	r3, [r2, #0]

	// Reset HSEON, CSSON, PLLON, and HSEBYP bit
	RCC->CR &= ~((1U<<16) | (1U<<19) | (1U<<24) | (1U<<18));
 80006c8:	4b0a      	ldr	r3, [pc, #40]	; (80006f4 <SystemInit+0x48>)
 80006ca:	681b      	ldr	r3, [r3, #0]
 80006cc:	4a09      	ldr	r2, [pc, #36]	; (80006f4 <SystemInit+0x48>)
 80006ce:	f023 7386 	bic.w	r3, r3, #17563648	; 0x10c0000
 80006d2:	f423 3380 	bic.w	r3, r3, #65536	; 0x10000
 80006d6:	6013      	str	r3, [r2, #0]
	// Reset RCC clock configuration
	RCC->CFGR = 0x00000000;
 80006d8:	4b06      	ldr	r3, [pc, #24]	; (80006f4 <SystemInit+0x48>)
 80006da:	2200      	movs	r2, #0
 80006dc:	609a      	str	r2, [r3, #8]
	RCC->PLLCFGR = 0x00001000;	
 80006de:	4b05      	ldr	r3, [pc, #20]	; (80006f4 <SystemInit+0x48>)
 80006e0:	f44f 5280 	mov.w	r2, #4096	; 0x1000
 80006e4:	60da      	str	r2, [r3, #12]
	// Disable all clock interrupts
	RCC->CIER = 0x00000000;
 80006e6:	4b03      	ldr	r3, [pc, #12]	; (80006f4 <SystemInit+0x48>)
 80006e8:	2200      	movs	r2, #0
 80006ea:	619a      	str	r2, [r3, #24]
}
 80006ec:	bf00      	nop
 80006ee:	4770      	bx	lr
 80006f0:	e000ed00 	.word	0xe000ed00
 80006f4:	40021000 	.word	0x40021000

080006f8 <SystemCoreClockUpdate>:
  *           value for HSE crystal.
  *
  * @retval None
  */
void SystemCoreClockUpdate(void)
{
 80006f8:	b086      	sub	sp, #24
  uint32_t tmp, msirange, pllvco, pllsource, pllm, pllr;

  /* Get MSI Range frequency--------------------------------------------------*/
  if ((RCC->CR & RCC_CR_MSIRGSEL) == 0U)
 80006fa:	4b4e      	ldr	r3, [pc, #312]	; (8000834 <SystemCoreClockUpdate+0x13c>)
 80006fc:	681b      	ldr	r3, [r3, #0]
 80006fe:	f003 0308 	and.w	r3, r3, #8
 8000702:	2b00      	cmp	r3, #0
 8000704:	d107      	bne.n	8000716 <SystemCoreClockUpdate+0x1e>
  { /* MSISRANGE from RCC_CSR applies */
    msirange = (RCC->CSR & RCC_CSR_MSISRANGE) >> 8U;
 8000706:	4b4b      	ldr	r3, [pc, #300]	; (8000834 <SystemCoreClockUpdate+0x13c>)
 8000708:	f8d3 3094 	ldr.w	r3, [r3, #148]	; 0x94
 800070c:	0a1b      	lsrs	r3, r3, #8
 800070e:	f003 030f 	and.w	r3, r3, #15
 8000712:	9305      	str	r3, [sp, #20]
 8000714:	e005      	b.n	8000722 <SystemCoreClockUpdate+0x2a>
  }
  else
  { /* MSIRANGE from RCC_CR applies */
    msirange = (RCC->CR & RCC_CR_MSIRANGE) >> 4U;
 8000716:	4b47      	ldr	r3, [pc, #284]	; (8000834 <SystemCoreClockUpdate+0x13c>)
 8000718:	681b      	ldr	r3, [r3, #0]
 800071a:	091b      	lsrs	r3, r3, #4
 800071c:	f003 030f 	and.w	r3, r3, #15
 8000720:	9305      	str	r3, [sp, #20]
  }
  /*MSI frequency range in HZ*/
  msirange = MSIRangeTable[msirange];
 8000722:	4a45      	ldr	r2, [pc, #276]	; (8000838 <SystemCoreClockUpdate+0x140>)
 8000724:	9b05      	ldr	r3, [sp, #20]
 8000726:	f852 3023 	ldr.w	r3, [r2, r3, lsl #2]
 800072a:	9305      	str	r3, [sp, #20]

  /* Get SYSCLK source -------------------------------------------------------*/
  switch (RCC->CFGR & RCC_CFGR_SWS)
 800072c:	4b41      	ldr	r3, [pc, #260]	; (8000834 <SystemCoreClockUpdate+0x13c>)
 800072e:	689b      	ldr	r3, [r3, #8]
 8000730:	f003 030c 	and.w	r3, r3, #12
 8000734:	2b0c      	cmp	r3, #12
 8000736:	d866      	bhi.n	8000806 <SystemCoreClockUpdate+0x10e>
 8000738:	a201      	add	r2, pc, #4	; (adr r2, 8000740 <SystemCoreClockUpdate+0x48>)
 800073a:	f852 f023 	ldr.w	pc, [r2, r3, lsl #2]
 800073e:	bf00      	nop
 8000740:	08000775 	.word	0x08000775
 8000744:	08000807 	.word	0x08000807
 8000748:	08000807 	.word	0x08000807
 800074c:	08000807 	.word	0x08000807
 8000750:	0800077d 	.word	0x0800077d
 8000754:	08000807 	.word	0x08000807
 8000758:	08000807 	.word	0x08000807
 800075c:	08000807 	.word	0x08000807
 8000760:	08000785 	.word	0x08000785
 8000764:	08000807 	.word	0x08000807
 8000768:	08000807 	.word	0x08000807
 800076c:	08000807 	.word	0x08000807
 8000770:	0800078d 	.word	0x0800078d
  {
    case 0x00:  /* MSI used as system clock source */
      SystemCoreClock = msirange;
 8000774:	4a31      	ldr	r2, [pc, #196]	; (800083c <SystemCoreClockUpdate+0x144>)
 8000776:	9b05      	ldr	r3, [sp, #20]
 8000778:	6013      	str	r3, [r2, #0]
      break;
 800077a:	e048      	b.n	800080e <SystemCoreClockUpdate+0x116>

    case 0x04:  /* HSI used as system clock source */
      SystemCoreClock = HSI_VALUE;
 800077c:	4b2f      	ldr	r3, [pc, #188]	; (800083c <SystemCoreClockUpdate+0x144>)
 800077e:	4a30      	ldr	r2, [pc, #192]	; (8000840 <SystemCoreClockUpdate+0x148>)
 8000780:	601a      	str	r2, [r3, #0]
      break;
 8000782:	e044      	b.n	800080e <SystemCoreClockUpdate+0x116>

    case 0x08:  /* HSE used as system clock source */
      SystemCoreClock = HSE_VALUE;
 8000784:	4b2d      	ldr	r3, [pc, #180]	; (800083c <SystemCoreClockUpdate+0x144>)
 8000786:	4a2f      	ldr	r2, [pc, #188]	; (8000844 <SystemCoreClockUpdate+0x14c>)
 8000788:	601a      	str	r2, [r3, #0]
      break;
 800078a:	e040      	b.n	800080e <SystemCoreClockUpdate+0x116>

    case 0x0C:  /* PLL used as system clock  source */
      /* PLL_VCO = (HSE_VALUE or HSI_VALUE or MSI_VALUE/ PLLM) * PLLN
         SYSCLK = PLL_VCO / PLLR
         */
      pllsource = (RCC->PLLCFGR & RCC_PLLCFGR_PLLSRC);
 800078c:	4b29      	ldr	r3, [pc, #164]	; (8000834 <SystemCoreClockUpdate+0x13c>)
 800078e:	68db      	ldr	r3, [r3, #12]
 8000790:	f003 0303 	and.w	r3, r3, #3
 8000794:	9303      	str	r3, [sp, #12]
      pllm = ((RCC->PLLCFGR & RCC_PLLCFGR_PLLM) >> 4U) + 1U ;
 8000796:	4b27      	ldr	r3, [pc, #156]	; (8000834 <SystemCoreClockUpdate+0x13c>)
 8000798:	68db      	ldr	r3, [r3, #12]
 800079a:	091b      	lsrs	r3, r3, #4
 800079c:	f003 030f 	and.w	r3, r3, #15
 80007a0:	3301      	adds	r3, #1
 80007a2:	9302      	str	r3, [sp, #8]
 80007a4:	9b03      	ldr	r3, [sp, #12]
 80007a6:	2b02      	cmp	r3, #2
 80007a8:	d003      	beq.n	80007b2 <SystemCoreClockUpdate+0xba>
 80007aa:	9b03      	ldr	r3, [sp, #12]
 80007ac:	2b03      	cmp	r3, #3
 80007ae:	d006      	beq.n	80007be <SystemCoreClockUpdate+0xc6>
 80007b0:	e00b      	b.n	80007ca <SystemCoreClockUpdate+0xd2>

      switch (pllsource)
      {
        case 0x02:  /* HSI used as PLL clock source */
          pllvco = (HSI_VALUE / pllm);
 80007b2:	4a23      	ldr	r2, [pc, #140]	; (8000840 <SystemCoreClockUpdate+0x148>)
 80007b4:	9b02      	ldr	r3, [sp, #8]
 80007b6:	fbb2 f3f3 	udiv	r3, r2, r3
 80007ba:	9304      	str	r3, [sp, #16]
          break;
 80007bc:	e00b      	b.n	80007d6 <SystemCoreClockUpdate+0xde>

        case 0x03:  /* HSE used as PLL clock source */
          pllvco = (HSE_VALUE / pllm);
 80007be:	4a21      	ldr	r2, [pc, #132]	; (8000844 <SystemCoreClockUpdate+0x14c>)
 80007c0:	9b02      	ldr	r3, [sp, #8]
 80007c2:	fbb2 f3f3 	udiv	r3, r2, r3
 80007c6:	9304      	str	r3, [sp, #16]
          break;
 80007c8:	e005      	b.n	80007d6 <SystemCoreClockUpdate+0xde>

        default:    /* MSI used as PLL clock source */
          pllvco = (msirange / pllm);
 80007ca:	9a05      	ldr	r2, [sp, #20]
 80007cc:	9b02      	ldr	r3, [sp, #8]
 80007ce:	fbb2 f3f3 	udiv	r3, r2, r3
 80007d2:	9304      	str	r3, [sp, #16]
          break;
 80007d4:	bf00      	nop
      }
      pllvco = pllvco * ((RCC->PLLCFGR & RCC_PLLCFGR_PLLN) >> 8U);
 80007d6:	4b17      	ldr	r3, [pc, #92]	; (8000834 <SystemCoreClockUpdate+0x13c>)
 80007d8:	68db      	ldr	r3, [r3, #12]
 80007da:	0a1b      	lsrs	r3, r3, #8
 80007dc:	f003 027f 	and.w	r2, r3, #127	; 0x7f
 80007e0:	9b04      	ldr	r3, [sp, #16]
 80007e2:	fb02 f303 	mul.w	r3, r2, r3
 80007e6:	9304      	str	r3, [sp, #16]
      pllr = (((RCC->PLLCFGR & RCC_PLLCFGR_PLLR) >> 25U) + 1U) * 2U;
 80007e8:	4b12      	ldr	r3, [pc, #72]	; (8000834 <SystemCoreClockUpdate+0x13c>)
 80007ea:	68db      	ldr	r3, [r3, #12]
 80007ec:	0e5b      	lsrs	r3, r3, #25
 80007ee:	f003 0303 	and.w	r3, r3, #3
 80007f2:	3301      	adds	r3, #1
 80007f4:	005b      	lsls	r3, r3, #1
 80007f6:	9301      	str	r3, [sp, #4]
      SystemCoreClock = pllvco/pllr;
 80007f8:	9a04      	ldr	r2, [sp, #16]
 80007fa:	9b01      	ldr	r3, [sp, #4]
 80007fc:	fbb2 f3f3 	udiv	r3, r2, r3
 8000800:	4a0e      	ldr	r2, [pc, #56]	; (800083c <SystemCoreClockUpdate+0x144>)
 8000802:	6013      	str	r3, [r2, #0]
      break;
 8000804:	e003      	b.n	800080e <SystemCoreClockUpdate+0x116>

    default:
      SystemCoreClock = msirange;
 8000806:	4a0d      	ldr	r2, [pc, #52]	; (800083c <SystemCoreClockUpdate+0x144>)
 8000808:	9b05      	ldr	r3, [sp, #20]
 800080a:	6013      	str	r3, [r2, #0]
      break;
 800080c:	bf00      	nop
  }
  /* Compute HCLK clock frequency --------------------------------------------*/
  /* Get HCLK prescaler */
  tmp = AHBPrescTable[((RCC->CFGR & RCC_CFGR_HPRE) >> 4U)];
 800080e:	4b09      	ldr	r3, [pc, #36]	; (8000834 <SystemCoreClockUpdate+0x13c>)
 8000810:	689b      	ldr	r3, [r3, #8]
 8000812:	091b      	lsrs	r3, r3, #4
 8000814:	f003 030f 	and.w	r3, r3, #15
 8000818:	4a0b      	ldr	r2, [pc, #44]	; (8000848 <SystemCoreClockUpdate+0x150>)
 800081a:	5cd3      	ldrb	r3, [r2, r3]
 800081c:	9300      	str	r3, [sp, #0]
  /* HCLK clock frequency */
  SystemCoreClock >>= tmp;
 800081e:	4b07      	ldr	r3, [pc, #28]	; (800083c <SystemCoreClockUpdate+0x144>)
 8000820:	681a      	ldr	r2, [r3, #0]
 8000822:	9b00      	ldr	r3, [sp, #0]
 8000824:	fa22 f303 	lsr.w	r3, r2, r3
 8000828:	4a04      	ldr	r2, [pc, #16]	; (800083c <SystemCoreClockUpdate+0x144>)
 800082a:	6013      	str	r3, [r2, #0]
}
 800082c:	bf00      	nop
 800082e:	b006      	add	sp, #24
 8000830:	4770      	bx	lr
 8000832:	bf00      	nop
 8000834:	40021000 	.word	0x40021000
 8000838:	08001244 	.word	0x08001244
 800083c:	20000000 	.word	0x20000000
 8000840:	00f42400 	.word	0x00f42400
 8000844:	02dc6c00 	.word	0x02dc6c00
 8000848:	08001234 	.word	0x08001234

0800084c <Reset_Handler>:

    .section	.text.Reset_Handler
	.weak	Reset_Handler
	.type	Reset_Handler, %function
Reset_Handler:
  ldr   sp, =_estack    /* Set stack pointer */
 800084c:	f8df d034 	ldr.w	sp, [pc, #52]	; 8000884 <LoopForever+0x2>

/* Call the clock system initialization function.*/
    bl  SystemInit
 8000850:	f7ff ff2c 	bl	80006ac <SystemInit>

/* Copy the data segment initializers from flash to SRAM */
  ldr r0, =_sdata
 8000854:	480c      	ldr	r0, [pc, #48]	; (8000888 <LoopForever+0x6>)
  ldr r1, =_edata
 8000856:	490d      	ldr	r1, [pc, #52]	; (800088c <LoopForever+0xa>)
  ldr r2, =_sidata
 8000858:	4a0d      	ldr	r2, [pc, #52]	; (8000890 <LoopForever+0xe>)
  movs r3, #0
 800085a:	2300      	movs	r3, #0
  b LoopCopyDataInit
 800085c:	e002      	b.n	8000864 <LoopCopyDataInit>

0800085e <CopyDataInit>:

CopyDataInit:
  ldr r4, [r2, r3]
 800085e:	58d4      	ldr	r4, [r2, r3]
  str r4, [r0, r3]
 8000860:	50c4      	str	r4, [r0, r3]
  adds r3, r3, #4
 8000862:	3304      	adds	r3, #4

08000864 <LoopCopyDataInit>:

LoopCopyDataInit:
  adds r4, r0, r3
 8000864:	18c4      	adds	r4, r0, r3
  cmp r4, r1
 8000866:	428c      	cmp	r4, r1
  bcc CopyDataInit
 8000868:	d3f9      	bcc.n	800085e <CopyDataInit>
  
/* Zero fill the bss segment. */
  ldr r2, =_sbss
 800086a:	4a0a      	ldr	r2, [pc, #40]	; (8000894 <LoopForever+0x12>)
  ldr r4, =_ebss
 800086c:	4c0a      	ldr	r4, [pc, #40]	; (8000898 <LoopForever+0x16>)
  movs r3, #0
 800086e:	2300      	movs	r3, #0
  b LoopFillZerobss
 8000870:	e001      	b.n	8000876 <LoopFillZerobss>

08000872 <FillZerobss>:

FillZerobss:
  str  r3, [r2]
 8000872:	6013      	str	r3, [r2, #0]
  adds r2, r2, #4
 8000874:	3204      	adds	r2, #4

08000876 <LoopFillZerobss>:

LoopFillZerobss:
  cmp r2, r4
 8000876:	42a2      	cmp	r2, r4
  bcc FillZerobss
 8000878:	d3fb      	bcc.n	8000872 <FillZerobss>

/* Call static constructors */
    bl __libc_init_array
 800087a:	f000 f811 	bl	80008a0 <__libc_init_array>
/* Call the application's entry point.*/
	bl	main
 800087e:	f7ff fd2f 	bl	80002e0 <main>

08000882 <LoopForever>:

LoopForever:
    b LoopForever
 8000882:	e7fe      	b.n	8000882 <LoopForever>
  ldr   sp, =_estack    /* Set stack pointer */
 8000884:	200a0000 	.word	0x200a0000
  ldr r0, =_sdata
 8000888:	20000000 	.word	0x20000000
  ldr r1, =_edata
 800088c:	20000068 	.word	0x20000068
  ldr r2, =_sidata
 8000890:	080012b8 	.word	0x080012b8
  ldr r2, =_sbss
 8000894:	20000068 	.word	0x20000068
  ldr r4, =_ebss
 8000898:	20000898 	.word	0x20000898

0800089c <ADC1_IRQHandler>:
 * @retval : None
*/
    .section	.text.Default_Handler,"ax",%progbits
Default_Handler:
Infinite_Loop:
	b	Infinite_Loop
 800089c:	e7fe      	b.n	800089c <ADC1_IRQHandler>
	...

080008a0 <__libc_init_array>:
 80008a0:	b570      	push	{r4, r5, r6, lr}
 80008a2:	4d0d      	ldr	r5, [pc, #52]	; (80008d8 <__libc_init_array+0x38>)
 80008a4:	4c0d      	ldr	r4, [pc, #52]	; (80008dc <__libc_init_array+0x3c>)
 80008a6:	1b64      	subs	r4, r4, r5
 80008a8:	10a4      	asrs	r4, r4, #2
 80008aa:	2600      	movs	r6, #0
 80008ac:	42a6      	cmp	r6, r4
 80008ae:	d109      	bne.n	80008c4 <__libc_init_array+0x24>
 80008b0:	4d0b      	ldr	r5, [pc, #44]	; (80008e0 <__libc_init_array+0x40>)
 80008b2:	4c0c      	ldr	r4, [pc, #48]	; (80008e4 <__libc_init_array+0x44>)
 80008b4:	f000 fc94 	bl	80011e0 <_init>
 80008b8:	1b64      	subs	r4, r4, r5
 80008ba:	10a4      	asrs	r4, r4, #2
 80008bc:	2600      	movs	r6, #0
 80008be:	42a6      	cmp	r6, r4
 80008c0:	d105      	bne.n	80008ce <__libc_init_array+0x2e>
 80008c2:	bd70      	pop	{r4, r5, r6, pc}
 80008c4:	f855 3b04 	ldr.w	r3, [r5], #4
 80008c8:	4798      	blx	r3
 80008ca:	3601      	adds	r6, #1
 80008cc:	e7ee      	b.n	80008ac <__libc_init_array+0xc>
 80008ce:	f855 3b04 	ldr.w	r3, [r5], #4
 80008d2:	4798      	blx	r3
 80008d4:	3601      	adds	r6, #1
 80008d6:	e7f2      	b.n	80008be <__libc_init_array+0x1e>
 80008d8:	080012a8 	.word	0x080012a8
 80008dc:	080012a8 	.word	0x080012a8
 80008e0:	080012a8 	.word	0x080012a8
 80008e4:	080012ac 	.word	0x080012ac

080008e8 <memset>:
 80008e8:	4402      	add	r2, r0
 80008ea:	4603      	mov	r3, r0
 80008ec:	4293      	cmp	r3, r2
 80008ee:	d100      	bne.n	80008f2 <memset+0xa>
 80008f0:	4770      	bx	lr
 80008f2:	f803 1b01 	strb.w	r1, [r3], #1
 80008f6:	e7f9      	b.n	80008ec <memset+0x4>

080008f8 <siprintf>:
 80008f8:	b40e      	push	{r1, r2, r3}
 80008fa:	b500      	push	{lr}
 80008fc:	b09c      	sub	sp, #112	; 0x70
 80008fe:	ab1d      	add	r3, sp, #116	; 0x74
 8000900:	9002      	str	r0, [sp, #8]
 8000902:	9006      	str	r0, [sp, #24]
 8000904:	f06f 4100 	mvn.w	r1, #2147483648	; 0x80000000
 8000908:	4809      	ldr	r0, [pc, #36]	; (8000930 <siprintf+0x38>)
 800090a:	9107      	str	r1, [sp, #28]
 800090c:	9104      	str	r1, [sp, #16]
 800090e:	4909      	ldr	r1, [pc, #36]	; (8000934 <siprintf+0x3c>)
 8000910:	f853 2b04 	ldr.w	r2, [r3], #4
 8000914:	9105      	str	r1, [sp, #20]
 8000916:	6800      	ldr	r0, [r0, #0]
 8000918:	9301      	str	r3, [sp, #4]
 800091a:	a902      	add	r1, sp, #8
 800091c:	f000 f868 	bl	80009f0 <_svfiprintf_r>
 8000920:	9b02      	ldr	r3, [sp, #8]
 8000922:	2200      	movs	r2, #0
 8000924:	701a      	strb	r2, [r3, #0]
 8000926:	b01c      	add	sp, #112	; 0x70
 8000928:	f85d eb04 	ldr.w	lr, [sp], #4
 800092c:	b003      	add	sp, #12
 800092e:	4770      	bx	lr
 8000930:	20000004 	.word	0x20000004
 8000934:	ffff0208 	.word	0xffff0208

08000938 <__retarget_lock_acquire_recursive>:
 8000938:	4770      	bx	lr

0800093a <__retarget_lock_release_recursive>:
 800093a:	4770      	bx	lr

0800093c <__ssputs_r>:
 800093c:	e92d 47f0 	stmdb	sp!, {r4, r5, r6, r7, r8, r9, sl, lr}
 8000940:	688e      	ldr	r6, [r1, #8]
 8000942:	461f      	mov	r7, r3
 8000944:	42be      	cmp	r6, r7
 8000946:	680b      	ldr	r3, [r1, #0]
 8000948:	4682      	mov	sl, r0
 800094a:	460c      	mov	r4, r1
 800094c:	4690      	mov	r8, r2
 800094e:	d82c      	bhi.n	80009aa <__ssputs_r+0x6e>
 8000950:	898a      	ldrh	r2, [r1, #12]
 8000952:	f412 6f90 	tst.w	r2, #1152	; 0x480
 8000956:	d026      	beq.n	80009a6 <__ssputs_r+0x6a>
 8000958:	6965      	ldr	r5, [r4, #20]
 800095a:	6909      	ldr	r1, [r1, #16]
 800095c:	eb05 0545 	add.w	r5, r5, r5, lsl #1
 8000960:	eba3 0901 	sub.w	r9, r3, r1
 8000964:	eb05 75d5 	add.w	r5, r5, r5, lsr #31
 8000968:	1c7b      	adds	r3, r7, #1
 800096a:	444b      	add	r3, r9
 800096c:	106d      	asrs	r5, r5, #1
 800096e:	429d      	cmp	r5, r3
 8000970:	bf38      	it	cc
 8000972:	461d      	movcc	r5, r3
 8000974:	0553      	lsls	r3, r2, #21
 8000976:	d527      	bpl.n	80009c8 <__ssputs_r+0x8c>
 8000978:	4629      	mov	r1, r5
 800097a:	f000 fb5b 	bl	8001034 <_malloc_r>
 800097e:	4606      	mov	r6, r0
 8000980:	b360      	cbz	r0, 80009dc <__ssputs_r+0xa0>
 8000982:	6921      	ldr	r1, [r4, #16]
 8000984:	464a      	mov	r2, r9
 8000986:	f000 fac1 	bl	8000f0c <memcpy>
 800098a:	89a3      	ldrh	r3, [r4, #12]
 800098c:	f423 6390 	bic.w	r3, r3, #1152	; 0x480
 8000990:	f043 0380 	orr.w	r3, r3, #128	; 0x80
 8000994:	81a3      	strh	r3, [r4, #12]
 8000996:	6126      	str	r6, [r4, #16]
 8000998:	6165      	str	r5, [r4, #20]
 800099a:	444e      	add	r6, r9
 800099c:	eba5 0509 	sub.w	r5, r5, r9
 80009a0:	6026      	str	r6, [r4, #0]
 80009a2:	60a5      	str	r5, [r4, #8]
 80009a4:	463e      	mov	r6, r7
 80009a6:	42be      	cmp	r6, r7
 80009a8:	d900      	bls.n	80009ac <__ssputs_r+0x70>
 80009aa:	463e      	mov	r6, r7
 80009ac:	6820      	ldr	r0, [r4, #0]
 80009ae:	4632      	mov	r2, r6
 80009b0:	4641      	mov	r1, r8
 80009b2:	f000 fab9 	bl	8000f28 <memmove>
 80009b6:	68a3      	ldr	r3, [r4, #8]
 80009b8:	1b9b      	subs	r3, r3, r6
 80009ba:	60a3      	str	r3, [r4, #8]
 80009bc:	6823      	ldr	r3, [r4, #0]
 80009be:	4433      	add	r3, r6
 80009c0:	6023      	str	r3, [r4, #0]
 80009c2:	2000      	movs	r0, #0
 80009c4:	e8bd 87f0 	ldmia.w	sp!, {r4, r5, r6, r7, r8, r9, sl, pc}
 80009c8:	462a      	mov	r2, r5
 80009ca:	f000 fba7 	bl	800111c <_realloc_r>
 80009ce:	4606      	mov	r6, r0
 80009d0:	2800      	cmp	r0, #0
 80009d2:	d1e0      	bne.n	8000996 <__ssputs_r+0x5a>
 80009d4:	6921      	ldr	r1, [r4, #16]
 80009d6:	4650      	mov	r0, sl
 80009d8:	f000 fac0 	bl	8000f5c <_free_r>
 80009dc:	230c      	movs	r3, #12
 80009de:	f8ca 3000 	str.w	r3, [sl]
 80009e2:	89a3      	ldrh	r3, [r4, #12]
 80009e4:	f043 0340 	orr.w	r3, r3, #64	; 0x40
 80009e8:	81a3      	strh	r3, [r4, #12]
 80009ea:	f04f 30ff 	mov.w	r0, #4294967295	; 0xffffffff
 80009ee:	e7e9      	b.n	80009c4 <__ssputs_r+0x88>

080009f0 <_svfiprintf_r>:
 80009f0:	e92d 4ff0 	stmdb	sp!, {r4, r5, r6, r7, r8, r9, sl, fp, lr}
 80009f4:	4698      	mov	r8, r3
 80009f6:	898b      	ldrh	r3, [r1, #12]
 80009f8:	061b      	lsls	r3, r3, #24
 80009fa:	b09d      	sub	sp, #116	; 0x74
 80009fc:	4607      	mov	r7, r0
 80009fe:	460d      	mov	r5, r1
 8000a00:	4614      	mov	r4, r2
 8000a02:	d50e      	bpl.n	8000a22 <_svfiprintf_r+0x32>
 8000a04:	690b      	ldr	r3, [r1, #16]
 8000a06:	b963      	cbnz	r3, 8000a22 <_svfiprintf_r+0x32>
 8000a08:	2140      	movs	r1, #64	; 0x40
 8000a0a:	f000 fb13 	bl	8001034 <_malloc_r>
 8000a0e:	6028      	str	r0, [r5, #0]
 8000a10:	6128      	str	r0, [r5, #16]
 8000a12:	b920      	cbnz	r0, 8000a1e <_svfiprintf_r+0x2e>
 8000a14:	230c      	movs	r3, #12
 8000a16:	603b      	str	r3, [r7, #0]
 8000a18:	f04f 30ff 	mov.w	r0, #4294967295	; 0xffffffff
 8000a1c:	e0d0      	b.n	8000bc0 <_svfiprintf_r+0x1d0>
 8000a1e:	2340      	movs	r3, #64	; 0x40
 8000a20:	616b      	str	r3, [r5, #20]
 8000a22:	2300      	movs	r3, #0
 8000a24:	9309      	str	r3, [sp, #36]	; 0x24
 8000a26:	2320      	movs	r3, #32
 8000a28:	f88d 3029 	strb.w	r3, [sp, #41]	; 0x29
 8000a2c:	f8cd 800c 	str.w	r8, [sp, #12]
 8000a30:	2330      	movs	r3, #48	; 0x30
 8000a32:	f8df 81a4 	ldr.w	r8, [pc, #420]	; 8000bd8 <_svfiprintf_r+0x1e8>
 8000a36:	f88d 302a 	strb.w	r3, [sp, #42]	; 0x2a
 8000a3a:	f04f 0901 	mov.w	r9, #1
 8000a3e:	4623      	mov	r3, r4
 8000a40:	469a      	mov	sl, r3
 8000a42:	f813 2b01 	ldrb.w	r2, [r3], #1
 8000a46:	b10a      	cbz	r2, 8000a4c <_svfiprintf_r+0x5c>
 8000a48:	2a25      	cmp	r2, #37	; 0x25
 8000a4a:	d1f9      	bne.n	8000a40 <_svfiprintf_r+0x50>
 8000a4c:	ebba 0b04 	subs.w	fp, sl, r4
 8000a50:	d00b      	beq.n	8000a6a <_svfiprintf_r+0x7a>
 8000a52:	465b      	mov	r3, fp
 8000a54:	4622      	mov	r2, r4
 8000a56:	4629      	mov	r1, r5
 8000a58:	4638      	mov	r0, r7
 8000a5a:	f7ff ff6f 	bl	800093c <__ssputs_r>
 8000a5e:	3001      	adds	r0, #1
 8000a60:	f000 80a9 	beq.w	8000bb6 <_svfiprintf_r+0x1c6>
 8000a64:	9a09      	ldr	r2, [sp, #36]	; 0x24
 8000a66:	445a      	add	r2, fp
 8000a68:	9209      	str	r2, [sp, #36]	; 0x24
 8000a6a:	f89a 3000 	ldrb.w	r3, [sl]
 8000a6e:	2b00      	cmp	r3, #0
 8000a70:	f000 80a1 	beq.w	8000bb6 <_svfiprintf_r+0x1c6>
 8000a74:	2300      	movs	r3, #0
 8000a76:	f04f 32ff 	mov.w	r2, #4294967295	; 0xffffffff
 8000a7a:	e9cd 2305 	strd	r2, r3, [sp, #20]
 8000a7e:	f10a 0a01 	add.w	sl, sl, #1
 8000a82:	9304      	str	r3, [sp, #16]
 8000a84:	9307      	str	r3, [sp, #28]
 8000a86:	f88d 3053 	strb.w	r3, [sp, #83]	; 0x53
 8000a8a:	931a      	str	r3, [sp, #104]	; 0x68
 8000a8c:	4654      	mov	r4, sl
 8000a8e:	2205      	movs	r2, #5
 8000a90:	f814 1b01 	ldrb.w	r1, [r4], #1
 8000a94:	4850      	ldr	r0, [pc, #320]	; (8000bd8 <_svfiprintf_r+0x1e8>)
 8000a96:	f7ff fb9b 	bl	80001d0 <memchr>
 8000a9a:	9a04      	ldr	r2, [sp, #16]
 8000a9c:	b9d8      	cbnz	r0, 8000ad6 <_svfiprintf_r+0xe6>
 8000a9e:	06d0      	lsls	r0, r2, #27
 8000aa0:	bf44      	itt	mi
 8000aa2:	2320      	movmi	r3, #32
 8000aa4:	f88d 3053 	strbmi.w	r3, [sp, #83]	; 0x53
 8000aa8:	0711      	lsls	r1, r2, #28
 8000aaa:	bf44      	itt	mi
 8000aac:	232b      	movmi	r3, #43	; 0x2b
 8000aae:	f88d 3053 	strbmi.w	r3, [sp, #83]	; 0x53
 8000ab2:	f89a 3000 	ldrb.w	r3, [sl]
 8000ab6:	2b2a      	cmp	r3, #42	; 0x2a
 8000ab8:	d015      	beq.n	8000ae6 <_svfiprintf_r+0xf6>
 8000aba:	9a07      	ldr	r2, [sp, #28]
 8000abc:	4654      	mov	r4, sl
 8000abe:	2000      	movs	r0, #0
 8000ac0:	f04f 0c0a 	mov.w	ip, #10
 8000ac4:	4621      	mov	r1, r4
 8000ac6:	f811 3b01 	ldrb.w	r3, [r1], #1
 8000aca:	3b30      	subs	r3, #48	; 0x30
 8000acc:	2b09      	cmp	r3, #9
 8000ace:	d94d      	bls.n	8000b6c <_svfiprintf_r+0x17c>
 8000ad0:	b1b0      	cbz	r0, 8000b00 <_svfiprintf_r+0x110>
 8000ad2:	9207      	str	r2, [sp, #28]
 8000ad4:	e014      	b.n	8000b00 <_svfiprintf_r+0x110>
 8000ad6:	eba0 0308 	sub.w	r3, r0, r8
 8000ada:	fa09 f303 	lsl.w	r3, r9, r3
 8000ade:	4313      	orrs	r3, r2
 8000ae0:	9304      	str	r3, [sp, #16]
 8000ae2:	46a2      	mov	sl, r4
 8000ae4:	e7d2      	b.n	8000a8c <_svfiprintf_r+0x9c>
 8000ae6:	9b03      	ldr	r3, [sp, #12]
 8000ae8:	1d19      	adds	r1, r3, #4
 8000aea:	681b      	ldr	r3, [r3, #0]
 8000aec:	9103      	str	r1, [sp, #12]
 8000aee:	2b00      	cmp	r3, #0
 8000af0:	bfbb      	ittet	lt
 8000af2:	425b      	neglt	r3, r3
 8000af4:	f042 0202 	orrlt.w	r2, r2, #2
 8000af8:	9307      	strge	r3, [sp, #28]
 8000afa:	9307      	strlt	r3, [sp, #28]
 8000afc:	bfb8      	it	lt
 8000afe:	9204      	strlt	r2, [sp, #16]
 8000b00:	7823      	ldrb	r3, [r4, #0]
 8000b02:	2b2e      	cmp	r3, #46	; 0x2e
 8000b04:	d10c      	bne.n	8000b20 <_svfiprintf_r+0x130>
 8000b06:	7863      	ldrb	r3, [r4, #1]
 8000b08:	2b2a      	cmp	r3, #42	; 0x2a
 8000b0a:	d134      	bne.n	8000b76 <_svfiprintf_r+0x186>
 8000b0c:	9b03      	ldr	r3, [sp, #12]
 8000b0e:	1d1a      	adds	r2, r3, #4
 8000b10:	681b      	ldr	r3, [r3, #0]
 8000b12:	9203      	str	r2, [sp, #12]
 8000b14:	2b00      	cmp	r3, #0
 8000b16:	bfb8      	it	lt
 8000b18:	f04f 33ff 	movlt.w	r3, #4294967295	; 0xffffffff
 8000b1c:	3402      	adds	r4, #2
 8000b1e:	9305      	str	r3, [sp, #20]
 8000b20:	f8df a0c4 	ldr.w	sl, [pc, #196]	; 8000be8 <_svfiprintf_r+0x1f8>
 8000b24:	7821      	ldrb	r1, [r4, #0]
 8000b26:	2203      	movs	r2, #3
 8000b28:	4650      	mov	r0, sl
 8000b2a:	f7ff fb51 	bl	80001d0 <memchr>
 8000b2e:	b138      	cbz	r0, 8000b40 <_svfiprintf_r+0x150>
 8000b30:	9b04      	ldr	r3, [sp, #16]
 8000b32:	eba0 000a 	sub.w	r0, r0, sl
 8000b36:	2240      	movs	r2, #64	; 0x40
 8000b38:	4082      	lsls	r2, r0
 8000b3a:	4313      	orrs	r3, r2
 8000b3c:	3401      	adds	r4, #1
 8000b3e:	9304      	str	r3, [sp, #16]
 8000b40:	f814 1b01 	ldrb.w	r1, [r4], #1
 8000b44:	4825      	ldr	r0, [pc, #148]	; (8000bdc <_svfiprintf_r+0x1ec>)
 8000b46:	f88d 1028 	strb.w	r1, [sp, #40]	; 0x28
 8000b4a:	2206      	movs	r2, #6
 8000b4c:	f7ff fb40 	bl	80001d0 <memchr>
 8000b50:	2800      	cmp	r0, #0
 8000b52:	d038      	beq.n	8000bc6 <_svfiprintf_r+0x1d6>
 8000b54:	4b22      	ldr	r3, [pc, #136]	; (8000be0 <_svfiprintf_r+0x1f0>)
 8000b56:	bb1b      	cbnz	r3, 8000ba0 <_svfiprintf_r+0x1b0>
 8000b58:	9b03      	ldr	r3, [sp, #12]
 8000b5a:	3307      	adds	r3, #7
 8000b5c:	f023 0307 	bic.w	r3, r3, #7
 8000b60:	3308      	adds	r3, #8
 8000b62:	9303      	str	r3, [sp, #12]
 8000b64:	9b09      	ldr	r3, [sp, #36]	; 0x24
 8000b66:	4433      	add	r3, r6
 8000b68:	9309      	str	r3, [sp, #36]	; 0x24
 8000b6a:	e768      	b.n	8000a3e <_svfiprintf_r+0x4e>
 8000b6c:	fb0c 3202 	mla	r2, ip, r2, r3
 8000b70:	460c      	mov	r4, r1
 8000b72:	2001      	movs	r0, #1
 8000b74:	e7a6      	b.n	8000ac4 <_svfiprintf_r+0xd4>
 8000b76:	2300      	movs	r3, #0
 8000b78:	3401      	adds	r4, #1
 8000b7a:	9305      	str	r3, [sp, #20]
 8000b7c:	4619      	mov	r1, r3
 8000b7e:	f04f 0c0a 	mov.w	ip, #10
 8000b82:	4620      	mov	r0, r4
 8000b84:	f810 2b01 	ldrb.w	r2, [r0], #1
 8000b88:	3a30      	subs	r2, #48	; 0x30
 8000b8a:	2a09      	cmp	r2, #9
 8000b8c:	d903      	bls.n	8000b96 <_svfiprintf_r+0x1a6>
 8000b8e:	2b00      	cmp	r3, #0
 8000b90:	d0c6      	beq.n	8000b20 <_svfiprintf_r+0x130>
 8000b92:	9105      	str	r1, [sp, #20]
 8000b94:	e7c4      	b.n	8000b20 <_svfiprintf_r+0x130>
 8000b96:	fb0c 2101 	mla	r1, ip, r1, r2
 8000b9a:	4604      	mov	r4, r0
 8000b9c:	2301      	movs	r3, #1
 8000b9e:	e7f0      	b.n	8000b82 <_svfiprintf_r+0x192>
 8000ba0:	ab03      	add	r3, sp, #12
 8000ba2:	9300      	str	r3, [sp, #0]
 8000ba4:	462a      	mov	r2, r5
 8000ba6:	4b0f      	ldr	r3, [pc, #60]	; (8000be4 <_svfiprintf_r+0x1f4>)
 8000ba8:	a904      	add	r1, sp, #16
 8000baa:	4638      	mov	r0, r7
 8000bac:	f3af 8000 	nop.w
 8000bb0:	1c42      	adds	r2, r0, #1
 8000bb2:	4606      	mov	r6, r0
 8000bb4:	d1d6      	bne.n	8000b64 <_svfiprintf_r+0x174>
 8000bb6:	89ab      	ldrh	r3, [r5, #12]
 8000bb8:	065b      	lsls	r3, r3, #25
 8000bba:	f53f af2d 	bmi.w	8000a18 <_svfiprintf_r+0x28>
 8000bbe:	9809      	ldr	r0, [sp, #36]	; 0x24
 8000bc0:	b01d      	add	sp, #116	; 0x74
 8000bc2:	e8bd 8ff0 	ldmia.w	sp!, {r4, r5, r6, r7, r8, r9, sl, fp, pc}
 8000bc6:	ab03      	add	r3, sp, #12
 8000bc8:	9300      	str	r3, [sp, #0]
 8000bca:	462a      	mov	r2, r5
 8000bcc:	4b05      	ldr	r3, [pc, #20]	; (8000be4 <_svfiprintf_r+0x1f4>)
 8000bce:	a904      	add	r1, sp, #16
 8000bd0:	4638      	mov	r0, r7
 8000bd2:	f000 f879 	bl	8000cc8 <_printf_i>
 8000bd6:	e7eb      	b.n	8000bb0 <_svfiprintf_r+0x1c0>
 8000bd8:	08001274 	.word	0x08001274
 8000bdc:	0800127e 	.word	0x0800127e
 8000be0:	00000000 	.word	0x00000000
 8000be4:	0800093d 	.word	0x0800093d
 8000be8:	0800127a 	.word	0x0800127a

08000bec <_printf_common>:
 8000bec:	e92d 47f0 	stmdb	sp!, {r4, r5, r6, r7, r8, r9, sl, lr}
 8000bf0:	4616      	mov	r6, r2
 8000bf2:	4699      	mov	r9, r3
 8000bf4:	688a      	ldr	r2, [r1, #8]
 8000bf6:	690b      	ldr	r3, [r1, #16]
 8000bf8:	f8dd 8020 	ldr.w	r8, [sp, #32]
 8000bfc:	4293      	cmp	r3, r2
 8000bfe:	bfb8      	it	lt
 8000c00:	4613      	movlt	r3, r2
 8000c02:	6033      	str	r3, [r6, #0]
 8000c04:	f891 2043 	ldrb.w	r2, [r1, #67]	; 0x43
 8000c08:	4607      	mov	r7, r0
 8000c0a:	460c      	mov	r4, r1
 8000c0c:	b10a      	cbz	r2, 8000c12 <_printf_common+0x26>
 8000c0e:	3301      	adds	r3, #1
 8000c10:	6033      	str	r3, [r6, #0]
 8000c12:	6823      	ldr	r3, [r4, #0]
 8000c14:	0699      	lsls	r1, r3, #26
 8000c16:	bf42      	ittt	mi
 8000c18:	6833      	ldrmi	r3, [r6, #0]
 8000c1a:	3302      	addmi	r3, #2
 8000c1c:	6033      	strmi	r3, [r6, #0]
 8000c1e:	6825      	ldr	r5, [r4, #0]
 8000c20:	f015 0506 	ands.w	r5, r5, #6
 8000c24:	d106      	bne.n	8000c34 <_printf_common+0x48>
 8000c26:	f104 0a19 	add.w	sl, r4, #25
 8000c2a:	68e3      	ldr	r3, [r4, #12]
 8000c2c:	6832      	ldr	r2, [r6, #0]
 8000c2e:	1a9b      	subs	r3, r3, r2
 8000c30:	42ab      	cmp	r3, r5
 8000c32:	dc26      	bgt.n	8000c82 <_printf_common+0x96>
 8000c34:	f894 2043 	ldrb.w	r2, [r4, #67]	; 0x43
 8000c38:	1e13      	subs	r3, r2, #0
 8000c3a:	6822      	ldr	r2, [r4, #0]
 8000c3c:	bf18      	it	ne
 8000c3e:	2301      	movne	r3, #1
 8000c40:	0692      	lsls	r2, r2, #26
 8000c42:	d42b      	bmi.n	8000c9c <_printf_common+0xb0>
 8000c44:	f104 0243 	add.w	r2, r4, #67	; 0x43
 8000c48:	4649      	mov	r1, r9
 8000c4a:	4638      	mov	r0, r7
 8000c4c:	47c0      	blx	r8
 8000c4e:	3001      	adds	r0, #1
 8000c50:	d01e      	beq.n	8000c90 <_printf_common+0xa4>
 8000c52:	6823      	ldr	r3, [r4, #0]
 8000c54:	6922      	ldr	r2, [r4, #16]
 8000c56:	f003 0306 	and.w	r3, r3, #6
 8000c5a:	2b04      	cmp	r3, #4
 8000c5c:	bf02      	ittt	eq
 8000c5e:	68e5      	ldreq	r5, [r4, #12]
 8000c60:	6833      	ldreq	r3, [r6, #0]
 8000c62:	1aed      	subeq	r5, r5, r3
 8000c64:	68a3      	ldr	r3, [r4, #8]
 8000c66:	bf0c      	ite	eq
 8000c68:	ea25 75e5 	biceq.w	r5, r5, r5, asr #31
 8000c6c:	2500      	movne	r5, #0
 8000c6e:	4293      	cmp	r3, r2
 8000c70:	bfc4      	itt	gt
 8000c72:	1a9b      	subgt	r3, r3, r2
 8000c74:	18ed      	addgt	r5, r5, r3
 8000c76:	2600      	movs	r6, #0
 8000c78:	341a      	adds	r4, #26
 8000c7a:	42b5      	cmp	r5, r6
 8000c7c:	d11a      	bne.n	8000cb4 <_printf_common+0xc8>
 8000c7e:	2000      	movs	r0, #0
 8000c80:	e008      	b.n	8000c94 <_printf_common+0xa8>
 8000c82:	2301      	movs	r3, #1
 8000c84:	4652      	mov	r2, sl
 8000c86:	4649      	mov	r1, r9
 8000c88:	4638      	mov	r0, r7
 8000c8a:	47c0      	blx	r8
 8000c8c:	3001      	adds	r0, #1
 8000c8e:	d103      	bne.n	8000c98 <_printf_common+0xac>
 8000c90:	f04f 30ff 	mov.w	r0, #4294967295	; 0xffffffff
 8000c94:	e8bd 87f0 	ldmia.w	sp!, {r4, r5, r6, r7, r8, r9, sl, pc}
 8000c98:	3501      	adds	r5, #1
 8000c9a:	e7c6      	b.n	8000c2a <_printf_common+0x3e>
 8000c9c:	18e1      	adds	r1, r4, r3
 8000c9e:	1c5a      	adds	r2, r3, #1
 8000ca0:	2030      	movs	r0, #48	; 0x30
 8000ca2:	f881 0043 	strb.w	r0, [r1, #67]	; 0x43
 8000ca6:	4422      	add	r2, r4
 8000ca8:	f894 1045 	ldrb.w	r1, [r4, #69]	; 0x45
 8000cac:	f882 1043 	strb.w	r1, [r2, #67]	; 0x43
 8000cb0:	3302      	adds	r3, #2
 8000cb2:	e7c7      	b.n	8000c44 <_printf_common+0x58>
 8000cb4:	2301      	movs	r3, #1
 8000cb6:	4622      	mov	r2, r4
 8000cb8:	4649      	mov	r1, r9
 8000cba:	4638      	mov	r0, r7
 8000cbc:	47c0      	blx	r8
 8000cbe:	3001      	adds	r0, #1
 8000cc0:	d0e6      	beq.n	8000c90 <_printf_common+0xa4>
 8000cc2:	3601      	adds	r6, #1
 8000cc4:	e7d9      	b.n	8000c7a <_printf_common+0x8e>
	...

08000cc8 <_printf_i>:
 8000cc8:	e92d 47ff 	stmdb	sp!, {r0, r1, r2, r3, r4, r5, r6, r7, r8, r9, sl, lr}
 8000ccc:	7e0f      	ldrb	r7, [r1, #24]
 8000cce:	9d0c      	ldr	r5, [sp, #48]	; 0x30
 8000cd0:	2f78      	cmp	r7, #120	; 0x78
 8000cd2:	4691      	mov	r9, r2
 8000cd4:	4680      	mov	r8, r0
 8000cd6:	460c      	mov	r4, r1
 8000cd8:	469a      	mov	sl, r3
 8000cda:	f101 0243 	add.w	r2, r1, #67	; 0x43
 8000cde:	d807      	bhi.n	8000cf0 <_printf_i+0x28>
 8000ce0:	2f62      	cmp	r7, #98	; 0x62
 8000ce2:	d80a      	bhi.n	8000cfa <_printf_i+0x32>
 8000ce4:	2f00      	cmp	r7, #0
 8000ce6:	f000 80d4 	beq.w	8000e92 <_printf_i+0x1ca>
 8000cea:	2f58      	cmp	r7, #88	; 0x58
 8000cec:	f000 80c0 	beq.w	8000e70 <_printf_i+0x1a8>
 8000cf0:	f104 0542 	add.w	r5, r4, #66	; 0x42
 8000cf4:	f884 7042 	strb.w	r7, [r4, #66]	; 0x42
 8000cf8:	e03a      	b.n	8000d70 <_printf_i+0xa8>
 8000cfa:	f1a7 0363 	sub.w	r3, r7, #99	; 0x63
 8000cfe:	2b15      	cmp	r3, #21
 8000d00:	d8f6      	bhi.n	8000cf0 <_printf_i+0x28>
 8000d02:	a101      	add	r1, pc, #4	; (adr r1, 8000d08 <_printf_i+0x40>)
 8000d04:	f851 f023 	ldr.w	pc, [r1, r3, lsl #2]
 8000d08:	08000d61 	.word	0x08000d61
 8000d0c:	08000d75 	.word	0x08000d75
 8000d10:	08000cf1 	.word	0x08000cf1
 8000d14:	08000cf1 	.word	0x08000cf1
 8000d18:	08000cf1 	.word	0x08000cf1
 8000d1c:	08000cf1 	.word	0x08000cf1
 8000d20:	08000d75 	.word	0x08000d75
 8000d24:	08000cf1 	.word	0x08000cf1
 8000d28:	08000cf1 	.word	0x08000cf1
 8000d2c:	08000cf1 	.word	0x08000cf1
 8000d30:	08000cf1 	.word	0x08000cf1
 8000d34:	08000e79 	.word	0x08000e79
 8000d38:	08000da1 	.word	0x08000da1
 8000d3c:	08000e33 	.word	0x08000e33
 8000d40:	08000cf1 	.word	0x08000cf1
 8000d44:	08000cf1 	.word	0x08000cf1
 8000d48:	08000e9b 	.word	0x08000e9b
 8000d4c:	08000cf1 	.word	0x08000cf1
 8000d50:	08000da1 	.word	0x08000da1
 8000d54:	08000cf1 	.word	0x08000cf1
 8000d58:	08000cf1 	.word	0x08000cf1
 8000d5c:	08000e3b 	.word	0x08000e3b
 8000d60:	682b      	ldr	r3, [r5, #0]
 8000d62:	1d1a      	adds	r2, r3, #4
 8000d64:	681b      	ldr	r3, [r3, #0]
 8000d66:	602a      	str	r2, [r5, #0]
 8000d68:	f104 0542 	add.w	r5, r4, #66	; 0x42
 8000d6c:	f884 3042 	strb.w	r3, [r4, #66]	; 0x42
 8000d70:	2301      	movs	r3, #1
 8000d72:	e09f      	b.n	8000eb4 <_printf_i+0x1ec>
 8000d74:	6820      	ldr	r0, [r4, #0]
 8000d76:	682b      	ldr	r3, [r5, #0]
 8000d78:	0607      	lsls	r7, r0, #24
 8000d7a:	f103 0104 	add.w	r1, r3, #4
 8000d7e:	6029      	str	r1, [r5, #0]
 8000d80:	d501      	bpl.n	8000d86 <_printf_i+0xbe>
 8000d82:	681e      	ldr	r6, [r3, #0]
 8000d84:	e003      	b.n	8000d8e <_printf_i+0xc6>
 8000d86:	0646      	lsls	r6, r0, #25
 8000d88:	d5fb      	bpl.n	8000d82 <_printf_i+0xba>
 8000d8a:	f9b3 6000 	ldrsh.w	r6, [r3]
 8000d8e:	2e00      	cmp	r6, #0
 8000d90:	da03      	bge.n	8000d9a <_printf_i+0xd2>
 8000d92:	232d      	movs	r3, #45	; 0x2d
 8000d94:	4276      	negs	r6, r6
 8000d96:	f884 3043 	strb.w	r3, [r4, #67]	; 0x43
 8000d9a:	485a      	ldr	r0, [pc, #360]	; (8000f04 <_printf_i+0x23c>)
 8000d9c:	230a      	movs	r3, #10
 8000d9e:	e012      	b.n	8000dc6 <_printf_i+0xfe>
 8000da0:	682b      	ldr	r3, [r5, #0]
 8000da2:	6820      	ldr	r0, [r4, #0]
 8000da4:	1d19      	adds	r1, r3, #4
 8000da6:	6029      	str	r1, [r5, #0]
 8000da8:	0605      	lsls	r5, r0, #24
 8000daa:	d501      	bpl.n	8000db0 <_printf_i+0xe8>
 8000dac:	681e      	ldr	r6, [r3, #0]
 8000dae:	e002      	b.n	8000db6 <_printf_i+0xee>
 8000db0:	0641      	lsls	r1, r0, #25
 8000db2:	d5fb      	bpl.n	8000dac <_printf_i+0xe4>
 8000db4:	881e      	ldrh	r6, [r3, #0]
 8000db6:	4853      	ldr	r0, [pc, #332]	; (8000f04 <_printf_i+0x23c>)
 8000db8:	2f6f      	cmp	r7, #111	; 0x6f
 8000dba:	bf0c      	ite	eq
 8000dbc:	2308      	moveq	r3, #8
 8000dbe:	230a      	movne	r3, #10
 8000dc0:	2100      	movs	r1, #0
 8000dc2:	f884 1043 	strb.w	r1, [r4, #67]	; 0x43
 8000dc6:	6865      	ldr	r5, [r4, #4]
 8000dc8:	60a5      	str	r5, [r4, #8]
 8000dca:	2d00      	cmp	r5, #0
 8000dcc:	bfa2      	ittt	ge
 8000dce:	6821      	ldrge	r1, [r4, #0]
 8000dd0:	f021 0104 	bicge.w	r1, r1, #4
 8000dd4:	6021      	strge	r1, [r4, #0]
 8000dd6:	b90e      	cbnz	r6, 8000ddc <_printf_i+0x114>
 8000dd8:	2d00      	cmp	r5, #0
 8000dda:	d04b      	beq.n	8000e74 <_printf_i+0x1ac>
 8000ddc:	4615      	mov	r5, r2
 8000dde:	fbb6 f1f3 	udiv	r1, r6, r3
 8000de2:	fb03 6711 	mls	r7, r3, r1, r6
 8000de6:	5dc7      	ldrb	r7, [r0, r7]
 8000de8:	f805 7d01 	strb.w	r7, [r5, #-1]!
 8000dec:	4637      	mov	r7, r6
 8000dee:	42bb      	cmp	r3, r7
 8000df0:	460e      	mov	r6, r1
 8000df2:	d9f4      	bls.n	8000dde <_printf_i+0x116>
 8000df4:	2b08      	cmp	r3, #8
 8000df6:	d10b      	bne.n	8000e10 <_printf_i+0x148>
 8000df8:	6823      	ldr	r3, [r4, #0]
 8000dfa:	07de      	lsls	r6, r3, #31
 8000dfc:	d508      	bpl.n	8000e10 <_printf_i+0x148>
 8000dfe:	6923      	ldr	r3, [r4, #16]
 8000e00:	6861      	ldr	r1, [r4, #4]
 8000e02:	4299      	cmp	r1, r3
 8000e04:	bfde      	ittt	le
 8000e06:	2330      	movle	r3, #48	; 0x30
 8000e08:	f805 3c01 	strble.w	r3, [r5, #-1]
 8000e0c:	f105 35ff 	addle.w	r5, r5, #4294967295	; 0xffffffff
 8000e10:	1b52      	subs	r2, r2, r5
 8000e12:	6122      	str	r2, [r4, #16]
 8000e14:	f8cd a000 	str.w	sl, [sp]
 8000e18:	464b      	mov	r3, r9
 8000e1a:	aa03      	add	r2, sp, #12
 8000e1c:	4621      	mov	r1, r4
 8000e1e:	4640      	mov	r0, r8
 8000e20:	f7ff fee4 	bl	8000bec <_printf_common>
 8000e24:	3001      	adds	r0, #1
 8000e26:	d14a      	bne.n	8000ebe <_printf_i+0x1f6>
 8000e28:	f04f 30ff 	mov.w	r0, #4294967295	; 0xffffffff
 8000e2c:	b004      	add	sp, #16
 8000e2e:	e8bd 87f0 	ldmia.w	sp!, {r4, r5, r6, r7, r8, r9, sl, pc}
 8000e32:	6823      	ldr	r3, [r4, #0]
 8000e34:	f043 0320 	orr.w	r3, r3, #32
 8000e38:	6023      	str	r3, [r4, #0]
 8000e3a:	4833      	ldr	r0, [pc, #204]	; (8000f08 <_printf_i+0x240>)
 8000e3c:	2778      	movs	r7, #120	; 0x78
 8000e3e:	f884 7045 	strb.w	r7, [r4, #69]	; 0x45
 8000e42:	6823      	ldr	r3, [r4, #0]
 8000e44:	6829      	ldr	r1, [r5, #0]
 8000e46:	061f      	lsls	r7, r3, #24
 8000e48:	f851 6b04 	ldr.w	r6, [r1], #4
 8000e4c:	d402      	bmi.n	8000e54 <_printf_i+0x18c>
 8000e4e:	065f      	lsls	r7, r3, #25
 8000e50:	bf48      	it	mi
 8000e52:	b2b6      	uxthmi	r6, r6
 8000e54:	07df      	lsls	r7, r3, #31
 8000e56:	bf48      	it	mi
 8000e58:	f043 0320 	orrmi.w	r3, r3, #32
 8000e5c:	6029      	str	r1, [r5, #0]
 8000e5e:	bf48      	it	mi
 8000e60:	6023      	strmi	r3, [r4, #0]
 8000e62:	b91e      	cbnz	r6, 8000e6c <_printf_i+0x1a4>
 8000e64:	6823      	ldr	r3, [r4, #0]
 8000e66:	f023 0320 	bic.w	r3, r3, #32
 8000e6a:	6023      	str	r3, [r4, #0]
 8000e6c:	2310      	movs	r3, #16
 8000e6e:	e7a7      	b.n	8000dc0 <_printf_i+0xf8>
 8000e70:	4824      	ldr	r0, [pc, #144]	; (8000f04 <_printf_i+0x23c>)
 8000e72:	e7e4      	b.n	8000e3e <_printf_i+0x176>
 8000e74:	4615      	mov	r5, r2
 8000e76:	e7bd      	b.n	8000df4 <_printf_i+0x12c>
 8000e78:	682b      	ldr	r3, [r5, #0]
 8000e7a:	6826      	ldr	r6, [r4, #0]
 8000e7c:	6961      	ldr	r1, [r4, #20]
 8000e7e:	1d18      	adds	r0, r3, #4
 8000e80:	6028      	str	r0, [r5, #0]
 8000e82:	0635      	lsls	r5, r6, #24
 8000e84:	681b      	ldr	r3, [r3, #0]
 8000e86:	d501      	bpl.n	8000e8c <_printf_i+0x1c4>
 8000e88:	6019      	str	r1, [r3, #0]
 8000e8a:	e002      	b.n	8000e92 <_printf_i+0x1ca>
 8000e8c:	0670      	lsls	r0, r6, #25
 8000e8e:	d5fb      	bpl.n	8000e88 <_printf_i+0x1c0>
 8000e90:	8019      	strh	r1, [r3, #0]
 8000e92:	2300      	movs	r3, #0
 8000e94:	6123      	str	r3, [r4, #16]
 8000e96:	4615      	mov	r5, r2
 8000e98:	e7bc      	b.n	8000e14 <_printf_i+0x14c>
 8000e9a:	682b      	ldr	r3, [r5, #0]
 8000e9c:	1d1a      	adds	r2, r3, #4
 8000e9e:	602a      	str	r2, [r5, #0]
 8000ea0:	681d      	ldr	r5, [r3, #0]
 8000ea2:	6862      	ldr	r2, [r4, #4]
 8000ea4:	2100      	movs	r1, #0
 8000ea6:	4628      	mov	r0, r5
 8000ea8:	f7ff f992 	bl	80001d0 <memchr>
 8000eac:	b108      	cbz	r0, 8000eb2 <_printf_i+0x1ea>
 8000eae:	1b40      	subs	r0, r0, r5
 8000eb0:	6060      	str	r0, [r4, #4]
 8000eb2:	6863      	ldr	r3, [r4, #4]
 8000eb4:	6123      	str	r3, [r4, #16]
 8000eb6:	2300      	movs	r3, #0
 8000eb8:	f884 3043 	strb.w	r3, [r4, #67]	; 0x43
 8000ebc:	e7aa      	b.n	8000e14 <_printf_i+0x14c>
 8000ebe:	6923      	ldr	r3, [r4, #16]
 8000ec0:	462a      	mov	r2, r5
 8000ec2:	4649      	mov	r1, r9
 8000ec4:	4640      	mov	r0, r8
 8000ec6:	47d0      	blx	sl
 8000ec8:	3001      	adds	r0, #1
 8000eca:	d0ad      	beq.n	8000e28 <_printf_i+0x160>
 8000ecc:	6823      	ldr	r3, [r4, #0]
 8000ece:	079b      	lsls	r3, r3, #30
 8000ed0:	d413      	bmi.n	8000efa <_printf_i+0x232>
 8000ed2:	68e0      	ldr	r0, [r4, #12]
 8000ed4:	9b03      	ldr	r3, [sp, #12]
 8000ed6:	4298      	cmp	r0, r3
 8000ed8:	bfb8      	it	lt
 8000eda:	4618      	movlt	r0, r3
 8000edc:	e7a6      	b.n	8000e2c <_printf_i+0x164>
 8000ede:	2301      	movs	r3, #1
 8000ee0:	4632      	mov	r2, r6
 8000ee2:	4649      	mov	r1, r9
 8000ee4:	4640      	mov	r0, r8
 8000ee6:	47d0      	blx	sl
 8000ee8:	3001      	adds	r0, #1
 8000eea:	d09d      	beq.n	8000e28 <_printf_i+0x160>
 8000eec:	3501      	adds	r5, #1
 8000eee:	68e3      	ldr	r3, [r4, #12]
 8000ef0:	9903      	ldr	r1, [sp, #12]
 8000ef2:	1a5b      	subs	r3, r3, r1
 8000ef4:	42ab      	cmp	r3, r5
 8000ef6:	dcf2      	bgt.n	8000ede <_printf_i+0x216>
 8000ef8:	e7eb      	b.n	8000ed2 <_printf_i+0x20a>
 8000efa:	2500      	movs	r5, #0
 8000efc:	f104 0619 	add.w	r6, r4, #25
 8000f00:	e7f5      	b.n	8000eee <_printf_i+0x226>
 8000f02:	bf00      	nop
 8000f04:	08001285 	.word	0x08001285
 8000f08:	08001296 	.word	0x08001296

08000f0c <memcpy>:
 8000f0c:	440a      	add	r2, r1
 8000f0e:	4291      	cmp	r1, r2
 8000f10:	f100 33ff 	add.w	r3, r0, #4294967295	; 0xffffffff
 8000f14:	d100      	bne.n	8000f18 <memcpy+0xc>
 8000f16:	4770      	bx	lr
 8000f18:	b510      	push	{r4, lr}
 8000f1a:	f811 4b01 	ldrb.w	r4, [r1], #1
 8000f1e:	f803 4f01 	strb.w	r4, [r3, #1]!
 8000f22:	4291      	cmp	r1, r2
 8000f24:	d1f9      	bne.n	8000f1a <memcpy+0xe>
 8000f26:	bd10      	pop	{r4, pc}

08000f28 <memmove>:
 8000f28:	4288      	cmp	r0, r1
 8000f2a:	b510      	push	{r4, lr}
 8000f2c:	eb01 0402 	add.w	r4, r1, r2
 8000f30:	d902      	bls.n	8000f38 <memmove+0x10>
 8000f32:	4284      	cmp	r4, r0
 8000f34:	4623      	mov	r3, r4
 8000f36:	d807      	bhi.n	8000f48 <memmove+0x20>
 8000f38:	1e43      	subs	r3, r0, #1
 8000f3a:	42a1      	cmp	r1, r4
 8000f3c:	d008      	beq.n	8000f50 <memmove+0x28>
 8000f3e:	f811 2b01 	ldrb.w	r2, [r1], #1
 8000f42:	f803 2f01 	strb.w	r2, [r3, #1]!
 8000f46:	e7f8      	b.n	8000f3a <memmove+0x12>
 8000f48:	4402      	add	r2, r0
 8000f4a:	4601      	mov	r1, r0
 8000f4c:	428a      	cmp	r2, r1
 8000f4e:	d100      	bne.n	8000f52 <memmove+0x2a>
 8000f50:	bd10      	pop	{r4, pc}
 8000f52:	f813 4d01 	ldrb.w	r4, [r3, #-1]!
 8000f56:	f802 4d01 	strb.w	r4, [r2, #-1]!
 8000f5a:	e7f7      	b.n	8000f4c <memmove+0x24>

08000f5c <_free_r>:
 8000f5c:	b537      	push	{r0, r1, r2, r4, r5, lr}
 8000f5e:	2900      	cmp	r1, #0
 8000f60:	d044      	beq.n	8000fec <_free_r+0x90>
 8000f62:	f851 3c04 	ldr.w	r3, [r1, #-4]
 8000f66:	9001      	str	r0, [sp, #4]
 8000f68:	2b00      	cmp	r3, #0
 8000f6a:	f1a1 0404 	sub.w	r4, r1, #4
 8000f6e:	bfb8      	it	lt
 8000f70:	18e4      	addlt	r4, r4, r3
 8000f72:	f000 f913 	bl	800119c <__malloc_lock>
 8000f76:	4a1e      	ldr	r2, [pc, #120]	; (8000ff0 <_free_r+0x94>)
 8000f78:	9801      	ldr	r0, [sp, #4]
 8000f7a:	6813      	ldr	r3, [r2, #0]
 8000f7c:	b933      	cbnz	r3, 8000f8c <_free_r+0x30>
 8000f7e:	6063      	str	r3, [r4, #4]
 8000f80:	6014      	str	r4, [r2, #0]
 8000f82:	b003      	add	sp, #12
 8000f84:	e8bd 4030 	ldmia.w	sp!, {r4, r5, lr}
 8000f88:	f000 b90e 	b.w	80011a8 <__malloc_unlock>
 8000f8c:	42a3      	cmp	r3, r4
 8000f8e:	d908      	bls.n	8000fa2 <_free_r+0x46>
 8000f90:	6825      	ldr	r5, [r4, #0]
 8000f92:	1961      	adds	r1, r4, r5
 8000f94:	428b      	cmp	r3, r1
 8000f96:	bf01      	itttt	eq
 8000f98:	6819      	ldreq	r1, [r3, #0]
 8000f9a:	685b      	ldreq	r3, [r3, #4]
 8000f9c:	1949      	addeq	r1, r1, r5
 8000f9e:	6021      	streq	r1, [r4, #0]
 8000fa0:	e7ed      	b.n	8000f7e <_free_r+0x22>
 8000fa2:	461a      	mov	r2, r3
 8000fa4:	685b      	ldr	r3, [r3, #4]
 8000fa6:	b10b      	cbz	r3, 8000fac <_free_r+0x50>
 8000fa8:	42a3      	cmp	r3, r4
 8000faa:	d9fa      	bls.n	8000fa2 <_free_r+0x46>
 8000fac:	6811      	ldr	r1, [r2, #0]
 8000fae:	1855      	adds	r5, r2, r1
 8000fb0:	42a5      	cmp	r5, r4
 8000fb2:	d10b      	bne.n	8000fcc <_free_r+0x70>
 8000fb4:	6824      	ldr	r4, [r4, #0]
 8000fb6:	4421      	add	r1, r4
 8000fb8:	1854      	adds	r4, r2, r1
 8000fba:	42a3      	cmp	r3, r4
 8000fbc:	6011      	str	r1, [r2, #0]
 8000fbe:	d1e0      	bne.n	8000f82 <_free_r+0x26>
 8000fc0:	681c      	ldr	r4, [r3, #0]
 8000fc2:	685b      	ldr	r3, [r3, #4]
 8000fc4:	6053      	str	r3, [r2, #4]
 8000fc6:	440c      	add	r4, r1
 8000fc8:	6014      	str	r4, [r2, #0]
 8000fca:	e7da      	b.n	8000f82 <_free_r+0x26>
 8000fcc:	d902      	bls.n	8000fd4 <_free_r+0x78>
 8000fce:	230c      	movs	r3, #12
 8000fd0:	6003      	str	r3, [r0, #0]
 8000fd2:	e7d6      	b.n	8000f82 <_free_r+0x26>
 8000fd4:	6825      	ldr	r5, [r4, #0]
 8000fd6:	1961      	adds	r1, r4, r5
 8000fd8:	428b      	cmp	r3, r1
 8000fda:	bf04      	itt	eq
 8000fdc:	6819      	ldreq	r1, [r3, #0]
 8000fde:	685b      	ldreq	r3, [r3, #4]
 8000fe0:	6063      	str	r3, [r4, #4]
 8000fe2:	bf04      	itt	eq
 8000fe4:	1949      	addeq	r1, r1, r5
 8000fe6:	6021      	streq	r1, [r4, #0]
 8000fe8:	6054      	str	r4, [r2, #4]
 8000fea:	e7ca      	b.n	8000f82 <_free_r+0x26>
 8000fec:	b003      	add	sp, #12
 8000fee:	bd30      	pop	{r4, r5, pc}
 8000ff0:	20000888 	.word	0x20000888

08000ff4 <sbrk_aligned>:
 8000ff4:	b570      	push	{r4, r5, r6, lr}
 8000ff6:	4e0e      	ldr	r6, [pc, #56]	; (8001030 <sbrk_aligned+0x3c>)
 8000ff8:	460c      	mov	r4, r1
 8000ffa:	6831      	ldr	r1, [r6, #0]
 8000ffc:	4605      	mov	r5, r0
 8000ffe:	b911      	cbnz	r1, 8001006 <sbrk_aligned+0x12>
 8001000:	f000 f8bc 	bl	800117c <_sbrk_r>
 8001004:	6030      	str	r0, [r6, #0]
 8001006:	4621      	mov	r1, r4
 8001008:	4628      	mov	r0, r5
 800100a:	f000 f8b7 	bl	800117c <_sbrk_r>
 800100e:	1c43      	adds	r3, r0, #1
 8001010:	d00a      	beq.n	8001028 <sbrk_aligned+0x34>
 8001012:	1cc4      	adds	r4, r0, #3
 8001014:	f024 0403 	bic.w	r4, r4, #3
 8001018:	42a0      	cmp	r0, r4
 800101a:	d007      	beq.n	800102c <sbrk_aligned+0x38>
 800101c:	1a21      	subs	r1, r4, r0
 800101e:	4628      	mov	r0, r5
 8001020:	f000 f8ac 	bl	800117c <_sbrk_r>
 8001024:	3001      	adds	r0, #1
 8001026:	d101      	bne.n	800102c <sbrk_aligned+0x38>
 8001028:	f04f 34ff 	mov.w	r4, #4294967295	; 0xffffffff
 800102c:	4620      	mov	r0, r4
 800102e:	bd70      	pop	{r4, r5, r6, pc}
 8001030:	2000088c 	.word	0x2000088c

08001034 <_malloc_r>:
 8001034:	e92d 41f0 	stmdb	sp!, {r4, r5, r6, r7, r8, lr}
 8001038:	1ccd      	adds	r5, r1, #3
 800103a:	f025 0503 	bic.w	r5, r5, #3
 800103e:	3508      	adds	r5, #8
 8001040:	2d0c      	cmp	r5, #12
 8001042:	bf38      	it	cc
 8001044:	250c      	movcc	r5, #12
 8001046:	2d00      	cmp	r5, #0
 8001048:	4607      	mov	r7, r0
 800104a:	db01      	blt.n	8001050 <_malloc_r+0x1c>
 800104c:	42a9      	cmp	r1, r5
 800104e:	d905      	bls.n	800105c <_malloc_r+0x28>
 8001050:	230c      	movs	r3, #12
 8001052:	603b      	str	r3, [r7, #0]
 8001054:	2600      	movs	r6, #0
 8001056:	4630      	mov	r0, r6
 8001058:	e8bd 81f0 	ldmia.w	sp!, {r4, r5, r6, r7, r8, pc}
 800105c:	4e2e      	ldr	r6, [pc, #184]	; (8001118 <_malloc_r+0xe4>)
 800105e:	f000 f89d 	bl	800119c <__malloc_lock>
 8001062:	6833      	ldr	r3, [r6, #0]
 8001064:	461c      	mov	r4, r3
 8001066:	bb34      	cbnz	r4, 80010b6 <_malloc_r+0x82>
 8001068:	4629      	mov	r1, r5
 800106a:	4638      	mov	r0, r7
 800106c:	f7ff ffc2 	bl	8000ff4 <sbrk_aligned>
 8001070:	1c43      	adds	r3, r0, #1
 8001072:	4604      	mov	r4, r0
 8001074:	d14d      	bne.n	8001112 <_malloc_r+0xde>
 8001076:	6834      	ldr	r4, [r6, #0]
 8001078:	4626      	mov	r6, r4
 800107a:	2e00      	cmp	r6, #0
 800107c:	d140      	bne.n	8001100 <_malloc_r+0xcc>
 800107e:	6823      	ldr	r3, [r4, #0]
 8001080:	4631      	mov	r1, r6
 8001082:	4638      	mov	r0, r7
 8001084:	eb04 0803 	add.w	r8, r4, r3
 8001088:	f000 f878 	bl	800117c <_sbrk_r>
 800108c:	4580      	cmp	r8, r0
 800108e:	d13a      	bne.n	8001106 <_malloc_r+0xd2>
 8001090:	6823      	ldr	r3, [r4, #0]
 8001092:	3503      	adds	r5, #3
 8001094:	1aed      	subs	r5, r5, r3
 8001096:	f025 0503 	bic.w	r5, r5, #3
 800109a:	3508      	adds	r5, #8
 800109c:	2d0c      	cmp	r5, #12
 800109e:	bf38      	it	cc
 80010a0:	250c      	movcc	r5, #12
 80010a2:	4629      	mov	r1, r5
 80010a4:	4638      	mov	r0, r7
 80010a6:	f7ff ffa5 	bl	8000ff4 <sbrk_aligned>
 80010aa:	3001      	adds	r0, #1
 80010ac:	d02b      	beq.n	8001106 <_malloc_r+0xd2>
 80010ae:	6823      	ldr	r3, [r4, #0]
 80010b0:	442b      	add	r3, r5
 80010b2:	6023      	str	r3, [r4, #0]
 80010b4:	e00e      	b.n	80010d4 <_malloc_r+0xa0>
 80010b6:	6822      	ldr	r2, [r4, #0]
 80010b8:	1b52      	subs	r2, r2, r5
 80010ba:	d41e      	bmi.n	80010fa <_malloc_r+0xc6>
 80010bc:	2a0b      	cmp	r2, #11
 80010be:	d916      	bls.n	80010ee <_malloc_r+0xba>
 80010c0:	1961      	adds	r1, r4, r5
 80010c2:	42a3      	cmp	r3, r4
 80010c4:	6025      	str	r5, [r4, #0]
 80010c6:	bf18      	it	ne
 80010c8:	6059      	strne	r1, [r3, #4]
 80010ca:	6863      	ldr	r3, [r4, #4]
 80010cc:	bf08      	it	eq
 80010ce:	6031      	streq	r1, [r6, #0]
 80010d0:	5162      	str	r2, [r4, r5]
 80010d2:	604b      	str	r3, [r1, #4]
 80010d4:	4638      	mov	r0, r7
 80010d6:	f104 060b 	add.w	r6, r4, #11
 80010da:	f000 f865 	bl	80011a8 <__malloc_unlock>
 80010de:	f026 0607 	bic.w	r6, r6, #7
 80010e2:	1d23      	adds	r3, r4, #4
 80010e4:	1af2      	subs	r2, r6, r3
 80010e6:	d0b6      	beq.n	8001056 <_malloc_r+0x22>
 80010e8:	1b9b      	subs	r3, r3, r6
 80010ea:	50a3      	str	r3, [r4, r2]
 80010ec:	e7b3      	b.n	8001056 <_malloc_r+0x22>
 80010ee:	6862      	ldr	r2, [r4, #4]
 80010f0:	42a3      	cmp	r3, r4
 80010f2:	bf0c      	ite	eq
 80010f4:	6032      	streq	r2, [r6, #0]
 80010f6:	605a      	strne	r2, [r3, #4]
 80010f8:	e7ec      	b.n	80010d4 <_malloc_r+0xa0>
 80010fa:	4623      	mov	r3, r4
 80010fc:	6864      	ldr	r4, [r4, #4]
 80010fe:	e7b2      	b.n	8001066 <_malloc_r+0x32>
 8001100:	4634      	mov	r4, r6
 8001102:	6876      	ldr	r6, [r6, #4]
 8001104:	e7b9      	b.n	800107a <_malloc_r+0x46>
 8001106:	230c      	movs	r3, #12
 8001108:	603b      	str	r3, [r7, #0]
 800110a:	4638      	mov	r0, r7
 800110c:	f000 f84c 	bl	80011a8 <__malloc_unlock>
 8001110:	e7a1      	b.n	8001056 <_malloc_r+0x22>
 8001112:	6025      	str	r5, [r4, #0]
 8001114:	e7de      	b.n	80010d4 <_malloc_r+0xa0>
 8001116:	bf00      	nop
 8001118:	20000888 	.word	0x20000888

0800111c <_realloc_r>:
 800111c:	e92d 41f0 	stmdb	sp!, {r4, r5, r6, r7, r8, lr}
 8001120:	4680      	mov	r8, r0
 8001122:	4614      	mov	r4, r2
 8001124:	460e      	mov	r6, r1
 8001126:	b921      	cbnz	r1, 8001132 <_realloc_r+0x16>
 8001128:	e8bd 41f0 	ldmia.w	sp!, {r4, r5, r6, r7, r8, lr}
 800112c:	4611      	mov	r1, r2
 800112e:	f7ff bf81 	b.w	8001034 <_malloc_r>
 8001132:	b92a      	cbnz	r2, 8001140 <_realloc_r+0x24>
 8001134:	f7ff ff12 	bl	8000f5c <_free_r>
 8001138:	4625      	mov	r5, r4
 800113a:	4628      	mov	r0, r5
 800113c:	e8bd 81f0 	ldmia.w	sp!, {r4, r5, r6, r7, r8, pc}
 8001140:	f000 f838 	bl	80011b4 <_malloc_usable_size_r>
 8001144:	4284      	cmp	r4, r0
 8001146:	4607      	mov	r7, r0
 8001148:	d802      	bhi.n	8001150 <_realloc_r+0x34>
 800114a:	ebb4 0f50 	cmp.w	r4, r0, lsr #1
 800114e:	d812      	bhi.n	8001176 <_realloc_r+0x5a>
 8001150:	4621      	mov	r1, r4
 8001152:	4640      	mov	r0, r8
 8001154:	f7ff ff6e 	bl	8001034 <_malloc_r>
 8001158:	4605      	mov	r5, r0
 800115a:	2800      	cmp	r0, #0
 800115c:	d0ed      	beq.n	800113a <_realloc_r+0x1e>
 800115e:	42bc      	cmp	r4, r7
 8001160:	4622      	mov	r2, r4
 8001162:	4631      	mov	r1, r6
 8001164:	bf28      	it	cs
 8001166:	463a      	movcs	r2, r7
 8001168:	f7ff fed0 	bl	8000f0c <memcpy>
 800116c:	4631      	mov	r1, r6
 800116e:	4640      	mov	r0, r8
 8001170:	f7ff fef4 	bl	8000f5c <_free_r>
 8001174:	e7e1      	b.n	800113a <_realloc_r+0x1e>
 8001176:	4635      	mov	r5, r6
 8001178:	e7df      	b.n	800113a <_realloc_r+0x1e>
	...

0800117c <_sbrk_r>:
 800117c:	b538      	push	{r3, r4, r5, lr}
 800117e:	4d06      	ldr	r5, [pc, #24]	; (8001198 <_sbrk_r+0x1c>)
 8001180:	2300      	movs	r3, #0
 8001182:	4604      	mov	r4, r0
 8001184:	4608      	mov	r0, r1
 8001186:	602b      	str	r3, [r5, #0]
 8001188:	f000 f81c 	bl	80011c4 <_sbrk>
 800118c:	1c43      	adds	r3, r0, #1
 800118e:	d102      	bne.n	8001196 <_sbrk_r+0x1a>
 8001190:	682b      	ldr	r3, [r5, #0]
 8001192:	b103      	cbz	r3, 8001196 <_sbrk_r+0x1a>
 8001194:	6023      	str	r3, [r4, #0]
 8001196:	bd38      	pop	{r3, r4, r5, pc}
 8001198:	20000890 	.word	0x20000890

0800119c <__malloc_lock>:
 800119c:	4801      	ldr	r0, [pc, #4]	; (80011a4 <__malloc_lock+0x8>)
 800119e:	f7ff bbcb 	b.w	8000938 <__retarget_lock_acquire_recursive>
 80011a2:	bf00      	nop
 80011a4:	20000884 	.word	0x20000884

080011a8 <__malloc_unlock>:
 80011a8:	4801      	ldr	r0, [pc, #4]	; (80011b0 <__malloc_unlock+0x8>)
 80011aa:	f7ff bbc6 	b.w	800093a <__retarget_lock_release_recursive>
 80011ae:	bf00      	nop
 80011b0:	20000884 	.word	0x20000884

080011b4 <_malloc_usable_size_r>:
 80011b4:	f851 3c04 	ldr.w	r3, [r1, #-4]
 80011b8:	1f18      	subs	r0, r3, #4
 80011ba:	2b00      	cmp	r3, #0
 80011bc:	bfbc      	itt	lt
 80011be:	580b      	ldrlt	r3, [r1, r0]
 80011c0:	18c0      	addlt	r0, r0, r3
 80011c2:	4770      	bx	lr

080011c4 <_sbrk>:
 80011c4:	4a04      	ldr	r2, [pc, #16]	; (80011d8 <_sbrk+0x14>)
 80011c6:	4905      	ldr	r1, [pc, #20]	; (80011dc <_sbrk+0x18>)
 80011c8:	6813      	ldr	r3, [r2, #0]
 80011ca:	2b00      	cmp	r3, #0
 80011cc:	bf08      	it	eq
 80011ce:	460b      	moveq	r3, r1
 80011d0:	4418      	add	r0, r3
 80011d2:	6010      	str	r0, [r2, #0]
 80011d4:	4618      	mov	r0, r3
 80011d6:	4770      	bx	lr
 80011d8:	20000894 	.word	0x20000894
 80011dc:	20000898 	.word	0x20000898

080011e0 <_init>:
 80011e0:	b5f8      	push	{r3, r4, r5, r6, r7, lr}
 80011e2:	bf00      	nop
 80011e4:	bcf8      	pop	{r3, r4, r5, r6, r7}
 80011e6:	bc08      	pop	{r3}
 80011e8:	469e      	mov	lr, r3
 80011ea:	4770      	bx	lr

080011ec <_fini>:
 80011ec:	b5f8      	push	{r3, r4, r5, r6, r7, lr}
 80011ee:	bf00      	nop
 80011f0:	bcf8      	pop	{r3, r4, r5, r6, r7}
 80011f2:	bc08      	pop	{r3}
 80011f4:	469e      	mov	lr, r3
 80011f6:	4770      	bx	lr
