ARM GAS  /tmp/ccXuI5YN.s 			page 1


   1              		.cpu cortex-m4
   2              		.arch armv7e-m
   3              		.fpu fpv4-sp-d16
   4              		.eabi_attribute 27, 1
   5              		.eabi_attribute 28, 1
   6              		.eabi_attribute 20, 1
   7              		.eabi_attribute 21, 1
   8              		.eabi_attribute 23, 3
   9              		.eabi_attribute 24, 1
  10              		.eabi_attribute 25, 1
  11              		.eabi_attribute 26, 1
  12              		.eabi_attribute 30, 1
  13              		.eabi_attribute 34, 1
  14              		.eabi_attribute 18, 4
  15              		.file	"ble_list.c"
  16              		.text
  17              	.Ltext0:
  18              		.cfi_sections	.debug_frame
  19              		.file 1 "Middlewares/ST/BlueNRG-MS/utils/ble_list.c"
  20              		.section	.text.list_init_head,"ax",%progbits
  21              		.align	1
  22              		.global	list_init_head
  23              		.syntax unified
  24              		.thumb
  25              		.thumb_func
  27              	list_init_head:
  28              	.LVL0:
  29              	.LFB135:
   1:Middlewares/ST/BlueNRG-MS/utils/ble_list.c **** /**
   2:Middlewares/ST/BlueNRG-MS/utils/ble_list.c ****   ******************************************************************************
   3:Middlewares/ST/BlueNRG-MS/utils/ble_list.c ****   * @file    ble_list.c
   4:Middlewares/ST/BlueNRG-MS/utils/ble_list.c ****   * @author  AMS - HEA&RF BU
   5:Middlewares/ST/BlueNRG-MS/utils/ble_list.c ****   * @brief   Circular linked list implementation
   6:Middlewares/ST/BlueNRG-MS/utils/ble_list.c ****   ******************************************************************************
   7:Middlewares/ST/BlueNRG-MS/utils/ble_list.c ****   * @attention
   8:Middlewares/ST/BlueNRG-MS/utils/ble_list.c ****   *
   9:Middlewares/ST/BlueNRG-MS/utils/ble_list.c ****   * Copyright (c) 2012 STMicroelectronics.
  10:Middlewares/ST/BlueNRG-MS/utils/ble_list.c ****   * All rights reserved.
  11:Middlewares/ST/BlueNRG-MS/utils/ble_list.c ****   *
  12:Middlewares/ST/BlueNRG-MS/utils/ble_list.c ****   * This software is licensed under terms that can be found in the LICENSE file
  13:Middlewares/ST/BlueNRG-MS/utils/ble_list.c ****   * in the root directory of this software component.
  14:Middlewares/ST/BlueNRG-MS/utils/ble_list.c ****   * If no LICENSE file comes with this software, it is provided AS-IS.
  15:Middlewares/ST/BlueNRG-MS/utils/ble_list.c ****   *
  16:Middlewares/ST/BlueNRG-MS/utils/ble_list.c ****   ******************************************************************************
  17:Middlewares/ST/BlueNRG-MS/utils/ble_list.c ****   */
  18:Middlewares/ST/BlueNRG-MS/utils/ble_list.c **** /******************************************************************************
  19:Middlewares/ST/BlueNRG-MS/utils/ble_list.c ****  * Include Files
  20:Middlewares/ST/BlueNRG-MS/utils/ble_list.c **** ******************************************************************************/
  21:Middlewares/ST/BlueNRG-MS/utils/ble_list.c **** #include "ble_list.h"
  22:Middlewares/ST/BlueNRG-MS/utils/ble_list.c **** #include <stdio.h>
  23:Middlewares/ST/BlueNRG-MS/utils/ble_list.c **** 
  24:Middlewares/ST/BlueNRG-MS/utils/ble_list.c **** #include "ble_list_utils.h"
  25:Middlewares/ST/BlueNRG-MS/utils/ble_list.c **** 
  26:Middlewares/ST/BlueNRG-MS/utils/ble_list.c **** /******************************************************************************
  27:Middlewares/ST/BlueNRG-MS/utils/ble_list.c ****  * Function Definitions 
  28:Middlewares/ST/BlueNRG-MS/utils/ble_list.c **** ******************************************************************************/
  29:Middlewares/ST/BlueNRG-MS/utils/ble_list.c **** void list_init_head (tListNode * listHead)
ARM GAS  /tmp/ccXuI5YN.s 			page 2


  30:Middlewares/ST/BlueNRG-MS/utils/ble_list.c **** {
  30              		.loc 1 30 1 view -0
  31              		.cfi_startproc
  32              		@ args = 0, pretend = 0, frame = 0
  33              		@ frame_needed = 0, uses_anonymous_args = 0
  34              		@ link register save eliminated.
  31:Middlewares/ST/BlueNRG-MS/utils/ble_list.c ****   listHead->next = listHead;
  35              		.loc 1 31 3 view .LVU1
  36              		.loc 1 31 18 is_stmt 0 view .LVU2
  37 0000 0060     		str	r0, [r0]
  32:Middlewares/ST/BlueNRG-MS/utils/ble_list.c ****   listHead->prev = listHead;	
  38              		.loc 1 32 3 is_stmt 1 view .LVU3
  39              		.loc 1 32 18 is_stmt 0 view .LVU4
  40 0002 4060     		str	r0, [r0, #4]
  33:Middlewares/ST/BlueNRG-MS/utils/ble_list.c **** }
  41              		.loc 1 33 1 view .LVU5
  42 0004 7047     		bx	lr
  43              		.cfi_endproc
  44              	.LFE135:
  46              		.section	.text.list_is_empty,"ax",%progbits
  47              		.align	1
  48              		.global	list_is_empty
  49              		.syntax unified
  50              		.thumb
  51              		.thumb_func
  53              	list_is_empty:
  54              	.LVL1:
  55              	.LFB136:
  34:Middlewares/ST/BlueNRG-MS/utils/ble_list.c **** 
  35:Middlewares/ST/BlueNRG-MS/utils/ble_list.c **** uint8_t list_is_empty (tListNode * listHead)
  36:Middlewares/ST/BlueNRG-MS/utils/ble_list.c **** {
  56              		.loc 1 36 1 is_stmt 1 view -0
  57              		.cfi_startproc
  58              		@ args = 0, pretend = 0, frame = 0
  59              		@ frame_needed = 0, uses_anonymous_args = 0
  60              		@ link register save eliminated.
  37:Middlewares/ST/BlueNRG-MS/utils/ble_list.c ****   uint8_t return_value;
  61              		.loc 1 37 3 view .LVU7
  38:Middlewares/ST/BlueNRG-MS/utils/ble_list.c ****   
  39:Middlewares/ST/BlueNRG-MS/utils/ble_list.c ****   uint32_t uwPRIMASK_Bit;
  62              		.loc 1 39 3 view .LVU8
  40:Middlewares/ST/BlueNRG-MS/utils/ble_list.c ****   uwPRIMASK_Bit = __get_PRIMASK();  /**< backup PRIMASK bit */
  63              		.loc 1 40 3 view .LVU9
  64              	.LBB68:
  65              	.LBI68:
  66              		.file 2 "Drivers/CMSIS/Include/cmsis_gcc.h"
   1:Drivers/CMSIS/Include/cmsis_gcc.h **** /**************************************************************************//**
   2:Drivers/CMSIS/Include/cmsis_gcc.h ****  * @file     cmsis_gcc.h
   3:Drivers/CMSIS/Include/cmsis_gcc.h ****  * @brief    CMSIS compiler GCC header file
   4:Drivers/CMSIS/Include/cmsis_gcc.h ****  * @version  V5.2.0
   5:Drivers/CMSIS/Include/cmsis_gcc.h ****  * @date     08. May 2019
   6:Drivers/CMSIS/Include/cmsis_gcc.h ****  ******************************************************************************/
   7:Drivers/CMSIS/Include/cmsis_gcc.h **** /*
   8:Drivers/CMSIS/Include/cmsis_gcc.h ****  * Copyright (c) 2009-2019 Arm Limited. All rights reserved.
   9:Drivers/CMSIS/Include/cmsis_gcc.h ****  *
  10:Drivers/CMSIS/Include/cmsis_gcc.h ****  * SPDX-License-Identifier: Apache-2.0
  11:Drivers/CMSIS/Include/cmsis_gcc.h ****  *
ARM GAS  /tmp/ccXuI5YN.s 			page 3


  12:Drivers/CMSIS/Include/cmsis_gcc.h ****  * Licensed under the Apache License, Version 2.0 (the License); you may
  13:Drivers/CMSIS/Include/cmsis_gcc.h ****  * not use this file except in compliance with the License.
  14:Drivers/CMSIS/Include/cmsis_gcc.h ****  * You may obtain a copy of the License at
  15:Drivers/CMSIS/Include/cmsis_gcc.h ****  *
  16:Drivers/CMSIS/Include/cmsis_gcc.h ****  * www.apache.org/licenses/LICENSE-2.0
  17:Drivers/CMSIS/Include/cmsis_gcc.h ****  *
  18:Drivers/CMSIS/Include/cmsis_gcc.h ****  * Unless required by applicable law or agreed to in writing, software
  19:Drivers/CMSIS/Include/cmsis_gcc.h ****  * distributed under the License is distributed on an AS IS BASIS, WITHOUT
  20:Drivers/CMSIS/Include/cmsis_gcc.h ****  * WARRANTIES OR CONDITIONS OF ANY KIND, either express or implied.
  21:Drivers/CMSIS/Include/cmsis_gcc.h ****  * See the License for the specific language governing permissions and
  22:Drivers/CMSIS/Include/cmsis_gcc.h ****  * limitations under the License.
  23:Drivers/CMSIS/Include/cmsis_gcc.h ****  */
  24:Drivers/CMSIS/Include/cmsis_gcc.h **** 
  25:Drivers/CMSIS/Include/cmsis_gcc.h **** #ifndef __CMSIS_GCC_H
  26:Drivers/CMSIS/Include/cmsis_gcc.h **** #define __CMSIS_GCC_H
  27:Drivers/CMSIS/Include/cmsis_gcc.h **** 
  28:Drivers/CMSIS/Include/cmsis_gcc.h **** /* ignore some GCC warnings */
  29:Drivers/CMSIS/Include/cmsis_gcc.h **** #pragma GCC diagnostic push
  30:Drivers/CMSIS/Include/cmsis_gcc.h **** #pragma GCC diagnostic ignored "-Wsign-conversion"
  31:Drivers/CMSIS/Include/cmsis_gcc.h **** #pragma GCC diagnostic ignored "-Wconversion"
  32:Drivers/CMSIS/Include/cmsis_gcc.h **** #pragma GCC diagnostic ignored "-Wunused-parameter"
  33:Drivers/CMSIS/Include/cmsis_gcc.h **** 
  34:Drivers/CMSIS/Include/cmsis_gcc.h **** /* Fallback for __has_builtin */
  35:Drivers/CMSIS/Include/cmsis_gcc.h **** #ifndef __has_builtin
  36:Drivers/CMSIS/Include/cmsis_gcc.h ****   #define __has_builtin(x) (0)
  37:Drivers/CMSIS/Include/cmsis_gcc.h **** #endif
  38:Drivers/CMSIS/Include/cmsis_gcc.h **** 
  39:Drivers/CMSIS/Include/cmsis_gcc.h **** /* CMSIS compiler specific defines */
  40:Drivers/CMSIS/Include/cmsis_gcc.h **** #ifndef   __ASM
  41:Drivers/CMSIS/Include/cmsis_gcc.h ****   #define __ASM                                  __asm
  42:Drivers/CMSIS/Include/cmsis_gcc.h **** #endif
  43:Drivers/CMSIS/Include/cmsis_gcc.h **** #ifndef   __INLINE
  44:Drivers/CMSIS/Include/cmsis_gcc.h ****   #define __INLINE                               inline
  45:Drivers/CMSIS/Include/cmsis_gcc.h **** #endif
  46:Drivers/CMSIS/Include/cmsis_gcc.h **** #ifndef   __STATIC_INLINE
  47:Drivers/CMSIS/Include/cmsis_gcc.h ****   #define __STATIC_INLINE                        static inline
  48:Drivers/CMSIS/Include/cmsis_gcc.h **** #endif
  49:Drivers/CMSIS/Include/cmsis_gcc.h **** #ifndef   __STATIC_FORCEINLINE                 
  50:Drivers/CMSIS/Include/cmsis_gcc.h ****   #define __STATIC_FORCEINLINE                   __attribute__((always_inline)) static inline
  51:Drivers/CMSIS/Include/cmsis_gcc.h **** #endif                                           
  52:Drivers/CMSIS/Include/cmsis_gcc.h **** #ifndef   __NO_RETURN
  53:Drivers/CMSIS/Include/cmsis_gcc.h ****   #define __NO_RETURN                            __attribute__((__noreturn__))
  54:Drivers/CMSIS/Include/cmsis_gcc.h **** #endif
  55:Drivers/CMSIS/Include/cmsis_gcc.h **** #ifndef   __USED
  56:Drivers/CMSIS/Include/cmsis_gcc.h ****   #define __USED                                 __attribute__((used))
  57:Drivers/CMSIS/Include/cmsis_gcc.h **** #endif
  58:Drivers/CMSIS/Include/cmsis_gcc.h **** #ifndef   __WEAK
  59:Drivers/CMSIS/Include/cmsis_gcc.h ****   #define __WEAK                                 __attribute__((weak))
  60:Drivers/CMSIS/Include/cmsis_gcc.h **** #endif
  61:Drivers/CMSIS/Include/cmsis_gcc.h **** #ifndef   __PACKED
  62:Drivers/CMSIS/Include/cmsis_gcc.h ****   #define __PACKED                               __attribute__((packed, aligned(1)))
  63:Drivers/CMSIS/Include/cmsis_gcc.h **** #endif
  64:Drivers/CMSIS/Include/cmsis_gcc.h **** #ifndef   __PACKED_STRUCT
  65:Drivers/CMSIS/Include/cmsis_gcc.h ****   #define __PACKED_STRUCT                        struct __attribute__((packed, aligned(1)))
  66:Drivers/CMSIS/Include/cmsis_gcc.h **** #endif
  67:Drivers/CMSIS/Include/cmsis_gcc.h **** #ifndef   __PACKED_UNION
  68:Drivers/CMSIS/Include/cmsis_gcc.h ****   #define __PACKED_UNION                         union __attribute__((packed, aligned(1)))
ARM GAS  /tmp/ccXuI5YN.s 			page 4


  69:Drivers/CMSIS/Include/cmsis_gcc.h **** #endif
  70:Drivers/CMSIS/Include/cmsis_gcc.h **** #ifndef   __UNALIGNED_UINT32        /* deprecated */
  71:Drivers/CMSIS/Include/cmsis_gcc.h ****   #pragma GCC diagnostic push
  72:Drivers/CMSIS/Include/cmsis_gcc.h ****   #pragma GCC diagnostic ignored "-Wpacked"
  73:Drivers/CMSIS/Include/cmsis_gcc.h ****   #pragma GCC diagnostic ignored "-Wattributes"
  74:Drivers/CMSIS/Include/cmsis_gcc.h ****   struct __attribute__((packed)) T_UINT32 { uint32_t v; };
  75:Drivers/CMSIS/Include/cmsis_gcc.h ****   #pragma GCC diagnostic pop
  76:Drivers/CMSIS/Include/cmsis_gcc.h ****   #define __UNALIGNED_UINT32(x)                  (((struct T_UINT32 *)(x))->v)
  77:Drivers/CMSIS/Include/cmsis_gcc.h **** #endif
  78:Drivers/CMSIS/Include/cmsis_gcc.h **** #ifndef   __UNALIGNED_UINT16_WRITE
  79:Drivers/CMSIS/Include/cmsis_gcc.h ****   #pragma GCC diagnostic push
  80:Drivers/CMSIS/Include/cmsis_gcc.h ****   #pragma GCC diagnostic ignored "-Wpacked"
  81:Drivers/CMSIS/Include/cmsis_gcc.h ****   #pragma GCC diagnostic ignored "-Wattributes"
  82:Drivers/CMSIS/Include/cmsis_gcc.h ****   __PACKED_STRUCT T_UINT16_WRITE { uint16_t v; };
  83:Drivers/CMSIS/Include/cmsis_gcc.h ****   #pragma GCC diagnostic pop
  84:Drivers/CMSIS/Include/cmsis_gcc.h ****   #define __UNALIGNED_UINT16_WRITE(addr, val)    (void)((((struct T_UINT16_WRITE *)(void *)(addr))-
  85:Drivers/CMSIS/Include/cmsis_gcc.h **** #endif
  86:Drivers/CMSIS/Include/cmsis_gcc.h **** #ifndef   __UNALIGNED_UINT16_READ
  87:Drivers/CMSIS/Include/cmsis_gcc.h ****   #pragma GCC diagnostic push
  88:Drivers/CMSIS/Include/cmsis_gcc.h ****   #pragma GCC diagnostic ignored "-Wpacked"
  89:Drivers/CMSIS/Include/cmsis_gcc.h ****   #pragma GCC diagnostic ignored "-Wattributes"
  90:Drivers/CMSIS/Include/cmsis_gcc.h ****   __PACKED_STRUCT T_UINT16_READ { uint16_t v; };
  91:Drivers/CMSIS/Include/cmsis_gcc.h ****   #pragma GCC diagnostic pop
  92:Drivers/CMSIS/Include/cmsis_gcc.h ****   #define __UNALIGNED_UINT16_READ(addr)          (((const struct T_UINT16_READ *)(const void *)(add
  93:Drivers/CMSIS/Include/cmsis_gcc.h **** #endif
  94:Drivers/CMSIS/Include/cmsis_gcc.h **** #ifndef   __UNALIGNED_UINT32_WRITE
  95:Drivers/CMSIS/Include/cmsis_gcc.h ****   #pragma GCC diagnostic push
  96:Drivers/CMSIS/Include/cmsis_gcc.h ****   #pragma GCC diagnostic ignored "-Wpacked"
  97:Drivers/CMSIS/Include/cmsis_gcc.h ****   #pragma GCC diagnostic ignored "-Wattributes"
  98:Drivers/CMSIS/Include/cmsis_gcc.h ****   __PACKED_STRUCT T_UINT32_WRITE { uint32_t v; };
  99:Drivers/CMSIS/Include/cmsis_gcc.h ****   #pragma GCC diagnostic pop
 100:Drivers/CMSIS/Include/cmsis_gcc.h ****   #define __UNALIGNED_UINT32_WRITE(addr, val)    (void)((((struct T_UINT32_WRITE *)(void *)(addr))-
 101:Drivers/CMSIS/Include/cmsis_gcc.h **** #endif
 102:Drivers/CMSIS/Include/cmsis_gcc.h **** #ifndef   __UNALIGNED_UINT32_READ
 103:Drivers/CMSIS/Include/cmsis_gcc.h ****   #pragma GCC diagnostic push
 104:Drivers/CMSIS/Include/cmsis_gcc.h ****   #pragma GCC diagnostic ignored "-Wpacked"
 105:Drivers/CMSIS/Include/cmsis_gcc.h ****   #pragma GCC diagnostic ignored "-Wattributes"
 106:Drivers/CMSIS/Include/cmsis_gcc.h ****   __PACKED_STRUCT T_UINT32_READ { uint32_t v; };
 107:Drivers/CMSIS/Include/cmsis_gcc.h ****   #pragma GCC diagnostic pop
 108:Drivers/CMSIS/Include/cmsis_gcc.h ****   #define __UNALIGNED_UINT32_READ(addr)          (((const struct T_UINT32_READ *)(const void *)(add
 109:Drivers/CMSIS/Include/cmsis_gcc.h **** #endif
 110:Drivers/CMSIS/Include/cmsis_gcc.h **** #ifndef   __ALIGNED
 111:Drivers/CMSIS/Include/cmsis_gcc.h ****   #define __ALIGNED(x)                           __attribute__((aligned(x)))
 112:Drivers/CMSIS/Include/cmsis_gcc.h **** #endif
 113:Drivers/CMSIS/Include/cmsis_gcc.h **** #ifndef   __RESTRICT
 114:Drivers/CMSIS/Include/cmsis_gcc.h ****   #define __RESTRICT                             __restrict
 115:Drivers/CMSIS/Include/cmsis_gcc.h **** #endif
 116:Drivers/CMSIS/Include/cmsis_gcc.h **** #ifndef   __COMPILER_BARRIER
 117:Drivers/CMSIS/Include/cmsis_gcc.h ****   #define __COMPILER_BARRIER()                   __ASM volatile("":::"memory")
 118:Drivers/CMSIS/Include/cmsis_gcc.h **** #endif
 119:Drivers/CMSIS/Include/cmsis_gcc.h **** 
 120:Drivers/CMSIS/Include/cmsis_gcc.h **** /* #########################  Startup and Lowlevel Init  ######################## */
 121:Drivers/CMSIS/Include/cmsis_gcc.h **** 
 122:Drivers/CMSIS/Include/cmsis_gcc.h **** #ifndef __PROGRAM_START
 123:Drivers/CMSIS/Include/cmsis_gcc.h **** 
 124:Drivers/CMSIS/Include/cmsis_gcc.h **** /**
 125:Drivers/CMSIS/Include/cmsis_gcc.h ****   \brief   Initializes data and bss sections
ARM GAS  /tmp/ccXuI5YN.s 			page 5


 126:Drivers/CMSIS/Include/cmsis_gcc.h ****   \details This default implementations initialized all data and additional bss
 127:Drivers/CMSIS/Include/cmsis_gcc.h ****            sections relying on .copy.table and .zero.table specified properly
 128:Drivers/CMSIS/Include/cmsis_gcc.h ****            in the used linker script.
 129:Drivers/CMSIS/Include/cmsis_gcc.h ****   
 130:Drivers/CMSIS/Include/cmsis_gcc.h ****  */
 131:Drivers/CMSIS/Include/cmsis_gcc.h **** __STATIC_FORCEINLINE __NO_RETURN void __cmsis_start(void)
 132:Drivers/CMSIS/Include/cmsis_gcc.h **** {
 133:Drivers/CMSIS/Include/cmsis_gcc.h ****   extern void _start(void) __NO_RETURN;
 134:Drivers/CMSIS/Include/cmsis_gcc.h ****   
 135:Drivers/CMSIS/Include/cmsis_gcc.h ****   typedef struct {
 136:Drivers/CMSIS/Include/cmsis_gcc.h ****     uint32_t const* src;
 137:Drivers/CMSIS/Include/cmsis_gcc.h ****     uint32_t* dest;
 138:Drivers/CMSIS/Include/cmsis_gcc.h ****     uint32_t  wlen;
 139:Drivers/CMSIS/Include/cmsis_gcc.h ****   } __copy_table_t;
 140:Drivers/CMSIS/Include/cmsis_gcc.h ****   
 141:Drivers/CMSIS/Include/cmsis_gcc.h ****   typedef struct {
 142:Drivers/CMSIS/Include/cmsis_gcc.h ****     uint32_t* dest;
 143:Drivers/CMSIS/Include/cmsis_gcc.h ****     uint32_t  wlen;
 144:Drivers/CMSIS/Include/cmsis_gcc.h ****   } __zero_table_t;
 145:Drivers/CMSIS/Include/cmsis_gcc.h ****   
 146:Drivers/CMSIS/Include/cmsis_gcc.h ****   extern const __copy_table_t __copy_table_start__;
 147:Drivers/CMSIS/Include/cmsis_gcc.h ****   extern const __copy_table_t __copy_table_end__;
 148:Drivers/CMSIS/Include/cmsis_gcc.h ****   extern const __zero_table_t __zero_table_start__;
 149:Drivers/CMSIS/Include/cmsis_gcc.h ****   extern const __zero_table_t __zero_table_end__;
 150:Drivers/CMSIS/Include/cmsis_gcc.h **** 
 151:Drivers/CMSIS/Include/cmsis_gcc.h ****   for (__copy_table_t const* pTable = &__copy_table_start__; pTable < &__copy_table_end__; ++pTable
 152:Drivers/CMSIS/Include/cmsis_gcc.h ****     for(uint32_t i=0u; i<pTable->wlen; ++i) {
 153:Drivers/CMSIS/Include/cmsis_gcc.h ****       pTable->dest[i] = pTable->src[i];
 154:Drivers/CMSIS/Include/cmsis_gcc.h ****     }
 155:Drivers/CMSIS/Include/cmsis_gcc.h ****   }
 156:Drivers/CMSIS/Include/cmsis_gcc.h ****  
 157:Drivers/CMSIS/Include/cmsis_gcc.h ****   for (__zero_table_t const* pTable = &__zero_table_start__; pTable < &__zero_table_end__; ++pTable
 158:Drivers/CMSIS/Include/cmsis_gcc.h ****     for(uint32_t i=0u; i<pTable->wlen; ++i) {
 159:Drivers/CMSIS/Include/cmsis_gcc.h ****       pTable->dest[i] = 0u;
 160:Drivers/CMSIS/Include/cmsis_gcc.h ****     }
 161:Drivers/CMSIS/Include/cmsis_gcc.h ****   }
 162:Drivers/CMSIS/Include/cmsis_gcc.h ****  
 163:Drivers/CMSIS/Include/cmsis_gcc.h ****   _start();
 164:Drivers/CMSIS/Include/cmsis_gcc.h **** }
 165:Drivers/CMSIS/Include/cmsis_gcc.h ****   
 166:Drivers/CMSIS/Include/cmsis_gcc.h **** #define __PROGRAM_START           __cmsis_start
 167:Drivers/CMSIS/Include/cmsis_gcc.h **** #endif
 168:Drivers/CMSIS/Include/cmsis_gcc.h **** 
 169:Drivers/CMSIS/Include/cmsis_gcc.h **** #ifndef __INITIAL_SP
 170:Drivers/CMSIS/Include/cmsis_gcc.h **** #define __INITIAL_SP              __StackTop
 171:Drivers/CMSIS/Include/cmsis_gcc.h **** #endif
 172:Drivers/CMSIS/Include/cmsis_gcc.h **** 
 173:Drivers/CMSIS/Include/cmsis_gcc.h **** #ifndef __STACK_LIMIT
 174:Drivers/CMSIS/Include/cmsis_gcc.h **** #define __STACK_LIMIT             __StackLimit
 175:Drivers/CMSIS/Include/cmsis_gcc.h **** #endif
 176:Drivers/CMSIS/Include/cmsis_gcc.h **** 
 177:Drivers/CMSIS/Include/cmsis_gcc.h **** #ifndef __VECTOR_TABLE
 178:Drivers/CMSIS/Include/cmsis_gcc.h **** #define __VECTOR_TABLE            __Vectors
 179:Drivers/CMSIS/Include/cmsis_gcc.h **** #endif
 180:Drivers/CMSIS/Include/cmsis_gcc.h **** 
 181:Drivers/CMSIS/Include/cmsis_gcc.h **** #ifndef __VECTOR_TABLE_ATTRIBUTE
 182:Drivers/CMSIS/Include/cmsis_gcc.h **** #define __VECTOR_TABLE_ATTRIBUTE  __attribute((used, section(".vectors")))
ARM GAS  /tmp/ccXuI5YN.s 			page 6


 183:Drivers/CMSIS/Include/cmsis_gcc.h **** #endif
 184:Drivers/CMSIS/Include/cmsis_gcc.h **** 
 185:Drivers/CMSIS/Include/cmsis_gcc.h **** /* ###########################  Core Function Access  ########################### */
 186:Drivers/CMSIS/Include/cmsis_gcc.h **** /** \ingroup  CMSIS_Core_FunctionInterface
 187:Drivers/CMSIS/Include/cmsis_gcc.h ****     \defgroup CMSIS_Core_RegAccFunctions CMSIS Core Register Access Functions
 188:Drivers/CMSIS/Include/cmsis_gcc.h ****   @{
 189:Drivers/CMSIS/Include/cmsis_gcc.h ****  */
 190:Drivers/CMSIS/Include/cmsis_gcc.h **** 
 191:Drivers/CMSIS/Include/cmsis_gcc.h **** /**
 192:Drivers/CMSIS/Include/cmsis_gcc.h ****   \brief   Enable IRQ Interrupts
 193:Drivers/CMSIS/Include/cmsis_gcc.h ****   \details Enables IRQ interrupts by clearing the I-bit in the CPSR.
 194:Drivers/CMSIS/Include/cmsis_gcc.h ****            Can only be executed in Privileged modes.
 195:Drivers/CMSIS/Include/cmsis_gcc.h ****  */
 196:Drivers/CMSIS/Include/cmsis_gcc.h **** __STATIC_FORCEINLINE void __enable_irq(void)
 197:Drivers/CMSIS/Include/cmsis_gcc.h **** {
 198:Drivers/CMSIS/Include/cmsis_gcc.h ****   __ASM volatile ("cpsie i" : : : "memory");
 199:Drivers/CMSIS/Include/cmsis_gcc.h **** }
 200:Drivers/CMSIS/Include/cmsis_gcc.h **** 
 201:Drivers/CMSIS/Include/cmsis_gcc.h **** 
 202:Drivers/CMSIS/Include/cmsis_gcc.h **** /**
 203:Drivers/CMSIS/Include/cmsis_gcc.h ****   \brief   Disable IRQ Interrupts
 204:Drivers/CMSIS/Include/cmsis_gcc.h ****   \details Disables IRQ interrupts by setting the I-bit in the CPSR.
 205:Drivers/CMSIS/Include/cmsis_gcc.h ****            Can only be executed in Privileged modes.
 206:Drivers/CMSIS/Include/cmsis_gcc.h ****  */
 207:Drivers/CMSIS/Include/cmsis_gcc.h **** __STATIC_FORCEINLINE void __disable_irq(void)
 208:Drivers/CMSIS/Include/cmsis_gcc.h **** {
 209:Drivers/CMSIS/Include/cmsis_gcc.h ****   __ASM volatile ("cpsid i" : : : "memory");
 210:Drivers/CMSIS/Include/cmsis_gcc.h **** }
 211:Drivers/CMSIS/Include/cmsis_gcc.h **** 
 212:Drivers/CMSIS/Include/cmsis_gcc.h **** 
 213:Drivers/CMSIS/Include/cmsis_gcc.h **** /**
 214:Drivers/CMSIS/Include/cmsis_gcc.h ****   \brief   Get Control Register
 215:Drivers/CMSIS/Include/cmsis_gcc.h ****   \details Returns the content of the Control Register.
 216:Drivers/CMSIS/Include/cmsis_gcc.h ****   \return               Control Register value
 217:Drivers/CMSIS/Include/cmsis_gcc.h ****  */
 218:Drivers/CMSIS/Include/cmsis_gcc.h **** __STATIC_FORCEINLINE uint32_t __get_CONTROL(void)
 219:Drivers/CMSIS/Include/cmsis_gcc.h **** {
 220:Drivers/CMSIS/Include/cmsis_gcc.h ****   uint32_t result;
 221:Drivers/CMSIS/Include/cmsis_gcc.h **** 
 222:Drivers/CMSIS/Include/cmsis_gcc.h ****   __ASM volatile ("MRS %0, control" : "=r" (result) );
 223:Drivers/CMSIS/Include/cmsis_gcc.h ****   return(result);
 224:Drivers/CMSIS/Include/cmsis_gcc.h **** }
 225:Drivers/CMSIS/Include/cmsis_gcc.h **** 
 226:Drivers/CMSIS/Include/cmsis_gcc.h **** 
 227:Drivers/CMSIS/Include/cmsis_gcc.h **** #if (defined (__ARM_FEATURE_CMSE ) && (__ARM_FEATURE_CMSE == 3))
 228:Drivers/CMSIS/Include/cmsis_gcc.h **** /**
 229:Drivers/CMSIS/Include/cmsis_gcc.h ****   \brief   Get Control Register (non-secure)
 230:Drivers/CMSIS/Include/cmsis_gcc.h ****   \details Returns the content of the non-secure Control Register when in secure mode.
 231:Drivers/CMSIS/Include/cmsis_gcc.h ****   \return               non-secure Control Register value
 232:Drivers/CMSIS/Include/cmsis_gcc.h ****  */
 233:Drivers/CMSIS/Include/cmsis_gcc.h **** __STATIC_FORCEINLINE uint32_t __TZ_get_CONTROL_NS(void)
 234:Drivers/CMSIS/Include/cmsis_gcc.h **** {
 235:Drivers/CMSIS/Include/cmsis_gcc.h ****   uint32_t result;
 236:Drivers/CMSIS/Include/cmsis_gcc.h **** 
 237:Drivers/CMSIS/Include/cmsis_gcc.h ****   __ASM volatile ("MRS %0, control_ns" : "=r" (result) );
 238:Drivers/CMSIS/Include/cmsis_gcc.h ****   return(result);
 239:Drivers/CMSIS/Include/cmsis_gcc.h **** }
ARM GAS  /tmp/ccXuI5YN.s 			page 7


 240:Drivers/CMSIS/Include/cmsis_gcc.h **** #endif
 241:Drivers/CMSIS/Include/cmsis_gcc.h **** 
 242:Drivers/CMSIS/Include/cmsis_gcc.h **** 
 243:Drivers/CMSIS/Include/cmsis_gcc.h **** /**
 244:Drivers/CMSIS/Include/cmsis_gcc.h ****   \brief   Set Control Register
 245:Drivers/CMSIS/Include/cmsis_gcc.h ****   \details Writes the given value to the Control Register.
 246:Drivers/CMSIS/Include/cmsis_gcc.h ****   \param [in]    control  Control Register value to set
 247:Drivers/CMSIS/Include/cmsis_gcc.h ****  */
 248:Drivers/CMSIS/Include/cmsis_gcc.h **** __STATIC_FORCEINLINE void __set_CONTROL(uint32_t control)
 249:Drivers/CMSIS/Include/cmsis_gcc.h **** {
 250:Drivers/CMSIS/Include/cmsis_gcc.h ****   __ASM volatile ("MSR control, %0" : : "r" (control) : "memory");
 251:Drivers/CMSIS/Include/cmsis_gcc.h **** }
 252:Drivers/CMSIS/Include/cmsis_gcc.h **** 
 253:Drivers/CMSIS/Include/cmsis_gcc.h **** 
 254:Drivers/CMSIS/Include/cmsis_gcc.h **** #if (defined (__ARM_FEATURE_CMSE ) && (__ARM_FEATURE_CMSE == 3))
 255:Drivers/CMSIS/Include/cmsis_gcc.h **** /**
 256:Drivers/CMSIS/Include/cmsis_gcc.h ****   \brief   Set Control Register (non-secure)
 257:Drivers/CMSIS/Include/cmsis_gcc.h ****   \details Writes the given value to the non-secure Control Register when in secure state.
 258:Drivers/CMSIS/Include/cmsis_gcc.h ****   \param [in]    control  Control Register value to set
 259:Drivers/CMSIS/Include/cmsis_gcc.h ****  */
 260:Drivers/CMSIS/Include/cmsis_gcc.h **** __STATIC_FORCEINLINE void __TZ_set_CONTROL_NS(uint32_t control)
 261:Drivers/CMSIS/Include/cmsis_gcc.h **** {
 262:Drivers/CMSIS/Include/cmsis_gcc.h ****   __ASM volatile ("MSR control_ns, %0" : : "r" (control) : "memory");
 263:Drivers/CMSIS/Include/cmsis_gcc.h **** }
 264:Drivers/CMSIS/Include/cmsis_gcc.h **** #endif
 265:Drivers/CMSIS/Include/cmsis_gcc.h **** 
 266:Drivers/CMSIS/Include/cmsis_gcc.h **** 
 267:Drivers/CMSIS/Include/cmsis_gcc.h **** /**
 268:Drivers/CMSIS/Include/cmsis_gcc.h ****   \brief   Get IPSR Register
 269:Drivers/CMSIS/Include/cmsis_gcc.h ****   \details Returns the content of the IPSR Register.
 270:Drivers/CMSIS/Include/cmsis_gcc.h ****   \return               IPSR Register value
 271:Drivers/CMSIS/Include/cmsis_gcc.h ****  */
 272:Drivers/CMSIS/Include/cmsis_gcc.h **** __STATIC_FORCEINLINE uint32_t __get_IPSR(void)
 273:Drivers/CMSIS/Include/cmsis_gcc.h **** {
 274:Drivers/CMSIS/Include/cmsis_gcc.h ****   uint32_t result;
 275:Drivers/CMSIS/Include/cmsis_gcc.h **** 
 276:Drivers/CMSIS/Include/cmsis_gcc.h ****   __ASM volatile ("MRS %0, ipsr" : "=r" (result) );
 277:Drivers/CMSIS/Include/cmsis_gcc.h ****   return(result);
 278:Drivers/CMSIS/Include/cmsis_gcc.h **** }
 279:Drivers/CMSIS/Include/cmsis_gcc.h **** 
 280:Drivers/CMSIS/Include/cmsis_gcc.h **** 
 281:Drivers/CMSIS/Include/cmsis_gcc.h **** /**
 282:Drivers/CMSIS/Include/cmsis_gcc.h ****   \brief   Get APSR Register
 283:Drivers/CMSIS/Include/cmsis_gcc.h ****   \details Returns the content of the APSR Register.
 284:Drivers/CMSIS/Include/cmsis_gcc.h ****   \return               APSR Register value
 285:Drivers/CMSIS/Include/cmsis_gcc.h ****  */
 286:Drivers/CMSIS/Include/cmsis_gcc.h **** __STATIC_FORCEINLINE uint32_t __get_APSR(void)
 287:Drivers/CMSIS/Include/cmsis_gcc.h **** {
 288:Drivers/CMSIS/Include/cmsis_gcc.h ****   uint32_t result;
 289:Drivers/CMSIS/Include/cmsis_gcc.h **** 
 290:Drivers/CMSIS/Include/cmsis_gcc.h ****   __ASM volatile ("MRS %0, apsr" : "=r" (result) );
 291:Drivers/CMSIS/Include/cmsis_gcc.h ****   return(result);
 292:Drivers/CMSIS/Include/cmsis_gcc.h **** }
 293:Drivers/CMSIS/Include/cmsis_gcc.h **** 
 294:Drivers/CMSIS/Include/cmsis_gcc.h **** 
 295:Drivers/CMSIS/Include/cmsis_gcc.h **** /**
 296:Drivers/CMSIS/Include/cmsis_gcc.h ****   \brief   Get xPSR Register
ARM GAS  /tmp/ccXuI5YN.s 			page 8


 297:Drivers/CMSIS/Include/cmsis_gcc.h ****   \details Returns the content of the xPSR Register.
 298:Drivers/CMSIS/Include/cmsis_gcc.h ****   \return               xPSR Register value
 299:Drivers/CMSIS/Include/cmsis_gcc.h ****  */
 300:Drivers/CMSIS/Include/cmsis_gcc.h **** __STATIC_FORCEINLINE uint32_t __get_xPSR(void)
 301:Drivers/CMSIS/Include/cmsis_gcc.h **** {
 302:Drivers/CMSIS/Include/cmsis_gcc.h ****   uint32_t result;
 303:Drivers/CMSIS/Include/cmsis_gcc.h **** 
 304:Drivers/CMSIS/Include/cmsis_gcc.h ****   __ASM volatile ("MRS %0, xpsr" : "=r" (result) );
 305:Drivers/CMSIS/Include/cmsis_gcc.h ****   return(result);
 306:Drivers/CMSIS/Include/cmsis_gcc.h **** }
 307:Drivers/CMSIS/Include/cmsis_gcc.h **** 
 308:Drivers/CMSIS/Include/cmsis_gcc.h **** 
 309:Drivers/CMSIS/Include/cmsis_gcc.h **** /**
 310:Drivers/CMSIS/Include/cmsis_gcc.h ****   \brief   Get Process Stack Pointer
 311:Drivers/CMSIS/Include/cmsis_gcc.h ****   \details Returns the current value of the Process Stack Pointer (PSP).
 312:Drivers/CMSIS/Include/cmsis_gcc.h ****   \return               PSP Register value
 313:Drivers/CMSIS/Include/cmsis_gcc.h ****  */
 314:Drivers/CMSIS/Include/cmsis_gcc.h **** __STATIC_FORCEINLINE uint32_t __get_PSP(void)
 315:Drivers/CMSIS/Include/cmsis_gcc.h **** {
 316:Drivers/CMSIS/Include/cmsis_gcc.h ****   uint32_t result;
 317:Drivers/CMSIS/Include/cmsis_gcc.h **** 
 318:Drivers/CMSIS/Include/cmsis_gcc.h ****   __ASM volatile ("MRS %0, psp"  : "=r" (result) );
 319:Drivers/CMSIS/Include/cmsis_gcc.h ****   return(result);
 320:Drivers/CMSIS/Include/cmsis_gcc.h **** }
 321:Drivers/CMSIS/Include/cmsis_gcc.h **** 
 322:Drivers/CMSIS/Include/cmsis_gcc.h **** 
 323:Drivers/CMSIS/Include/cmsis_gcc.h **** #if (defined (__ARM_FEATURE_CMSE ) && (__ARM_FEATURE_CMSE == 3))
 324:Drivers/CMSIS/Include/cmsis_gcc.h **** /**
 325:Drivers/CMSIS/Include/cmsis_gcc.h ****   \brief   Get Process Stack Pointer (non-secure)
 326:Drivers/CMSIS/Include/cmsis_gcc.h ****   \details Returns the current value of the non-secure Process Stack Pointer (PSP) when in secure s
 327:Drivers/CMSIS/Include/cmsis_gcc.h ****   \return               PSP Register value
 328:Drivers/CMSIS/Include/cmsis_gcc.h ****  */
 329:Drivers/CMSIS/Include/cmsis_gcc.h **** __STATIC_FORCEINLINE uint32_t __TZ_get_PSP_NS(void)
 330:Drivers/CMSIS/Include/cmsis_gcc.h **** {
 331:Drivers/CMSIS/Include/cmsis_gcc.h ****   uint32_t result;
 332:Drivers/CMSIS/Include/cmsis_gcc.h **** 
 333:Drivers/CMSIS/Include/cmsis_gcc.h ****   __ASM volatile ("MRS %0, psp_ns"  : "=r" (result) );
 334:Drivers/CMSIS/Include/cmsis_gcc.h ****   return(result);
 335:Drivers/CMSIS/Include/cmsis_gcc.h **** }
 336:Drivers/CMSIS/Include/cmsis_gcc.h **** #endif
 337:Drivers/CMSIS/Include/cmsis_gcc.h **** 
 338:Drivers/CMSIS/Include/cmsis_gcc.h **** 
 339:Drivers/CMSIS/Include/cmsis_gcc.h **** /**
 340:Drivers/CMSIS/Include/cmsis_gcc.h ****   \brief   Set Process Stack Pointer
 341:Drivers/CMSIS/Include/cmsis_gcc.h ****   \details Assigns the given value to the Process Stack Pointer (PSP).
 342:Drivers/CMSIS/Include/cmsis_gcc.h ****   \param [in]    topOfProcStack  Process Stack Pointer value to set
 343:Drivers/CMSIS/Include/cmsis_gcc.h ****  */
 344:Drivers/CMSIS/Include/cmsis_gcc.h **** __STATIC_FORCEINLINE void __set_PSP(uint32_t topOfProcStack)
 345:Drivers/CMSIS/Include/cmsis_gcc.h **** {
 346:Drivers/CMSIS/Include/cmsis_gcc.h ****   __ASM volatile ("MSR psp, %0" : : "r" (topOfProcStack) : );
 347:Drivers/CMSIS/Include/cmsis_gcc.h **** }
 348:Drivers/CMSIS/Include/cmsis_gcc.h **** 
 349:Drivers/CMSIS/Include/cmsis_gcc.h **** 
 350:Drivers/CMSIS/Include/cmsis_gcc.h **** #if (defined (__ARM_FEATURE_CMSE ) && (__ARM_FEATURE_CMSE == 3))
 351:Drivers/CMSIS/Include/cmsis_gcc.h **** /**
 352:Drivers/CMSIS/Include/cmsis_gcc.h ****   \brief   Set Process Stack Pointer (non-secure)
 353:Drivers/CMSIS/Include/cmsis_gcc.h ****   \details Assigns the given value to the non-secure Process Stack Pointer (PSP) when in secure sta
ARM GAS  /tmp/ccXuI5YN.s 			page 9


 354:Drivers/CMSIS/Include/cmsis_gcc.h ****   \param [in]    topOfProcStack  Process Stack Pointer value to set
 355:Drivers/CMSIS/Include/cmsis_gcc.h ****  */
 356:Drivers/CMSIS/Include/cmsis_gcc.h **** __STATIC_FORCEINLINE void __TZ_set_PSP_NS(uint32_t topOfProcStack)
 357:Drivers/CMSIS/Include/cmsis_gcc.h **** {
 358:Drivers/CMSIS/Include/cmsis_gcc.h ****   __ASM volatile ("MSR psp_ns, %0" : : "r" (topOfProcStack) : );
 359:Drivers/CMSIS/Include/cmsis_gcc.h **** }
 360:Drivers/CMSIS/Include/cmsis_gcc.h **** #endif
 361:Drivers/CMSIS/Include/cmsis_gcc.h **** 
 362:Drivers/CMSIS/Include/cmsis_gcc.h **** 
 363:Drivers/CMSIS/Include/cmsis_gcc.h **** /**
 364:Drivers/CMSIS/Include/cmsis_gcc.h ****   \brief   Get Main Stack Pointer
 365:Drivers/CMSIS/Include/cmsis_gcc.h ****   \details Returns the current value of the Main Stack Pointer (MSP).
 366:Drivers/CMSIS/Include/cmsis_gcc.h ****   \return               MSP Register value
 367:Drivers/CMSIS/Include/cmsis_gcc.h ****  */
 368:Drivers/CMSIS/Include/cmsis_gcc.h **** __STATIC_FORCEINLINE uint32_t __get_MSP(void)
 369:Drivers/CMSIS/Include/cmsis_gcc.h **** {
 370:Drivers/CMSIS/Include/cmsis_gcc.h ****   uint32_t result;
 371:Drivers/CMSIS/Include/cmsis_gcc.h **** 
 372:Drivers/CMSIS/Include/cmsis_gcc.h ****   __ASM volatile ("MRS %0, msp" : "=r" (result) );
 373:Drivers/CMSIS/Include/cmsis_gcc.h ****   return(result);
 374:Drivers/CMSIS/Include/cmsis_gcc.h **** }
 375:Drivers/CMSIS/Include/cmsis_gcc.h **** 
 376:Drivers/CMSIS/Include/cmsis_gcc.h **** 
 377:Drivers/CMSIS/Include/cmsis_gcc.h **** #if (defined (__ARM_FEATURE_CMSE ) && (__ARM_FEATURE_CMSE == 3))
 378:Drivers/CMSIS/Include/cmsis_gcc.h **** /**
 379:Drivers/CMSIS/Include/cmsis_gcc.h ****   \brief   Get Main Stack Pointer (non-secure)
 380:Drivers/CMSIS/Include/cmsis_gcc.h ****   \details Returns the current value of the non-secure Main Stack Pointer (MSP) when in secure stat
 381:Drivers/CMSIS/Include/cmsis_gcc.h ****   \return               MSP Register value
 382:Drivers/CMSIS/Include/cmsis_gcc.h ****  */
 383:Drivers/CMSIS/Include/cmsis_gcc.h **** __STATIC_FORCEINLINE uint32_t __TZ_get_MSP_NS(void)
 384:Drivers/CMSIS/Include/cmsis_gcc.h **** {
 385:Drivers/CMSIS/Include/cmsis_gcc.h ****   uint32_t result;
 386:Drivers/CMSIS/Include/cmsis_gcc.h **** 
 387:Drivers/CMSIS/Include/cmsis_gcc.h ****   __ASM volatile ("MRS %0, msp_ns" : "=r" (result) );
 388:Drivers/CMSIS/Include/cmsis_gcc.h ****   return(result);
 389:Drivers/CMSIS/Include/cmsis_gcc.h **** }
 390:Drivers/CMSIS/Include/cmsis_gcc.h **** #endif
 391:Drivers/CMSIS/Include/cmsis_gcc.h **** 
 392:Drivers/CMSIS/Include/cmsis_gcc.h **** 
 393:Drivers/CMSIS/Include/cmsis_gcc.h **** /**
 394:Drivers/CMSIS/Include/cmsis_gcc.h ****   \brief   Set Main Stack Pointer
 395:Drivers/CMSIS/Include/cmsis_gcc.h ****   \details Assigns the given value to the Main Stack Pointer (MSP).
 396:Drivers/CMSIS/Include/cmsis_gcc.h ****   \param [in]    topOfMainStack  Main Stack Pointer value to set
 397:Drivers/CMSIS/Include/cmsis_gcc.h ****  */
 398:Drivers/CMSIS/Include/cmsis_gcc.h **** __STATIC_FORCEINLINE void __set_MSP(uint32_t topOfMainStack)
 399:Drivers/CMSIS/Include/cmsis_gcc.h **** {
 400:Drivers/CMSIS/Include/cmsis_gcc.h ****   __ASM volatile ("MSR msp, %0" : : "r" (topOfMainStack) : );
 401:Drivers/CMSIS/Include/cmsis_gcc.h **** }
 402:Drivers/CMSIS/Include/cmsis_gcc.h **** 
 403:Drivers/CMSIS/Include/cmsis_gcc.h **** 
 404:Drivers/CMSIS/Include/cmsis_gcc.h **** #if (defined (__ARM_FEATURE_CMSE ) && (__ARM_FEATURE_CMSE == 3))
 405:Drivers/CMSIS/Include/cmsis_gcc.h **** /**
 406:Drivers/CMSIS/Include/cmsis_gcc.h ****   \brief   Set Main Stack Pointer (non-secure)
 407:Drivers/CMSIS/Include/cmsis_gcc.h ****   \details Assigns the given value to the non-secure Main Stack Pointer (MSP) when in secure state.
 408:Drivers/CMSIS/Include/cmsis_gcc.h ****   \param [in]    topOfMainStack  Main Stack Pointer value to set
 409:Drivers/CMSIS/Include/cmsis_gcc.h ****  */
 410:Drivers/CMSIS/Include/cmsis_gcc.h **** __STATIC_FORCEINLINE void __TZ_set_MSP_NS(uint32_t topOfMainStack)
ARM GAS  /tmp/ccXuI5YN.s 			page 10


 411:Drivers/CMSIS/Include/cmsis_gcc.h **** {
 412:Drivers/CMSIS/Include/cmsis_gcc.h ****   __ASM volatile ("MSR msp_ns, %0" : : "r" (topOfMainStack) : );
 413:Drivers/CMSIS/Include/cmsis_gcc.h **** }
 414:Drivers/CMSIS/Include/cmsis_gcc.h **** #endif
 415:Drivers/CMSIS/Include/cmsis_gcc.h **** 
 416:Drivers/CMSIS/Include/cmsis_gcc.h **** 
 417:Drivers/CMSIS/Include/cmsis_gcc.h **** #if (defined (__ARM_FEATURE_CMSE ) && (__ARM_FEATURE_CMSE == 3))
 418:Drivers/CMSIS/Include/cmsis_gcc.h **** /**
 419:Drivers/CMSIS/Include/cmsis_gcc.h ****   \brief   Get Stack Pointer (non-secure)
 420:Drivers/CMSIS/Include/cmsis_gcc.h ****   \details Returns the current value of the non-secure Stack Pointer (SP) when in secure state.
 421:Drivers/CMSIS/Include/cmsis_gcc.h ****   \return               SP Register value
 422:Drivers/CMSIS/Include/cmsis_gcc.h ****  */
 423:Drivers/CMSIS/Include/cmsis_gcc.h **** __STATIC_FORCEINLINE uint32_t __TZ_get_SP_NS(void)
 424:Drivers/CMSIS/Include/cmsis_gcc.h **** {
 425:Drivers/CMSIS/Include/cmsis_gcc.h ****   uint32_t result;
 426:Drivers/CMSIS/Include/cmsis_gcc.h **** 
 427:Drivers/CMSIS/Include/cmsis_gcc.h ****   __ASM volatile ("MRS %0, sp_ns" : "=r" (result) );
 428:Drivers/CMSIS/Include/cmsis_gcc.h ****   return(result);
 429:Drivers/CMSIS/Include/cmsis_gcc.h **** }
 430:Drivers/CMSIS/Include/cmsis_gcc.h **** 
 431:Drivers/CMSIS/Include/cmsis_gcc.h **** 
 432:Drivers/CMSIS/Include/cmsis_gcc.h **** /**
 433:Drivers/CMSIS/Include/cmsis_gcc.h ****   \brief   Set Stack Pointer (non-secure)
 434:Drivers/CMSIS/Include/cmsis_gcc.h ****   \details Assigns the given value to the non-secure Stack Pointer (SP) when in secure state.
 435:Drivers/CMSIS/Include/cmsis_gcc.h ****   \param [in]    topOfStack  Stack Pointer value to set
 436:Drivers/CMSIS/Include/cmsis_gcc.h ****  */
 437:Drivers/CMSIS/Include/cmsis_gcc.h **** __STATIC_FORCEINLINE void __TZ_set_SP_NS(uint32_t topOfStack)
 438:Drivers/CMSIS/Include/cmsis_gcc.h **** {
 439:Drivers/CMSIS/Include/cmsis_gcc.h ****   __ASM volatile ("MSR sp_ns, %0" : : "r" (topOfStack) : );
 440:Drivers/CMSIS/Include/cmsis_gcc.h **** }
 441:Drivers/CMSIS/Include/cmsis_gcc.h **** #endif
 442:Drivers/CMSIS/Include/cmsis_gcc.h **** 
 443:Drivers/CMSIS/Include/cmsis_gcc.h **** 
 444:Drivers/CMSIS/Include/cmsis_gcc.h **** /**
 445:Drivers/CMSIS/Include/cmsis_gcc.h ****   \brief   Get Priority Mask
 446:Drivers/CMSIS/Include/cmsis_gcc.h ****   \details Returns the current state of the priority mask bit from the Priority Mask Register.
 447:Drivers/CMSIS/Include/cmsis_gcc.h ****   \return               Priority Mask value
 448:Drivers/CMSIS/Include/cmsis_gcc.h ****  */
 449:Drivers/CMSIS/Include/cmsis_gcc.h **** __STATIC_FORCEINLINE uint32_t __get_PRIMASK(void)
  67              		.loc 2 449 31 view .LVU10
  68              	.LBB69:
 450:Drivers/CMSIS/Include/cmsis_gcc.h **** {
 451:Drivers/CMSIS/Include/cmsis_gcc.h ****   uint32_t result;
  69              		.loc 2 451 3 view .LVU11
 452:Drivers/CMSIS/Include/cmsis_gcc.h **** 
 453:Drivers/CMSIS/Include/cmsis_gcc.h ****   __ASM volatile ("MRS %0, primask" : "=r" (result) :: "memory");
  70              		.loc 2 453 3 view .LVU12
  71              		.syntax unified
  72              	@ 453 "Drivers/CMSIS/Include/cmsis_gcc.h" 1
  73 0000 EFF31083 		MRS r3, primask
  74              	@ 0 "" 2
  75              	.LVL2:
 454:Drivers/CMSIS/Include/cmsis_gcc.h ****   return(result);
  76              		.loc 2 454 3 view .LVU13
  77              		.loc 2 454 3 is_stmt 0 view .LVU14
  78              		.thumb
  79              		.syntax unified
ARM GAS  /tmp/ccXuI5YN.s 			page 11


  80              	.LBE69:
  81              	.LBE68:
  41:Middlewares/ST/BlueNRG-MS/utils/ble_list.c ****   __disable_irq();                  /**< Disable all interrupts by setting PRIMASK bit on Cortex*/
  82              		.loc 1 41 3 is_stmt 1 view .LVU15
  83              	.LBB70:
  84              	.LBI70:
 207:Drivers/CMSIS/Include/cmsis_gcc.h **** {
  85              		.loc 2 207 27 view .LVU16
  86              	.LBB71:
 209:Drivers/CMSIS/Include/cmsis_gcc.h **** }
  87              		.loc 2 209 3 view .LVU17
  88              		.syntax unified
  89              	@ 209 "Drivers/CMSIS/Include/cmsis_gcc.h" 1
  90 0004 72B6     		cpsid i
  91              	@ 0 "" 2
  92              		.thumb
  93              		.syntax unified
  94              	.LBE71:
  95              	.LBE70:
  42:Middlewares/ST/BlueNRG-MS/utils/ble_list.c ****    
  43:Middlewares/ST/BlueNRG-MS/utils/ble_list.c ****   if(listHead->next == listHead)
  96              		.loc 1 43 3 view .LVU18
  97              		.loc 1 43 14 is_stmt 0 view .LVU19
  98 0006 0268     		ldr	r2, [r0]
  99              		.loc 1 43 5 view .LVU20
 100 0008 8242     		cmp	r2, r0
 101 000a 03D0     		beq	.L5
  44:Middlewares/ST/BlueNRG-MS/utils/ble_list.c ****   {
  45:Middlewares/ST/BlueNRG-MS/utils/ble_list.c ****     return_value = 1;
  46:Middlewares/ST/BlueNRG-MS/utils/ble_list.c ****   }
  47:Middlewares/ST/BlueNRG-MS/utils/ble_list.c ****   else
  48:Middlewares/ST/BlueNRG-MS/utils/ble_list.c ****   {
  49:Middlewares/ST/BlueNRG-MS/utils/ble_list.c ****     return_value = 0;
 102              		.loc 1 49 18 view .LVU21
 103 000c 0020     		movs	r0, #0
 104              	.LVL3:
 105              	.L3:
  50:Middlewares/ST/BlueNRG-MS/utils/ble_list.c ****   }
  51:Middlewares/ST/BlueNRG-MS/utils/ble_list.c ****   
  52:Middlewares/ST/BlueNRG-MS/utils/ble_list.c ****   __set_PRIMASK(uwPRIMASK_Bit);     /**< Restore PRIMASK bit*/
 106              		.loc 1 52 3 is_stmt 1 view .LVU22
 107              	.LBB72:
 108              	.LBI72:
 455:Drivers/CMSIS/Include/cmsis_gcc.h **** }
 456:Drivers/CMSIS/Include/cmsis_gcc.h **** 
 457:Drivers/CMSIS/Include/cmsis_gcc.h **** 
 458:Drivers/CMSIS/Include/cmsis_gcc.h **** #if (defined (__ARM_FEATURE_CMSE ) && (__ARM_FEATURE_CMSE == 3))
 459:Drivers/CMSIS/Include/cmsis_gcc.h **** /**
 460:Drivers/CMSIS/Include/cmsis_gcc.h ****   \brief   Get Priority Mask (non-secure)
 461:Drivers/CMSIS/Include/cmsis_gcc.h ****   \details Returns the current state of the non-secure priority mask bit from the Priority Mask Reg
 462:Drivers/CMSIS/Include/cmsis_gcc.h ****   \return               Priority Mask value
 463:Drivers/CMSIS/Include/cmsis_gcc.h ****  */
 464:Drivers/CMSIS/Include/cmsis_gcc.h **** __STATIC_FORCEINLINE uint32_t __TZ_get_PRIMASK_NS(void)
 465:Drivers/CMSIS/Include/cmsis_gcc.h **** {
 466:Drivers/CMSIS/Include/cmsis_gcc.h ****   uint32_t result;
 467:Drivers/CMSIS/Include/cmsis_gcc.h **** 
 468:Drivers/CMSIS/Include/cmsis_gcc.h ****   __ASM volatile ("MRS %0, primask_ns" : "=r" (result) :: "memory");
ARM GAS  /tmp/ccXuI5YN.s 			page 12


 469:Drivers/CMSIS/Include/cmsis_gcc.h ****   return(result);
 470:Drivers/CMSIS/Include/cmsis_gcc.h **** }
 471:Drivers/CMSIS/Include/cmsis_gcc.h **** #endif
 472:Drivers/CMSIS/Include/cmsis_gcc.h **** 
 473:Drivers/CMSIS/Include/cmsis_gcc.h **** 
 474:Drivers/CMSIS/Include/cmsis_gcc.h **** /**
 475:Drivers/CMSIS/Include/cmsis_gcc.h ****   \brief   Set Priority Mask
 476:Drivers/CMSIS/Include/cmsis_gcc.h ****   \details Assigns the given value to the Priority Mask Register.
 477:Drivers/CMSIS/Include/cmsis_gcc.h ****   \param [in]    priMask  Priority Mask
 478:Drivers/CMSIS/Include/cmsis_gcc.h ****  */
 479:Drivers/CMSIS/Include/cmsis_gcc.h **** __STATIC_FORCEINLINE void __set_PRIMASK(uint32_t priMask)
 109              		.loc 2 479 27 view .LVU23
 110              	.LBB73:
 480:Drivers/CMSIS/Include/cmsis_gcc.h **** {
 481:Drivers/CMSIS/Include/cmsis_gcc.h ****   __ASM volatile ("MSR primask, %0" : : "r" (priMask) : "memory");
 111              		.loc 2 481 3 view .LVU24
 112              		.syntax unified
 113              	@ 481 "Drivers/CMSIS/Include/cmsis_gcc.h" 1
 114 000e 83F31088 		MSR primask, r3
 115              	@ 0 "" 2
 116              		.thumb
 117              		.syntax unified
 118              	.LBE73:
 119              	.LBE72:
  53:Middlewares/ST/BlueNRG-MS/utils/ble_list.c ****   
  54:Middlewares/ST/BlueNRG-MS/utils/ble_list.c ****   return return_value;
 120              		.loc 1 54 3 view .LVU25
  55:Middlewares/ST/BlueNRG-MS/utils/ble_list.c **** }
 121              		.loc 1 55 1 is_stmt 0 view .LVU26
 122 0012 7047     		bx	lr
 123              	.LVL4:
 124              	.L5:
  45:Middlewares/ST/BlueNRG-MS/utils/ble_list.c ****   }
 125              		.loc 1 45 18 view .LVU27
 126 0014 0120     		movs	r0, #1
 127              	.LVL5:
  45:Middlewares/ST/BlueNRG-MS/utils/ble_list.c ****   }
 128              		.loc 1 45 18 view .LVU28
 129 0016 FAE7     		b	.L3
 130              		.cfi_endproc
 131              	.LFE136:
 133              		.section	.text.list_insert_head,"ax",%progbits
 134              		.align	1
 135              		.global	list_insert_head
 136              		.syntax unified
 137              		.thumb
 138              		.thumb_func
 140              	list_insert_head:
 141              	.LVL6:
 142              	.LFB137:
  56:Middlewares/ST/BlueNRG-MS/utils/ble_list.c **** 
  57:Middlewares/ST/BlueNRG-MS/utils/ble_list.c **** void list_insert_head (tListNode * listHead, tListNode * node)
  58:Middlewares/ST/BlueNRG-MS/utils/ble_list.c **** {
 143              		.loc 1 58 1 is_stmt 1 view -0
 144              		.cfi_startproc
 145              		@ args = 0, pretend = 0, frame = 0
 146              		@ frame_needed = 0, uses_anonymous_args = 0
ARM GAS  /tmp/ccXuI5YN.s 			page 13


 147              		@ link register save eliminated.
  59:Middlewares/ST/BlueNRG-MS/utils/ble_list.c ****   uint32_t uwPRIMASK_Bit;
 148              		.loc 1 59 3 view .LVU30
  60:Middlewares/ST/BlueNRG-MS/utils/ble_list.c ****   uwPRIMASK_Bit = __get_PRIMASK();  /**< backup PRIMASK bit */
 149              		.loc 1 60 3 view .LVU31
 150              	.LBB74:
 151              	.LBI74:
 449:Drivers/CMSIS/Include/cmsis_gcc.h **** {
 152              		.loc 2 449 31 view .LVU32
 153              	.LBB75:
 451:Drivers/CMSIS/Include/cmsis_gcc.h **** 
 154              		.loc 2 451 3 view .LVU33
 453:Drivers/CMSIS/Include/cmsis_gcc.h ****   return(result);
 155              		.loc 2 453 3 view .LVU34
 156              		.syntax unified
 157              	@ 453 "Drivers/CMSIS/Include/cmsis_gcc.h" 1
 158 0000 EFF31083 		MRS r3, primask
 159              	@ 0 "" 2
 160              	.LVL7:
 454:Drivers/CMSIS/Include/cmsis_gcc.h **** }
 161              		.loc 2 454 3 view .LVU35
 454:Drivers/CMSIS/Include/cmsis_gcc.h **** }
 162              		.loc 2 454 3 is_stmt 0 view .LVU36
 163              		.thumb
 164              		.syntax unified
 165              	.LBE75:
 166              	.LBE74:
  61:Middlewares/ST/BlueNRG-MS/utils/ble_list.c ****   __disable_irq();                  /**< Disable all interrupts by setting PRIMASK bit on Cortex*/
 167              		.loc 1 61 3 is_stmt 1 view .LVU37
 168              	.LBB76:
 169              	.LBI76:
 207:Drivers/CMSIS/Include/cmsis_gcc.h **** {
 170              		.loc 2 207 27 view .LVU38
 171              	.LBB77:
 209:Drivers/CMSIS/Include/cmsis_gcc.h **** }
 172              		.loc 2 209 3 view .LVU39
 173              		.syntax unified
 174              	@ 209 "Drivers/CMSIS/Include/cmsis_gcc.h" 1
 175 0004 72B6     		cpsid i
 176              	@ 0 "" 2
 177              		.thumb
 178              		.syntax unified
 179              	.LBE77:
 180              	.LBE76:
  62:Middlewares/ST/BlueNRG-MS/utils/ble_list.c ****   
  63:Middlewares/ST/BlueNRG-MS/utils/ble_list.c ****   node->next = listHead->next;
 181              		.loc 1 63 3 view .LVU40
 182              		.loc 1 63 24 is_stmt 0 view .LVU41
 183 0006 0268     		ldr	r2, [r0]
 184              		.loc 1 63 14 view .LVU42
 185 0008 0A60     		str	r2, [r1]
  64:Middlewares/ST/BlueNRG-MS/utils/ble_list.c ****   node->prev = listHead;
 186              		.loc 1 64 3 is_stmt 1 view .LVU43
 187              		.loc 1 64 14 is_stmt 0 view .LVU44
 188 000a 4860     		str	r0, [r1, #4]
  65:Middlewares/ST/BlueNRG-MS/utils/ble_list.c ****   listHead->next = node;
 189              		.loc 1 65 3 is_stmt 1 view .LVU45
ARM GAS  /tmp/ccXuI5YN.s 			page 14


 190              		.loc 1 65 18 is_stmt 0 view .LVU46
 191 000c 0160     		str	r1, [r0]
  66:Middlewares/ST/BlueNRG-MS/utils/ble_list.c ****   (node->next)->prev = node;
 192              		.loc 1 66 3 is_stmt 1 view .LVU47
 193              		.loc 1 66 8 is_stmt 0 view .LVU48
 194 000e 0A68     		ldr	r2, [r1]
 195              		.loc 1 66 22 view .LVU49
 196 0010 5160     		str	r1, [r2, #4]
  67:Middlewares/ST/BlueNRG-MS/utils/ble_list.c ****   
  68:Middlewares/ST/BlueNRG-MS/utils/ble_list.c ****   __set_PRIMASK(uwPRIMASK_Bit);     /**< Restore PRIMASK bit*/
 197              		.loc 1 68 3 is_stmt 1 view .LVU50
 198              	.LVL8:
 199              	.LBB78:
 200              	.LBI78:
 479:Drivers/CMSIS/Include/cmsis_gcc.h **** {
 201              		.loc 2 479 27 view .LVU51
 202              	.LBB79:
 203              		.loc 2 481 3 view .LVU52
 204              		.syntax unified
 205              	@ 481 "Drivers/CMSIS/Include/cmsis_gcc.h" 1
 206 0012 83F31088 		MSR primask, r3
 207              	@ 0 "" 2
 208              	.LVL9:
 209              		.loc 2 481 3 is_stmt 0 view .LVU53
 210              		.thumb
 211              		.syntax unified
 212              	.LBE79:
 213              	.LBE78:
  69:Middlewares/ST/BlueNRG-MS/utils/ble_list.c **** }
 214              		.loc 1 69 1 view .LVU54
 215 0016 7047     		bx	lr
 216              		.cfi_endproc
 217              	.LFE137:
 219              		.section	.text.list_insert_tail,"ax",%progbits
 220              		.align	1
 221              		.global	list_insert_tail
 222              		.syntax unified
 223              		.thumb
 224              		.thumb_func
 226              	list_insert_tail:
 227              	.LVL10:
 228              	.LFB138:
  70:Middlewares/ST/BlueNRG-MS/utils/ble_list.c **** 
  71:Middlewares/ST/BlueNRG-MS/utils/ble_list.c **** void list_insert_tail (tListNode * listHead, tListNode * node)
  72:Middlewares/ST/BlueNRG-MS/utils/ble_list.c **** {
 229              		.loc 1 72 1 is_stmt 1 view -0
 230              		.cfi_startproc
 231              		@ args = 0, pretend = 0, frame = 0
 232              		@ frame_needed = 0, uses_anonymous_args = 0
 233              		@ link register save eliminated.
  73:Middlewares/ST/BlueNRG-MS/utils/ble_list.c ****   uint32_t uwPRIMASK_Bit;
 234              		.loc 1 73 3 view .LVU56
  74:Middlewares/ST/BlueNRG-MS/utils/ble_list.c ****   uwPRIMASK_Bit = __get_PRIMASK();  /**< backup PRIMASK bit */
 235              		.loc 1 74 3 view .LVU57
 236              	.LBB80:
 237              	.LBI80:
 449:Drivers/CMSIS/Include/cmsis_gcc.h **** {
ARM GAS  /tmp/ccXuI5YN.s 			page 15


 238              		.loc 2 449 31 view .LVU58
 239              	.LBB81:
 451:Drivers/CMSIS/Include/cmsis_gcc.h **** 
 240              		.loc 2 451 3 view .LVU59
 453:Drivers/CMSIS/Include/cmsis_gcc.h ****   return(result);
 241              		.loc 2 453 3 view .LVU60
 242              		.syntax unified
 243              	@ 453 "Drivers/CMSIS/Include/cmsis_gcc.h" 1
 244 0000 EFF31083 		MRS r3, primask
 245              	@ 0 "" 2
 246              	.LVL11:
 454:Drivers/CMSIS/Include/cmsis_gcc.h **** }
 247              		.loc 2 454 3 view .LVU61
 454:Drivers/CMSIS/Include/cmsis_gcc.h **** }
 248              		.loc 2 454 3 is_stmt 0 view .LVU62
 249              		.thumb
 250              		.syntax unified
 251              	.LBE81:
 252              	.LBE80:
  75:Middlewares/ST/BlueNRG-MS/utils/ble_list.c ****   __disable_irq();                  /**< Disable all interrupts by setting PRIMASK bit on Cortex*/
 253              		.loc 1 75 3 is_stmt 1 view .LVU63
 254              	.LBB82:
 255              	.LBI82:
 207:Drivers/CMSIS/Include/cmsis_gcc.h **** {
 256              		.loc 2 207 27 view .LVU64
 257              	.LBB83:
 209:Drivers/CMSIS/Include/cmsis_gcc.h **** }
 258              		.loc 2 209 3 view .LVU65
 259              		.syntax unified
 260              	@ 209 "Drivers/CMSIS/Include/cmsis_gcc.h" 1
 261 0004 72B6     		cpsid i
 262              	@ 0 "" 2
 263              		.thumb
 264              		.syntax unified
 265              	.LBE83:
 266              	.LBE82:
  76:Middlewares/ST/BlueNRG-MS/utils/ble_list.c ****   
  77:Middlewares/ST/BlueNRG-MS/utils/ble_list.c ****   node->next = listHead;
 267              		.loc 1 77 3 view .LVU66
 268              		.loc 1 77 14 is_stmt 0 view .LVU67
 269 0006 0860     		str	r0, [r1]
  78:Middlewares/ST/BlueNRG-MS/utils/ble_list.c ****   node->prev = listHead->prev;
 270              		.loc 1 78 3 is_stmt 1 view .LVU68
 271              		.loc 1 78 24 is_stmt 0 view .LVU69
 272 0008 4268     		ldr	r2, [r0, #4]
 273              		.loc 1 78 14 view .LVU70
 274 000a 4A60     		str	r2, [r1, #4]
  79:Middlewares/ST/BlueNRG-MS/utils/ble_list.c ****   listHead->prev = node;
 275              		.loc 1 79 3 is_stmt 1 view .LVU71
 276              		.loc 1 79 18 is_stmt 0 view .LVU72
 277 000c 4160     		str	r1, [r0, #4]
  80:Middlewares/ST/BlueNRG-MS/utils/ble_list.c ****   (node->prev)->next = node;
 278              		.loc 1 80 3 is_stmt 1 view .LVU73
 279              		.loc 1 80 8 is_stmt 0 view .LVU74
 280 000e 4A68     		ldr	r2, [r1, #4]
 281              		.loc 1 80 22 view .LVU75
 282 0010 1160     		str	r1, [r2]
ARM GAS  /tmp/ccXuI5YN.s 			page 16


  81:Middlewares/ST/BlueNRG-MS/utils/ble_list.c ****   
  82:Middlewares/ST/BlueNRG-MS/utils/ble_list.c ****   __set_PRIMASK(uwPRIMASK_Bit);     /**< Restore PRIMASK bit*/
 283              		.loc 1 82 3 is_stmt 1 view .LVU76
 284              	.LVL12:
 285              	.LBB84:
 286              	.LBI84:
 479:Drivers/CMSIS/Include/cmsis_gcc.h **** {
 287              		.loc 2 479 27 view .LVU77
 288              	.LBB85:
 289              		.loc 2 481 3 view .LVU78
 290              		.syntax unified
 291              	@ 481 "Drivers/CMSIS/Include/cmsis_gcc.h" 1
 292 0012 83F31088 		MSR primask, r3
 293              	@ 0 "" 2
 294              	.LVL13:
 295              		.loc 2 481 3 is_stmt 0 view .LVU79
 296              		.thumb
 297              		.syntax unified
 298              	.LBE85:
 299              	.LBE84:
  83:Middlewares/ST/BlueNRG-MS/utils/ble_list.c **** }
 300              		.loc 1 83 1 view .LVU80
 301 0016 7047     		bx	lr
 302              		.cfi_endproc
 303              	.LFE138:
 305              		.section	.text.list_remove_node,"ax",%progbits
 306              		.align	1
 307              		.global	list_remove_node
 308              		.syntax unified
 309              		.thumb
 310              		.thumb_func
 312              	list_remove_node:
 313              	.LVL14:
 314              	.LFB139:
  84:Middlewares/ST/BlueNRG-MS/utils/ble_list.c **** 
  85:Middlewares/ST/BlueNRG-MS/utils/ble_list.c **** void list_remove_node (tListNode * node)
  86:Middlewares/ST/BlueNRG-MS/utils/ble_list.c **** {
 315              		.loc 1 86 1 is_stmt 1 view -0
 316              		.cfi_startproc
 317              		@ args = 0, pretend = 0, frame = 0
 318              		@ frame_needed = 0, uses_anonymous_args = 0
 319              		@ link register save eliminated.
  87:Middlewares/ST/BlueNRG-MS/utils/ble_list.c ****   uint32_t uwPRIMASK_Bit;
 320              		.loc 1 87 3 view .LVU82
  88:Middlewares/ST/BlueNRG-MS/utils/ble_list.c ****   uwPRIMASK_Bit = __get_PRIMASK();  /**< backup PRIMASK bit */
 321              		.loc 1 88 3 view .LVU83
 322              	.LBB86:
 323              	.LBI86:
 449:Drivers/CMSIS/Include/cmsis_gcc.h **** {
 324              		.loc 2 449 31 view .LVU84
 325              	.LBB87:
 451:Drivers/CMSIS/Include/cmsis_gcc.h **** 
 326              		.loc 2 451 3 view .LVU85
 453:Drivers/CMSIS/Include/cmsis_gcc.h ****   return(result);
 327              		.loc 2 453 3 view .LVU86
 328              		.syntax unified
 329              	@ 453 "Drivers/CMSIS/Include/cmsis_gcc.h" 1
ARM GAS  /tmp/ccXuI5YN.s 			page 17


 330 0000 EFF31082 		MRS r2, primask
 331              	@ 0 "" 2
 332              	.LVL15:
 454:Drivers/CMSIS/Include/cmsis_gcc.h **** }
 333              		.loc 2 454 3 view .LVU87
 454:Drivers/CMSIS/Include/cmsis_gcc.h **** }
 334              		.loc 2 454 3 is_stmt 0 view .LVU88
 335              		.thumb
 336              		.syntax unified
 337              	.LBE87:
 338              	.LBE86:
  89:Middlewares/ST/BlueNRG-MS/utils/ble_list.c ****   __disable_irq();                  /**< Disable all interrupts by setting PRIMASK bit on Cortex*/
 339              		.loc 1 89 3 is_stmt 1 view .LVU89
 340              	.LBB88:
 341              	.LBI88:
 207:Drivers/CMSIS/Include/cmsis_gcc.h **** {
 342              		.loc 2 207 27 view .LVU90
 343              	.LBB89:
 209:Drivers/CMSIS/Include/cmsis_gcc.h **** }
 344              		.loc 2 209 3 view .LVU91
 345              		.syntax unified
 346              	@ 209 "Drivers/CMSIS/Include/cmsis_gcc.h" 1
 347 0004 72B6     		cpsid i
 348              	@ 0 "" 2
 349              		.thumb
 350              		.syntax unified
 351              	.LBE89:
 352              	.LBE88:
  90:Middlewares/ST/BlueNRG-MS/utils/ble_list.c ****   
  91:Middlewares/ST/BlueNRG-MS/utils/ble_list.c ****   (node->prev)->next = node->next;
 353              		.loc 1 91 3 view .LVU92
 354              		.loc 1 91 8 is_stmt 0 view .LVU93
 355 0006 4168     		ldr	r1, [r0, #4]
 356              		.loc 1 91 28 view .LVU94
 357 0008 0368     		ldr	r3, [r0]
 358              		.loc 1 91 22 view .LVU95
 359 000a 0B60     		str	r3, [r1]
  92:Middlewares/ST/BlueNRG-MS/utils/ble_list.c ****   (node->next)->prev = node->prev;
 360              		.loc 1 92 3 is_stmt 1 view .LVU96
 361              		.loc 1 92 28 is_stmt 0 view .LVU97
 362 000c 4168     		ldr	r1, [r0, #4]
 363              		.loc 1 92 22 view .LVU98
 364 000e 5960     		str	r1, [r3, #4]
  93:Middlewares/ST/BlueNRG-MS/utils/ble_list.c ****   
  94:Middlewares/ST/BlueNRG-MS/utils/ble_list.c ****   __set_PRIMASK(uwPRIMASK_Bit);     /**< Restore PRIMASK bit*/
 365              		.loc 1 94 3 is_stmt 1 view .LVU99
 366              	.LVL16:
 367              	.LBB90:
 368              	.LBI90:
 479:Drivers/CMSIS/Include/cmsis_gcc.h **** {
 369              		.loc 2 479 27 view .LVU100
 370              	.LBB91:
 371              		.loc 2 481 3 view .LVU101
 372              		.syntax unified
 373              	@ 481 "Drivers/CMSIS/Include/cmsis_gcc.h" 1
 374 0010 82F31088 		MSR primask, r2
 375              	@ 0 "" 2
ARM GAS  /tmp/ccXuI5YN.s 			page 18


 376              	.LVL17:
 377              		.loc 2 481 3 is_stmt 0 view .LVU102
 378              		.thumb
 379              		.syntax unified
 380              	.LBE91:
 381              	.LBE90:
  95:Middlewares/ST/BlueNRG-MS/utils/ble_list.c **** }
 382              		.loc 1 95 1 view .LVU103
 383 0014 7047     		bx	lr
 384              		.cfi_endproc
 385              	.LFE139:
 387              		.section	.text.list_remove_head,"ax",%progbits
 388              		.align	1
 389              		.global	list_remove_head
 390              		.syntax unified
 391              		.thumb
 392              		.thumb_func
 394              	list_remove_head:
 395              	.LVL18:
 396              	.LFB140:
  96:Middlewares/ST/BlueNRG-MS/utils/ble_list.c **** 
  97:Middlewares/ST/BlueNRG-MS/utils/ble_list.c **** void list_remove_head (tListNode * listHead, tListNode ** node )
  98:Middlewares/ST/BlueNRG-MS/utils/ble_list.c **** {
 397              		.loc 1 98 1 is_stmt 1 view -0
 398              		.cfi_startproc
 399              		@ args = 0, pretend = 0, frame = 0
 400              		@ frame_needed = 0, uses_anonymous_args = 0
 401              		.loc 1 98 1 is_stmt 0 view .LVU105
 402 0000 38B5     		push	{r3, r4, r5, lr}
 403              	.LCFI0:
 404              		.cfi_def_cfa_offset 16
 405              		.cfi_offset 3, -16
 406              		.cfi_offset 4, -12
 407              		.cfi_offset 5, -8
 408              		.cfi_offset 14, -4
 409 0002 0C46     		mov	r4, r1
  99:Middlewares/ST/BlueNRG-MS/utils/ble_list.c ****   uint32_t uwPRIMASK_Bit;
 410              		.loc 1 99 3 is_stmt 1 view .LVU106
 100:Middlewares/ST/BlueNRG-MS/utils/ble_list.c ****   uwPRIMASK_Bit = __get_PRIMASK();  /**< backup PRIMASK bit */
 411              		.loc 1 100 3 view .LVU107
 412              	.LBB92:
 413              	.LBI92:
 449:Drivers/CMSIS/Include/cmsis_gcc.h **** {
 414              		.loc 2 449 31 view .LVU108
 415              	.LBB93:
 451:Drivers/CMSIS/Include/cmsis_gcc.h **** 
 416              		.loc 2 451 3 view .LVU109
 453:Drivers/CMSIS/Include/cmsis_gcc.h ****   return(result);
 417              		.loc 2 453 3 view .LVU110
 418              		.syntax unified
 419              	@ 453 "Drivers/CMSIS/Include/cmsis_gcc.h" 1
 420 0004 EFF31085 		MRS r5, primask
 421              	@ 0 "" 2
 422              	.LVL19:
 454:Drivers/CMSIS/Include/cmsis_gcc.h **** }
 423              		.loc 2 454 3 view .LVU111
 454:Drivers/CMSIS/Include/cmsis_gcc.h **** }
ARM GAS  /tmp/ccXuI5YN.s 			page 19


 424              		.loc 2 454 3 is_stmt 0 view .LVU112
 425              		.thumb
 426              		.syntax unified
 427              	.LBE93:
 428              	.LBE92:
 101:Middlewares/ST/BlueNRG-MS/utils/ble_list.c ****   __disable_irq();                  /**< Disable all interrupts by setting PRIMASK bit on Cortex*/
 429              		.loc 1 101 3 is_stmt 1 view .LVU113
 430              	.LBB94:
 431              	.LBI94:
 207:Drivers/CMSIS/Include/cmsis_gcc.h **** {
 432              		.loc 2 207 27 view .LVU114
 433              	.LBB95:
 209:Drivers/CMSIS/Include/cmsis_gcc.h **** }
 434              		.loc 2 209 3 view .LVU115
 435              		.syntax unified
 436              	@ 209 "Drivers/CMSIS/Include/cmsis_gcc.h" 1
 437 0008 72B6     		cpsid i
 438              	@ 0 "" 2
 439              		.thumb
 440              		.syntax unified
 441              	.LBE95:
 442              	.LBE94:
 102:Middlewares/ST/BlueNRG-MS/utils/ble_list.c ****   
 103:Middlewares/ST/BlueNRG-MS/utils/ble_list.c ****   *node = listHead->next;
 443              		.loc 1 103 3 view .LVU116
 444              		.loc 1 103 19 is_stmt 0 view .LVU117
 445 000a 0068     		ldr	r0, [r0]
 446              	.LVL20:
 447              		.loc 1 103 9 view .LVU118
 448 000c 0860     		str	r0, [r1]
 104:Middlewares/ST/BlueNRG-MS/utils/ble_list.c ****   list_remove_node (listHead->next);
 449              		.loc 1 104 3 is_stmt 1 view .LVU119
 450 000e FFF7FEFF 		bl	list_remove_node
 451              	.LVL21:
 105:Middlewares/ST/BlueNRG-MS/utils/ble_list.c ****   (*node)->next = NULL;
 452              		.loc 1 105 3 view .LVU120
 453              		.loc 1 105 4 is_stmt 0 view .LVU121
 454 0012 2268     		ldr	r2, [r4]
 455              		.loc 1 105 17 view .LVU122
 456 0014 0023     		movs	r3, #0
 457 0016 1360     		str	r3, [r2]
 106:Middlewares/ST/BlueNRG-MS/utils/ble_list.c ****   (*node)->prev = NULL;
 458              		.loc 1 106 3 is_stmt 1 view .LVU123
 459              		.loc 1 106 4 is_stmt 0 view .LVU124
 460 0018 2268     		ldr	r2, [r4]
 461              		.loc 1 106 17 view .LVU125
 462 001a 5360     		str	r3, [r2, #4]
 107:Middlewares/ST/BlueNRG-MS/utils/ble_list.c ****   
 108:Middlewares/ST/BlueNRG-MS/utils/ble_list.c ****   __set_PRIMASK(uwPRIMASK_Bit);     /**< Restore PRIMASK bit*/
 463              		.loc 1 108 3 is_stmt 1 view .LVU126
 464              	.LVL22:
 465              	.LBB96:
 466              	.LBI96:
 479:Drivers/CMSIS/Include/cmsis_gcc.h **** {
 467              		.loc 2 479 27 view .LVU127
 468              	.LBB97:
 469              		.loc 2 481 3 view .LVU128
ARM GAS  /tmp/ccXuI5YN.s 			page 20


 470              		.syntax unified
 471              	@ 481 "Drivers/CMSIS/Include/cmsis_gcc.h" 1
 472 001c 85F31088 		MSR primask, r5
 473              	@ 0 "" 2
 474              	.LVL23:
 475              		.loc 2 481 3 is_stmt 0 view .LVU129
 476              		.thumb
 477              		.syntax unified
 478              	.LBE97:
 479              	.LBE96:
 109:Middlewares/ST/BlueNRG-MS/utils/ble_list.c **** }
 480              		.loc 1 109 1 view .LVU130
 481 0020 38BD     		pop	{r3, r4, r5, pc}
 482              		.loc 1 109 1 view .LVU131
 483              		.cfi_endproc
 484              	.LFE140:
 486              		.section	.text.list_remove_tail,"ax",%progbits
 487              		.align	1
 488              		.global	list_remove_tail
 489              		.syntax unified
 490              		.thumb
 491              		.thumb_func
 493              	list_remove_tail:
 494              	.LVL24:
 495              	.LFB141:
 110:Middlewares/ST/BlueNRG-MS/utils/ble_list.c **** 
 111:Middlewares/ST/BlueNRG-MS/utils/ble_list.c **** void list_remove_tail (tListNode * listHead, tListNode ** node )
 112:Middlewares/ST/BlueNRG-MS/utils/ble_list.c **** {
 496              		.loc 1 112 1 is_stmt 1 view -0
 497              		.cfi_startproc
 498              		@ args = 0, pretend = 0, frame = 0
 499              		@ frame_needed = 0, uses_anonymous_args = 0
 500              		.loc 1 112 1 is_stmt 0 view .LVU133
 501 0000 38B5     		push	{r3, r4, r5, lr}
 502              	.LCFI1:
 503              		.cfi_def_cfa_offset 16
 504              		.cfi_offset 3, -16
 505              		.cfi_offset 4, -12
 506              		.cfi_offset 5, -8
 507              		.cfi_offset 14, -4
 508 0002 0C46     		mov	r4, r1
 113:Middlewares/ST/BlueNRG-MS/utils/ble_list.c ****   uint32_t uwPRIMASK_Bit;
 509              		.loc 1 113 3 is_stmt 1 view .LVU134
 114:Middlewares/ST/BlueNRG-MS/utils/ble_list.c ****   uwPRIMASK_Bit = __get_PRIMASK();  /**< backup PRIMASK bit */
 510              		.loc 1 114 3 view .LVU135
 511              	.LBB98:
 512              	.LBI98:
 449:Drivers/CMSIS/Include/cmsis_gcc.h **** {
 513              		.loc 2 449 31 view .LVU136
 514              	.LBB99:
 451:Drivers/CMSIS/Include/cmsis_gcc.h **** 
 515              		.loc 2 451 3 view .LVU137
 453:Drivers/CMSIS/Include/cmsis_gcc.h ****   return(result);
 516              		.loc 2 453 3 view .LVU138
 517              		.syntax unified
 518              	@ 453 "Drivers/CMSIS/Include/cmsis_gcc.h" 1
 519 0004 EFF31085 		MRS r5, primask
ARM GAS  /tmp/ccXuI5YN.s 			page 21


 520              	@ 0 "" 2
 521              	.LVL25:
 454:Drivers/CMSIS/Include/cmsis_gcc.h **** }
 522              		.loc 2 454 3 view .LVU139
 454:Drivers/CMSIS/Include/cmsis_gcc.h **** }
 523              		.loc 2 454 3 is_stmt 0 view .LVU140
 524              		.thumb
 525              		.syntax unified
 526              	.LBE99:
 527              	.LBE98:
 115:Middlewares/ST/BlueNRG-MS/utils/ble_list.c ****   __disable_irq();                  /**< Disable all interrupts by setting PRIMASK bit on Cortex*/
 528              		.loc 1 115 3 is_stmt 1 view .LVU141
 529              	.LBB100:
 530              	.LBI100:
 207:Drivers/CMSIS/Include/cmsis_gcc.h **** {
 531              		.loc 2 207 27 view .LVU142
 532              	.LBB101:
 209:Drivers/CMSIS/Include/cmsis_gcc.h **** }
 533              		.loc 2 209 3 view .LVU143
 534              		.syntax unified
 535              	@ 209 "Drivers/CMSIS/Include/cmsis_gcc.h" 1
 536 0008 72B6     		cpsid i
 537              	@ 0 "" 2
 538              		.thumb
 539              		.syntax unified
 540              	.LBE101:
 541              	.LBE100:
 116:Middlewares/ST/BlueNRG-MS/utils/ble_list.c ****   
 117:Middlewares/ST/BlueNRG-MS/utils/ble_list.c ****   *node = listHead->prev;
 542              		.loc 1 117 3 view .LVU144
 543              		.loc 1 117 19 is_stmt 0 view .LVU145
 544 000a 4068     		ldr	r0, [r0, #4]
 545              	.LVL26:
 546              		.loc 1 117 9 view .LVU146
 547 000c 0860     		str	r0, [r1]
 118:Middlewares/ST/BlueNRG-MS/utils/ble_list.c ****   list_remove_node (listHead->prev);
 548              		.loc 1 118 3 is_stmt 1 view .LVU147
 549 000e FFF7FEFF 		bl	list_remove_node
 550              	.LVL27:
 119:Middlewares/ST/BlueNRG-MS/utils/ble_list.c ****   (*node)->next = NULL;
 551              		.loc 1 119 3 view .LVU148
 552              		.loc 1 119 4 is_stmt 0 view .LVU149
 553 0012 2268     		ldr	r2, [r4]
 554              		.loc 1 119 17 view .LVU150
 555 0014 0023     		movs	r3, #0
 556 0016 1360     		str	r3, [r2]
 120:Middlewares/ST/BlueNRG-MS/utils/ble_list.c ****   (*node)->prev = NULL;
 557              		.loc 1 120 3 is_stmt 1 view .LVU151
 558              		.loc 1 120 4 is_stmt 0 view .LVU152
 559 0018 2268     		ldr	r2, [r4]
 560              		.loc 1 120 17 view .LVU153
 561 001a 5360     		str	r3, [r2, #4]
 121:Middlewares/ST/BlueNRG-MS/utils/ble_list.c ****   
 122:Middlewares/ST/BlueNRG-MS/utils/ble_list.c ****   __set_PRIMASK(uwPRIMASK_Bit);     /**< Restore PRIMASK bit*/
 562              		.loc 1 122 3 is_stmt 1 view .LVU154
 563              	.LVL28:
 564              	.LBB102:
ARM GAS  /tmp/ccXuI5YN.s 			page 22


 565              	.LBI102:
 479:Drivers/CMSIS/Include/cmsis_gcc.h **** {
 566              		.loc 2 479 27 view .LVU155
 567              	.LBB103:
 568              		.loc 2 481 3 view .LVU156
 569              		.syntax unified
 570              	@ 481 "Drivers/CMSIS/Include/cmsis_gcc.h" 1
 571 001c 85F31088 		MSR primask, r5
 572              	@ 0 "" 2
 573              	.LVL29:
 574              		.loc 2 481 3 is_stmt 0 view .LVU157
 575              		.thumb
 576              		.syntax unified
 577              	.LBE103:
 578              	.LBE102:
 123:Middlewares/ST/BlueNRG-MS/utils/ble_list.c **** }
 579              		.loc 1 123 1 view .LVU158
 580 0020 38BD     		pop	{r3, r4, r5, pc}
 581              		.loc 1 123 1 view .LVU159
 582              		.cfi_endproc
 583              	.LFE141:
 585              		.section	.text.list_insert_node_after,"ax",%progbits
 586              		.align	1
 587              		.global	list_insert_node_after
 588              		.syntax unified
 589              		.thumb
 590              		.thumb_func
 592              	list_insert_node_after:
 593              	.LVL30:
 594              	.LFB142:
 124:Middlewares/ST/BlueNRG-MS/utils/ble_list.c **** 
 125:Middlewares/ST/BlueNRG-MS/utils/ble_list.c **** void list_insert_node_after (tListNode * node, tListNode * ref_node)
 126:Middlewares/ST/BlueNRG-MS/utils/ble_list.c **** {
 595              		.loc 1 126 1 is_stmt 1 view -0
 596              		.cfi_startproc
 597              		@ args = 0, pretend = 0, frame = 0
 598              		@ frame_needed = 0, uses_anonymous_args = 0
 599              		@ link register save eliminated.
 127:Middlewares/ST/BlueNRG-MS/utils/ble_list.c ****   uint32_t uwPRIMASK_Bit;
 600              		.loc 1 127 3 view .LVU161
 128:Middlewares/ST/BlueNRG-MS/utils/ble_list.c ****   uwPRIMASK_Bit = __get_PRIMASK();  /**< backup PRIMASK bit */
 601              		.loc 1 128 3 view .LVU162
 602              	.LBB104:
 603              	.LBI104:
 449:Drivers/CMSIS/Include/cmsis_gcc.h **** {
 604              		.loc 2 449 31 view .LVU163
 605              	.LBB105:
 451:Drivers/CMSIS/Include/cmsis_gcc.h **** 
 606              		.loc 2 451 3 view .LVU164
 453:Drivers/CMSIS/Include/cmsis_gcc.h ****   return(result);
 607              		.loc 2 453 3 view .LVU165
 608              		.syntax unified
 609              	@ 453 "Drivers/CMSIS/Include/cmsis_gcc.h" 1
 610 0000 EFF31083 		MRS r3, primask
 611              	@ 0 "" 2
 612              	.LVL31:
 454:Drivers/CMSIS/Include/cmsis_gcc.h **** }
ARM GAS  /tmp/ccXuI5YN.s 			page 23


 613              		.loc 2 454 3 view .LVU166
 454:Drivers/CMSIS/Include/cmsis_gcc.h **** }
 614              		.loc 2 454 3 is_stmt 0 view .LVU167
 615              		.thumb
 616              		.syntax unified
 617              	.LBE105:
 618              	.LBE104:
 129:Middlewares/ST/BlueNRG-MS/utils/ble_list.c ****   __disable_irq();                  /**< Disable all interrupts by setting PRIMASK bit on Cortex*/
 619              		.loc 1 129 3 is_stmt 1 view .LVU168
 620              	.LBB106:
 621              	.LBI106:
 207:Drivers/CMSIS/Include/cmsis_gcc.h **** {
 622              		.loc 2 207 27 view .LVU169
 623              	.LBB107:
 209:Drivers/CMSIS/Include/cmsis_gcc.h **** }
 624              		.loc 2 209 3 view .LVU170
 625              		.syntax unified
 626              	@ 209 "Drivers/CMSIS/Include/cmsis_gcc.h" 1
 627 0004 72B6     		cpsid i
 628              	@ 0 "" 2
 629              		.thumb
 630              		.syntax unified
 631              	.LBE107:
 632              	.LBE106:
 130:Middlewares/ST/BlueNRG-MS/utils/ble_list.c ****   
 131:Middlewares/ST/BlueNRG-MS/utils/ble_list.c ****   node->next = ref_node->next;
 633              		.loc 1 131 3 view .LVU171
 634              		.loc 1 131 24 is_stmt 0 view .LVU172
 635 0006 0A68     		ldr	r2, [r1]
 636              		.loc 1 131 14 view .LVU173
 637 0008 0260     		str	r2, [r0]
 132:Middlewares/ST/BlueNRG-MS/utils/ble_list.c ****   node->prev = ref_node;
 638              		.loc 1 132 3 is_stmt 1 view .LVU174
 639              		.loc 1 132 14 is_stmt 0 view .LVU175
 640 000a 4160     		str	r1, [r0, #4]
 133:Middlewares/ST/BlueNRG-MS/utils/ble_list.c ****   ref_node->next = node;
 641              		.loc 1 133 3 is_stmt 1 view .LVU176
 642              		.loc 1 133 18 is_stmt 0 view .LVU177
 643 000c 0860     		str	r0, [r1]
 134:Middlewares/ST/BlueNRG-MS/utils/ble_list.c ****   (node->next)->prev = node;
 644              		.loc 1 134 3 is_stmt 1 view .LVU178
 645              		.loc 1 134 8 is_stmt 0 view .LVU179
 646 000e 0268     		ldr	r2, [r0]
 647              		.loc 1 134 22 view .LVU180
 648 0010 5060     		str	r0, [r2, #4]
 135:Middlewares/ST/BlueNRG-MS/utils/ble_list.c ****   
 136:Middlewares/ST/BlueNRG-MS/utils/ble_list.c ****   __set_PRIMASK(uwPRIMASK_Bit);     /**< Restore PRIMASK bit*/
 649              		.loc 1 136 3 is_stmt 1 view .LVU181
 650              	.LVL32:
 651              	.LBB108:
 652              	.LBI108:
 479:Drivers/CMSIS/Include/cmsis_gcc.h **** {
 653              		.loc 2 479 27 view .LVU182
 654              	.LBB109:
 655              		.loc 2 481 3 view .LVU183
 656              		.syntax unified
 657              	@ 481 "Drivers/CMSIS/Include/cmsis_gcc.h" 1
ARM GAS  /tmp/ccXuI5YN.s 			page 24


 658 0012 83F31088 		MSR primask, r3
 659              	@ 0 "" 2
 660              	.LVL33:
 661              		.loc 2 481 3 is_stmt 0 view .LVU184
 662              		.thumb
 663              		.syntax unified
 664              	.LBE109:
 665              	.LBE108:
 137:Middlewares/ST/BlueNRG-MS/utils/ble_list.c **** }
 666              		.loc 1 137 1 view .LVU185
 667 0016 7047     		bx	lr
 668              		.cfi_endproc
 669              	.LFE142:
 671              		.section	.text.list_insert_node_before,"ax",%progbits
 672              		.align	1
 673              		.global	list_insert_node_before
 674              		.syntax unified
 675              		.thumb
 676              		.thumb_func
 678              	list_insert_node_before:
 679              	.LVL34:
 680              	.LFB143:
 138:Middlewares/ST/BlueNRG-MS/utils/ble_list.c **** 
 139:Middlewares/ST/BlueNRG-MS/utils/ble_list.c **** void list_insert_node_before (tListNode * node, tListNode * ref_node)
 140:Middlewares/ST/BlueNRG-MS/utils/ble_list.c **** {
 681              		.loc 1 140 1 is_stmt 1 view -0
 682              		.cfi_startproc
 683              		@ args = 0, pretend = 0, frame = 0
 684              		@ frame_needed = 0, uses_anonymous_args = 0
 685              		@ link register save eliminated.
 141:Middlewares/ST/BlueNRG-MS/utils/ble_list.c ****   uint32_t uwPRIMASK_Bit;
 686              		.loc 1 141 3 view .LVU187
 142:Middlewares/ST/BlueNRG-MS/utils/ble_list.c ****   uwPRIMASK_Bit = __get_PRIMASK();  /**< backup PRIMASK bit */
 687              		.loc 1 142 3 view .LVU188
 688              	.LBB110:
 689              	.LBI110:
 449:Drivers/CMSIS/Include/cmsis_gcc.h **** {
 690              		.loc 2 449 31 view .LVU189
 691              	.LBB111:
 451:Drivers/CMSIS/Include/cmsis_gcc.h **** 
 692              		.loc 2 451 3 view .LVU190
 453:Drivers/CMSIS/Include/cmsis_gcc.h ****   return(result);
 693              		.loc 2 453 3 view .LVU191
 694              		.syntax unified
 695              	@ 453 "Drivers/CMSIS/Include/cmsis_gcc.h" 1
 696 0000 EFF31083 		MRS r3, primask
 697              	@ 0 "" 2
 698              	.LVL35:
 454:Drivers/CMSIS/Include/cmsis_gcc.h **** }
 699              		.loc 2 454 3 view .LVU192
 454:Drivers/CMSIS/Include/cmsis_gcc.h **** }
 700              		.loc 2 454 3 is_stmt 0 view .LVU193
 701              		.thumb
 702              		.syntax unified
 703              	.LBE111:
 704              	.LBE110:
 143:Middlewares/ST/BlueNRG-MS/utils/ble_list.c ****   __disable_irq();                  /**< Disable all interrupts by setting PRIMASK bit on Cortex*/
ARM GAS  /tmp/ccXuI5YN.s 			page 25


 705              		.loc 1 143 3 is_stmt 1 view .LVU194
 706              	.LBB112:
 707              	.LBI112:
 207:Drivers/CMSIS/Include/cmsis_gcc.h **** {
 708              		.loc 2 207 27 view .LVU195
 709              	.LBB113:
 209:Drivers/CMSIS/Include/cmsis_gcc.h **** }
 710              		.loc 2 209 3 view .LVU196
 711              		.syntax unified
 712              	@ 209 "Drivers/CMSIS/Include/cmsis_gcc.h" 1
 713 0004 72B6     		cpsid i
 714              	@ 0 "" 2
 715              		.thumb
 716              		.syntax unified
 717              	.LBE113:
 718              	.LBE112:
 144:Middlewares/ST/BlueNRG-MS/utils/ble_list.c ****   
 145:Middlewares/ST/BlueNRG-MS/utils/ble_list.c ****   node->next = ref_node;
 719              		.loc 1 145 3 view .LVU197
 720              		.loc 1 145 14 is_stmt 0 view .LVU198
 721 0006 0160     		str	r1, [r0]
 146:Middlewares/ST/BlueNRG-MS/utils/ble_list.c ****   node->prev = ref_node->prev;
 722              		.loc 1 146 3 is_stmt 1 view .LVU199
 723              		.loc 1 146 24 is_stmt 0 view .LVU200
 724 0008 4A68     		ldr	r2, [r1, #4]
 725              		.loc 1 146 14 view .LVU201
 726 000a 4260     		str	r2, [r0, #4]
 147:Middlewares/ST/BlueNRG-MS/utils/ble_list.c ****   ref_node->prev = node;
 727              		.loc 1 147 3 is_stmt 1 view .LVU202
 728              		.loc 1 147 18 is_stmt 0 view .LVU203
 729 000c 4860     		str	r0, [r1, #4]
 148:Middlewares/ST/BlueNRG-MS/utils/ble_list.c ****   (node->prev)->next = node;
 730              		.loc 1 148 3 is_stmt 1 view .LVU204
 731              		.loc 1 148 8 is_stmt 0 view .LVU205
 732 000e 4268     		ldr	r2, [r0, #4]
 733              		.loc 1 148 22 view .LVU206
 734 0010 1060     		str	r0, [r2]
 149:Middlewares/ST/BlueNRG-MS/utils/ble_list.c ****   
 150:Middlewares/ST/BlueNRG-MS/utils/ble_list.c ****   __set_PRIMASK(uwPRIMASK_Bit);     /**< Restore PRIMASK bit*/
 735              		.loc 1 150 3 is_stmt 1 view .LVU207
 736              	.LVL36:
 737              	.LBB114:
 738              	.LBI114:
 479:Drivers/CMSIS/Include/cmsis_gcc.h **** {
 739              		.loc 2 479 27 view .LVU208
 740              	.LBB115:
 741              		.loc 2 481 3 view .LVU209
 742              		.syntax unified
 743              	@ 481 "Drivers/CMSIS/Include/cmsis_gcc.h" 1
 744 0012 83F31088 		MSR primask, r3
 745              	@ 0 "" 2
 746              	.LVL37:
 747              		.loc 2 481 3 is_stmt 0 view .LVU210
 748              		.thumb
 749              		.syntax unified
 750              	.LBE115:
 751              	.LBE114:
ARM GAS  /tmp/ccXuI5YN.s 			page 26


 151:Middlewares/ST/BlueNRG-MS/utils/ble_list.c **** }
 752              		.loc 1 151 1 view .LVU211
 753 0016 7047     		bx	lr
 754              		.cfi_endproc
 755              	.LFE143:
 757              		.section	.text.list_get_size,"ax",%progbits
 758              		.align	1
 759              		.global	list_get_size
 760              		.syntax unified
 761              		.thumb
 762              		.thumb_func
 764              	list_get_size:
 765              	.LVL38:
 766              	.LFB144:
 152:Middlewares/ST/BlueNRG-MS/utils/ble_list.c **** 
 153:Middlewares/ST/BlueNRG-MS/utils/ble_list.c **** int list_get_size (tListNode * listHead)
 154:Middlewares/ST/BlueNRG-MS/utils/ble_list.c **** {
 767              		.loc 1 154 1 is_stmt 1 view -0
 768              		.cfi_startproc
 769              		@ args = 0, pretend = 0, frame = 0
 770              		@ frame_needed = 0, uses_anonymous_args = 0
 771              		@ link register save eliminated.
 772              		.loc 1 154 1 is_stmt 0 view .LVU213
 773 0000 0246     		mov	r2, r0
 155:Middlewares/ST/BlueNRG-MS/utils/ble_list.c ****   int size = 0;
 774              		.loc 1 155 3 is_stmt 1 view .LVU214
 775              	.LVL39:
 156:Middlewares/ST/BlueNRG-MS/utils/ble_list.c ****   tListNode * temp;
 776              		.loc 1 156 3 view .LVU215
 157:Middlewares/ST/BlueNRG-MS/utils/ble_list.c **** 
 158:Middlewares/ST/BlueNRG-MS/utils/ble_list.c ****   uint32_t uwPRIMASK_Bit;
 777              		.loc 1 158 3 view .LVU216
 159:Middlewares/ST/BlueNRG-MS/utils/ble_list.c ****   uwPRIMASK_Bit = __get_PRIMASK();  /**< backup PRIMASK bit */
 778              		.loc 1 159 3 view .LVU217
 779              	.LBB116:
 780              	.LBI116:
 449:Drivers/CMSIS/Include/cmsis_gcc.h **** {
 781              		.loc 2 449 31 view .LVU218
 782              	.LBB117:
 451:Drivers/CMSIS/Include/cmsis_gcc.h **** 
 783              		.loc 2 451 3 view .LVU219
 453:Drivers/CMSIS/Include/cmsis_gcc.h ****   return(result);
 784              		.loc 2 453 3 view .LVU220
 785              		.syntax unified
 786              	@ 453 "Drivers/CMSIS/Include/cmsis_gcc.h" 1
 787 0002 EFF31081 		MRS r1, primask
 788              	@ 0 "" 2
 789              	.LVL40:
 454:Drivers/CMSIS/Include/cmsis_gcc.h **** }
 790              		.loc 2 454 3 view .LVU221
 454:Drivers/CMSIS/Include/cmsis_gcc.h **** }
 791              		.loc 2 454 3 is_stmt 0 view .LVU222
 792              		.thumb
 793              		.syntax unified
 794              	.LBE117:
 795              	.LBE116:
 160:Middlewares/ST/BlueNRG-MS/utils/ble_list.c ****   __disable_irq();                  /**< Disable all interrupts by setting PRIMASK bit on Cortex*/
ARM GAS  /tmp/ccXuI5YN.s 			page 27


 796              		.loc 1 160 3 is_stmt 1 view .LVU223
 797              	.LBB118:
 798              	.LBI118:
 207:Drivers/CMSIS/Include/cmsis_gcc.h **** {
 799              		.loc 2 207 27 view .LVU224
 800              	.LBB119:
 209:Drivers/CMSIS/Include/cmsis_gcc.h **** }
 801              		.loc 2 209 3 view .LVU225
 802              		.syntax unified
 803              	@ 209 "Drivers/CMSIS/Include/cmsis_gcc.h" 1
 804 0006 72B6     		cpsid i
 805              	@ 0 "" 2
 806              		.thumb
 807              		.syntax unified
 808              	.LBE119:
 809              	.LBE118:
 161:Middlewares/ST/BlueNRG-MS/utils/ble_list.c **** 
 162:Middlewares/ST/BlueNRG-MS/utils/ble_list.c ****   temp = listHead->next;
 810              		.loc 1 162 3 view .LVU226
 811              		.loc 1 162 8 is_stmt 0 view .LVU227
 812 0008 0368     		ldr	r3, [r0]
 813              	.LVL41:
 163:Middlewares/ST/BlueNRG-MS/utils/ble_list.c ****   while (temp != listHead)
 814              		.loc 1 163 3 is_stmt 1 view .LVU228
 155:Middlewares/ST/BlueNRG-MS/utils/ble_list.c ****   tListNode * temp;
 815              		.loc 1 155 7 is_stmt 0 view .LVU229
 816 000a 0020     		movs	r0, #0
 817              	.LVL42:
 818              		.loc 1 163 9 view .LVU230
 819 000c 01E0     		b	.L16
 820              	.LVL43:
 821              	.L17:
 164:Middlewares/ST/BlueNRG-MS/utils/ble_list.c ****   {
 165:Middlewares/ST/BlueNRG-MS/utils/ble_list.c ****     size++;
 822              		.loc 1 165 5 is_stmt 1 view .LVU231
 823              		.loc 1 165 9 is_stmt 0 view .LVU232
 824 000e 0130     		adds	r0, r0, #1
 825              	.LVL44:
 166:Middlewares/ST/BlueNRG-MS/utils/ble_list.c ****     temp = temp->next;		
 826              		.loc 1 166 5 is_stmt 1 view .LVU233
 827              		.loc 1 166 10 is_stmt 0 view .LVU234
 828 0010 1B68     		ldr	r3, [r3]
 829              	.LVL45:
 830              	.L16:
 163:Middlewares/ST/BlueNRG-MS/utils/ble_list.c ****   {
 831              		.loc 1 163 15 is_stmt 1 view .LVU235
 832 0012 9342     		cmp	r3, r2
 833 0014 FBD1     		bne	.L17
 167:Middlewares/ST/BlueNRG-MS/utils/ble_list.c ****   }
 168:Middlewares/ST/BlueNRG-MS/utils/ble_list.c ****   
 169:Middlewares/ST/BlueNRG-MS/utils/ble_list.c ****   __set_PRIMASK(uwPRIMASK_Bit);     /**< Restore PRIMASK bit*/
 834              		.loc 1 169 3 view .LVU236
 835              	.LBB120:
 836              	.LBI120:
 479:Drivers/CMSIS/Include/cmsis_gcc.h **** {
 837              		.loc 2 479 27 view .LVU237
 838              	.LBB121:
ARM GAS  /tmp/ccXuI5YN.s 			page 28


 839              		.loc 2 481 3 view .LVU238
 840              		.syntax unified
 841              	@ 481 "Drivers/CMSIS/Include/cmsis_gcc.h" 1
 842 0016 81F31088 		MSR primask, r1
 843              	@ 0 "" 2
 844              		.thumb
 845              		.syntax unified
 846              	.LBE121:
 847              	.LBE120:
 170:Middlewares/ST/BlueNRG-MS/utils/ble_list.c ****   
 171:Middlewares/ST/BlueNRG-MS/utils/ble_list.c ****   return (size);
 848              		.loc 1 171 3 view .LVU239
 172:Middlewares/ST/BlueNRG-MS/utils/ble_list.c **** }
 849              		.loc 1 172 1 is_stmt 0 view .LVU240
 850 001a 7047     		bx	lr
 851              		.cfi_endproc
 852              	.LFE144:
 854              		.section	.text.list_get_next_node,"ax",%progbits
 855              		.align	1
 856              		.global	list_get_next_node
 857              		.syntax unified
 858              		.thumb
 859              		.thumb_func
 861              	list_get_next_node:
 862              	.LVL46:
 863              	.LFB145:
 173:Middlewares/ST/BlueNRG-MS/utils/ble_list.c **** 
 174:Middlewares/ST/BlueNRG-MS/utils/ble_list.c **** void list_get_next_node (tListNode * ref_node, tListNode ** node)
 175:Middlewares/ST/BlueNRG-MS/utils/ble_list.c **** {
 864              		.loc 1 175 1 is_stmt 1 view -0
 865              		.cfi_startproc
 866              		@ args = 0, pretend = 0, frame = 0
 867              		@ frame_needed = 0, uses_anonymous_args = 0
 868              		@ link register save eliminated.
 176:Middlewares/ST/BlueNRG-MS/utils/ble_list.c ****   uint32_t uwPRIMASK_Bit;
 869              		.loc 1 176 3 view .LVU242
 177:Middlewares/ST/BlueNRG-MS/utils/ble_list.c ****   uwPRIMASK_Bit = __get_PRIMASK();  /**< backup PRIMASK bit */
 870              		.loc 1 177 3 view .LVU243
 871              	.LBB122:
 872              	.LBI122:
 449:Drivers/CMSIS/Include/cmsis_gcc.h **** {
 873              		.loc 2 449 31 view .LVU244
 874              	.LBB123:
 451:Drivers/CMSIS/Include/cmsis_gcc.h **** 
 875              		.loc 2 451 3 view .LVU245
 453:Drivers/CMSIS/Include/cmsis_gcc.h ****   return(result);
 876              		.loc 2 453 3 view .LVU246
 877              		.syntax unified
 878              	@ 453 "Drivers/CMSIS/Include/cmsis_gcc.h" 1
 879 0000 EFF31083 		MRS r3, primask
 880              	@ 0 "" 2
 881              	.LVL47:
 454:Drivers/CMSIS/Include/cmsis_gcc.h **** }
 882              		.loc 2 454 3 view .LVU247
 454:Drivers/CMSIS/Include/cmsis_gcc.h **** }
 883              		.loc 2 454 3 is_stmt 0 view .LVU248
 884              		.thumb
ARM GAS  /tmp/ccXuI5YN.s 			page 29


 885              		.syntax unified
 886              	.LBE123:
 887              	.LBE122:
 178:Middlewares/ST/BlueNRG-MS/utils/ble_list.c ****   __disable_irq();                  /**< Disable all interrupts by setting PRIMASK bit on Cortex*/
 888              		.loc 1 178 3 is_stmt 1 view .LVU249
 889              	.LBB124:
 890              	.LBI124:
 207:Drivers/CMSIS/Include/cmsis_gcc.h **** {
 891              		.loc 2 207 27 view .LVU250
 892              	.LBB125:
 209:Drivers/CMSIS/Include/cmsis_gcc.h **** }
 893              		.loc 2 209 3 view .LVU251
 894              		.syntax unified
 895              	@ 209 "Drivers/CMSIS/Include/cmsis_gcc.h" 1
 896 0004 72B6     		cpsid i
 897              	@ 0 "" 2
 898              		.thumb
 899              		.syntax unified
 900              	.LBE125:
 901              	.LBE124:
 179:Middlewares/ST/BlueNRG-MS/utils/ble_list.c ****   
 180:Middlewares/ST/BlueNRG-MS/utils/ble_list.c ****   *node = ref_node->next;
 902              		.loc 1 180 3 view .LVU252
 903              		.loc 1 180 19 is_stmt 0 view .LVU253
 904 0006 0268     		ldr	r2, [r0]
 905              		.loc 1 180 9 view .LVU254
 906 0008 0A60     		str	r2, [r1]
 181:Middlewares/ST/BlueNRG-MS/utils/ble_list.c ****   
 182:Middlewares/ST/BlueNRG-MS/utils/ble_list.c ****   __set_PRIMASK(uwPRIMASK_Bit);     /**< Restore PRIMASK bit*/
 907              		.loc 1 182 3 is_stmt 1 view .LVU255
 908              	.LVL48:
 909              	.LBB126:
 910              	.LBI126:
 479:Drivers/CMSIS/Include/cmsis_gcc.h **** {
 911              		.loc 2 479 27 view .LVU256
 912              	.LBB127:
 913              		.loc 2 481 3 view .LVU257
 914              		.syntax unified
 915              	@ 481 "Drivers/CMSIS/Include/cmsis_gcc.h" 1
 916 000a 83F31088 		MSR primask, r3
 917              	@ 0 "" 2
 918              	.LVL49:
 919              		.loc 2 481 3 is_stmt 0 view .LVU258
 920              		.thumb
 921              		.syntax unified
 922              	.LBE127:
 923              	.LBE126:
 183:Middlewares/ST/BlueNRG-MS/utils/ble_list.c **** }
 924              		.loc 1 183 1 view .LVU259
 925 000e 7047     		bx	lr
 926              		.cfi_endproc
 927              	.LFE145:
 929              		.section	.text.list_get_prev_node,"ax",%progbits
 930              		.align	1
 931              		.global	list_get_prev_node
 932              		.syntax unified
 933              		.thumb
ARM GAS  /tmp/ccXuI5YN.s 			page 30


 934              		.thumb_func
 936              	list_get_prev_node:
 937              	.LVL50:
 938              	.LFB146:
 184:Middlewares/ST/BlueNRG-MS/utils/ble_list.c **** 
 185:Middlewares/ST/BlueNRG-MS/utils/ble_list.c **** void list_get_prev_node (tListNode * ref_node, tListNode ** node)
 186:Middlewares/ST/BlueNRG-MS/utils/ble_list.c **** {
 939              		.loc 1 186 1 is_stmt 1 view -0
 940              		.cfi_startproc
 941              		@ args = 0, pretend = 0, frame = 0
 942              		@ frame_needed = 0, uses_anonymous_args = 0
 943              		@ link register save eliminated.
 187:Middlewares/ST/BlueNRG-MS/utils/ble_list.c ****   uint32_t uwPRIMASK_Bit;
 944              		.loc 1 187 3 view .LVU261
 188:Middlewares/ST/BlueNRG-MS/utils/ble_list.c ****   uwPRIMASK_Bit = __get_PRIMASK();  /**< backup PRIMASK bit */
 945              		.loc 1 188 3 view .LVU262
 946              	.LBB128:
 947              	.LBI128:
 449:Drivers/CMSIS/Include/cmsis_gcc.h **** {
 948              		.loc 2 449 31 view .LVU263
 949              	.LBB129:
 451:Drivers/CMSIS/Include/cmsis_gcc.h **** 
 950              		.loc 2 451 3 view .LVU264
 453:Drivers/CMSIS/Include/cmsis_gcc.h ****   return(result);
 951              		.loc 2 453 3 view .LVU265
 952              		.syntax unified
 953              	@ 453 "Drivers/CMSIS/Include/cmsis_gcc.h" 1
 954 0000 EFF31083 		MRS r3, primask
 955              	@ 0 "" 2
 956              	.LVL51:
 454:Drivers/CMSIS/Include/cmsis_gcc.h **** }
 957              		.loc 2 454 3 view .LVU266
 454:Drivers/CMSIS/Include/cmsis_gcc.h **** }
 958              		.loc 2 454 3 is_stmt 0 view .LVU267
 959              		.thumb
 960              		.syntax unified
 961              	.LBE129:
 962              	.LBE128:
 189:Middlewares/ST/BlueNRG-MS/utils/ble_list.c ****   __disable_irq();                  /**< Disable all interrupts by setting PRIMASK bit on Cortex*/
 963              		.loc 1 189 3 is_stmt 1 view .LVU268
 964              	.LBB130:
 965              	.LBI130:
 207:Drivers/CMSIS/Include/cmsis_gcc.h **** {
 966              		.loc 2 207 27 view .LVU269
 967              	.LBB131:
 209:Drivers/CMSIS/Include/cmsis_gcc.h **** }
 968              		.loc 2 209 3 view .LVU270
 969              		.syntax unified
 970              	@ 209 "Drivers/CMSIS/Include/cmsis_gcc.h" 1
 971 0004 72B6     		cpsid i
 972              	@ 0 "" 2
 973              		.thumb
 974              		.syntax unified
 975              	.LBE131:
 976              	.LBE130:
 190:Middlewares/ST/BlueNRG-MS/utils/ble_list.c ****   
 191:Middlewares/ST/BlueNRG-MS/utils/ble_list.c ****   *node = ref_node->prev;
ARM GAS  /tmp/ccXuI5YN.s 			page 31


 977              		.loc 1 191 3 view .LVU271
 978              		.loc 1 191 19 is_stmt 0 view .LVU272
 979 0006 4268     		ldr	r2, [r0, #4]
 980              		.loc 1 191 9 view .LVU273
 981 0008 0A60     		str	r2, [r1]
 192:Middlewares/ST/BlueNRG-MS/utils/ble_list.c ****   
 193:Middlewares/ST/BlueNRG-MS/utils/ble_list.c ****   __set_PRIMASK(uwPRIMASK_Bit);     /**< Restore PRIMASK bit*/
 982              		.loc 1 193 3 is_stmt 1 view .LVU274
 983              	.LVL52:
 984              	.LBB132:
 985              	.LBI132:
 479:Drivers/CMSIS/Include/cmsis_gcc.h **** {
 986              		.loc 2 479 27 view .LVU275
 987              	.LBB133:
 988              		.loc 2 481 3 view .LVU276
 989              		.syntax unified
 990              	@ 481 "Drivers/CMSIS/Include/cmsis_gcc.h" 1
 991 000a 83F31088 		MSR primask, r3
 992              	@ 0 "" 2
 993              	.LVL53:
 994              		.loc 2 481 3 is_stmt 0 view .LVU277
 995              		.thumb
 996              		.syntax unified
 997              	.LBE133:
 998              	.LBE132:
 194:Middlewares/ST/BlueNRG-MS/utils/ble_list.c **** }
 999              		.loc 1 194 1 view .LVU278
 1000 000e 7047     		bx	lr
 1001              		.cfi_endproc
 1002              	.LFE146:
 1004              		.text
 1005              	.Letext0:
 1006              		.file 3 "/usr/arm-none-eabi/include/machine/_default_types.h"
 1007              		.file 4 "/usr/arm-none-eabi/include/sys/_stdint.h"
 1008              		.file 5 "Middlewares/ST/BlueNRG-MS/utils/ble_list.h"
ARM GAS  /tmp/ccXuI5YN.s 			page 32


DEFINED SYMBOLS
                            *ABS*:0000000000000000 ble_list.c
     /tmp/ccXuI5YN.s:21     .text.list_init_head:0000000000000000 $t
     /tmp/ccXuI5YN.s:27     .text.list_init_head:0000000000000000 list_init_head
     /tmp/ccXuI5YN.s:47     .text.list_is_empty:0000000000000000 $t
     /tmp/ccXuI5YN.s:53     .text.list_is_empty:0000000000000000 list_is_empty
     /tmp/ccXuI5YN.s:134    .text.list_insert_head:0000000000000000 $t
     /tmp/ccXuI5YN.s:140    .text.list_insert_head:0000000000000000 list_insert_head
     /tmp/ccXuI5YN.s:220    .text.list_insert_tail:0000000000000000 $t
     /tmp/ccXuI5YN.s:226    .text.list_insert_tail:0000000000000000 list_insert_tail
     /tmp/ccXuI5YN.s:306    .text.list_remove_node:0000000000000000 $t
     /tmp/ccXuI5YN.s:312    .text.list_remove_node:0000000000000000 list_remove_node
     /tmp/ccXuI5YN.s:388    .text.list_remove_head:0000000000000000 $t
     /tmp/ccXuI5YN.s:394    .text.list_remove_head:0000000000000000 list_remove_head
     /tmp/ccXuI5YN.s:487    .text.list_remove_tail:0000000000000000 $t
     /tmp/ccXuI5YN.s:493    .text.list_remove_tail:0000000000000000 list_remove_tail
     /tmp/ccXuI5YN.s:586    .text.list_insert_node_after:0000000000000000 $t
     /tmp/ccXuI5YN.s:592    .text.list_insert_node_after:0000000000000000 list_insert_node_after
     /tmp/ccXuI5YN.s:672    .text.list_insert_node_before:0000000000000000 $t
     /tmp/ccXuI5YN.s:678    .text.list_insert_node_before:0000000000000000 list_insert_node_before
     /tmp/ccXuI5YN.s:758    .text.list_get_size:0000000000000000 $t
     /tmp/ccXuI5YN.s:764    .text.list_get_size:0000000000000000 list_get_size
     /tmp/ccXuI5YN.s:855    .text.list_get_next_node:0000000000000000 $t
     /tmp/ccXuI5YN.s:861    .text.list_get_next_node:0000000000000000 list_get_next_node
     /tmp/ccXuI5YN.s:930    .text.list_get_prev_node:0000000000000000 $t
     /tmp/ccXuI5YN.s:936    .text.list_get_prev_node:0000000000000000 list_get_prev_node

NO UNDEFINED SYMBOLS
