ARM GAS  /tmp/ccIIYSOv.s 			page 1


   1              		.cpu cortex-m4
   2              		.arch armv7e-m
   3              		.fpu fpv4-sp-d16
   4              		.eabi_attribute 27, 1
   5              		.eabi_attribute 28, 1
   6              		.eabi_attribute 20, 1
   7              		.eabi_attribute 21, 1
   8              		.eabi_attribute 23, 3
   9              		.eabi_attribute 24, 1
  10              		.eabi_attribute 25, 1
  11              		.eabi_attribute 26, 1
  12              		.eabi_attribute 30, 1
  13              		.eabi_attribute 34, 1
  14              		.eabi_attribute 18, 4
  15              		.file	"stm32l4xx_it.c"
  16              		.text
  17              	.Ltext0:
  18              		.cfi_sections	.debug_frame
  19              		.file 1 "Core/Src/stm32l4xx_it.c"
  20              		.section	.text.NMI_Handler,"ax",%progbits
  21              		.align	1
  22              		.global	NMI_Handler
  23              		.syntax unified
  24              		.thumb
  25              		.thumb_func
  27              	NMI_Handler:
  28              	.LFB292:
   1:Core/Src/stm32l4xx_it.c **** /* USER CODE BEGIN Header */
   2:Core/Src/stm32l4xx_it.c **** /**
   3:Core/Src/stm32l4xx_it.c ****   ******************************************************************************
   4:Core/Src/stm32l4xx_it.c ****   * @file    stm32l4xx_it.c
   5:Core/Src/stm32l4xx_it.c ****   * @brief   Interrupt Service Routines.
   6:Core/Src/stm32l4xx_it.c ****   ******************************************************************************
   7:Core/Src/stm32l4xx_it.c ****   * @attention
   8:Core/Src/stm32l4xx_it.c ****   *
   9:Core/Src/stm32l4xx_it.c ****   * Copyright (c) 2022 STMicroelectronics.
  10:Core/Src/stm32l4xx_it.c ****   * All rights reserved.
  11:Core/Src/stm32l4xx_it.c ****   *
  12:Core/Src/stm32l4xx_it.c ****   * This software is licensed under terms that can be found in the LICENSE file
  13:Core/Src/stm32l4xx_it.c ****   * in the root directory of this software component.
  14:Core/Src/stm32l4xx_it.c ****   * If no LICENSE file comes with this software, it is provided AS-IS.
  15:Core/Src/stm32l4xx_it.c ****   *
  16:Core/Src/stm32l4xx_it.c ****   ******************************************************************************
  17:Core/Src/stm32l4xx_it.c ****   */
  18:Core/Src/stm32l4xx_it.c **** /* USER CODE END Header */
  19:Core/Src/stm32l4xx_it.c **** 
  20:Core/Src/stm32l4xx_it.c **** /* Includes ------------------------------------------------------------------*/
  21:Core/Src/stm32l4xx_it.c **** #include "main.h"
  22:Core/Src/stm32l4xx_it.c **** #include "stm32l4xx_it.h"
  23:Core/Src/stm32l4xx_it.c **** /* Private includes ----------------------------------------------------------*/
  24:Core/Src/stm32l4xx_it.c **** /* USER CODE BEGIN Includes */
  25:Core/Src/stm32l4xx_it.c **** /* USER CODE END Includes */
  26:Core/Src/stm32l4xx_it.c **** 
  27:Core/Src/stm32l4xx_it.c **** /* Private typedef -----------------------------------------------------------*/
  28:Core/Src/stm32l4xx_it.c **** /* USER CODE BEGIN TD */
  29:Core/Src/stm32l4xx_it.c **** 
  30:Core/Src/stm32l4xx_it.c **** /* USER CODE END TD */
ARM GAS  /tmp/ccIIYSOv.s 			page 2


  31:Core/Src/stm32l4xx_it.c **** 
  32:Core/Src/stm32l4xx_it.c **** /* Private define ------------------------------------------------------------*/
  33:Core/Src/stm32l4xx_it.c **** /* USER CODE BEGIN PD */
  34:Core/Src/stm32l4xx_it.c **** 
  35:Core/Src/stm32l4xx_it.c **** /* USER CODE END PD */
  36:Core/Src/stm32l4xx_it.c **** 
  37:Core/Src/stm32l4xx_it.c **** /* Private macro -------------------------------------------------------------*/
  38:Core/Src/stm32l4xx_it.c **** /* USER CODE BEGIN PM */
  39:Core/Src/stm32l4xx_it.c **** 
  40:Core/Src/stm32l4xx_it.c **** /* USER CODE END PM */
  41:Core/Src/stm32l4xx_it.c **** 
  42:Core/Src/stm32l4xx_it.c **** /* Private variables ---------------------------------------------------------*/
  43:Core/Src/stm32l4xx_it.c **** /* USER CODE BEGIN PV */
  44:Core/Src/stm32l4xx_it.c **** 
  45:Core/Src/stm32l4xx_it.c **** /* USER CODE END PV */
  46:Core/Src/stm32l4xx_it.c **** 
  47:Core/Src/stm32l4xx_it.c **** /* Private function prototypes -----------------------------------------------*/
  48:Core/Src/stm32l4xx_it.c **** /* USER CODE BEGIN PFP */
  49:Core/Src/stm32l4xx_it.c **** 
  50:Core/Src/stm32l4xx_it.c **** /* USER CODE END PFP */
  51:Core/Src/stm32l4xx_it.c **** 
  52:Core/Src/stm32l4xx_it.c **** /* Private user code ---------------------------------------------------------*/
  53:Core/Src/stm32l4xx_it.c **** /* USER CODE BEGIN 0 */
  54:Core/Src/stm32l4xx_it.c **** 
  55:Core/Src/stm32l4xx_it.c **** /* USER CODE END 0 */
  56:Core/Src/stm32l4xx_it.c **** 
  57:Core/Src/stm32l4xx_it.c **** /* External variables --------------------------------------------------------*/
  58:Core/Src/stm32l4xx_it.c **** 
  59:Core/Src/stm32l4xx_it.c **** /* USER CODE BEGIN EV */
  60:Core/Src/stm32l4xx_it.c **** 
  61:Core/Src/stm32l4xx_it.c **** /* USER CODE END EV */
  62:Core/Src/stm32l4xx_it.c **** 
  63:Core/Src/stm32l4xx_it.c **** /******************************************************************************/
  64:Core/Src/stm32l4xx_it.c **** /*           Cortex-M4 Processor Interruption and Exception Handlers          */
  65:Core/Src/stm32l4xx_it.c **** /******************************************************************************/
  66:Core/Src/stm32l4xx_it.c **** /**
  67:Core/Src/stm32l4xx_it.c ****   * @brief This function handles Non maskable interrupt.
  68:Core/Src/stm32l4xx_it.c ****   */
  69:Core/Src/stm32l4xx_it.c **** void NMI_Handler(void)
  70:Core/Src/stm32l4xx_it.c **** {
  29              		.loc 1 70 1 view -0
  30              		.cfi_startproc
  31              		@ Volatile: function does not return.
  32              		@ args = 0, pretend = 0, frame = 0
  33              		@ frame_needed = 0, uses_anonymous_args = 0
  34              		@ link register save eliminated.
  35              	.L2:
  71:Core/Src/stm32l4xx_it.c ****   /* USER CODE BEGIN NonMaskableInt_IRQn 0 */
  72:Core/Src/stm32l4xx_it.c **** 
  73:Core/Src/stm32l4xx_it.c ****   /* USER CODE END NonMaskableInt_IRQn 0 */
  74:Core/Src/stm32l4xx_it.c ****   /* USER CODE BEGIN NonMaskableInt_IRQn 1 */
  75:Core/Src/stm32l4xx_it.c ****   while (1)
  36              		.loc 1 75 3 discriminator 1 view .LVU1
  76:Core/Src/stm32l4xx_it.c ****   {
  77:Core/Src/stm32l4xx_it.c ****   }
  37              		.loc 1 77 3 discriminator 1 view .LVU2
  75:Core/Src/stm32l4xx_it.c ****   {
ARM GAS  /tmp/ccIIYSOv.s 			page 3


  38              		.loc 1 75 9 discriminator 1 view .LVU3
  39 0000 FEE7     		b	.L2
  40              		.cfi_endproc
  41              	.LFE292:
  43              		.section	.text.HardFault_Handler,"ax",%progbits
  44              		.align	1
  45              		.global	HardFault_Handler
  46              		.syntax unified
  47              		.thumb
  48              		.thumb_func
  50              	HardFault_Handler:
  51              	.LFB293:
  78:Core/Src/stm32l4xx_it.c ****   /* USER CODE END NonMaskableInt_IRQn 1 */
  79:Core/Src/stm32l4xx_it.c **** }
  80:Core/Src/stm32l4xx_it.c **** 
  81:Core/Src/stm32l4xx_it.c **** /**
  82:Core/Src/stm32l4xx_it.c ****   * @brief This function handles Hard fault interrupt.
  83:Core/Src/stm32l4xx_it.c ****   */
  84:Core/Src/stm32l4xx_it.c **** void HardFault_Handler(void)
  85:Core/Src/stm32l4xx_it.c **** {
  52              		.loc 1 85 1 view -0
  53              		.cfi_startproc
  54              		@ Volatile: function does not return.
  55              		@ args = 0, pretend = 0, frame = 0
  56              		@ frame_needed = 0, uses_anonymous_args = 0
  57              		@ link register save eliminated.
  58              	.L4:
  86:Core/Src/stm32l4xx_it.c ****   /* USER CODE BEGIN HardFault_IRQn 0 */
  87:Core/Src/stm32l4xx_it.c **** 
  88:Core/Src/stm32l4xx_it.c ****   /* USER CODE END HardFault_IRQn 0 */
  89:Core/Src/stm32l4xx_it.c ****   while (1)
  59              		.loc 1 89 3 discriminator 1 view .LVU5
  90:Core/Src/stm32l4xx_it.c ****   {
  91:Core/Src/stm32l4xx_it.c ****     /* USER CODE BEGIN W1_HardFault_IRQn 0 */
  92:Core/Src/stm32l4xx_it.c ****     /* USER CODE END W1_HardFault_IRQn 0 */
  93:Core/Src/stm32l4xx_it.c ****   }
  60              		.loc 1 93 3 discriminator 1 view .LVU6
  89:Core/Src/stm32l4xx_it.c ****   {
  61              		.loc 1 89 9 discriminator 1 view .LVU7
  62 0000 FEE7     		b	.L4
  63              		.cfi_endproc
  64              	.LFE293:
  66              		.section	.text.MemManage_Handler,"ax",%progbits
  67              		.align	1
  68              		.global	MemManage_Handler
  69              		.syntax unified
  70              		.thumb
  71              		.thumb_func
  73              	MemManage_Handler:
  74              	.LFB294:
  94:Core/Src/stm32l4xx_it.c **** }
  95:Core/Src/stm32l4xx_it.c **** 
  96:Core/Src/stm32l4xx_it.c **** /**
  97:Core/Src/stm32l4xx_it.c ****   * @brief This function handles Memory management fault.
  98:Core/Src/stm32l4xx_it.c ****   */
  99:Core/Src/stm32l4xx_it.c **** void MemManage_Handler(void)
 100:Core/Src/stm32l4xx_it.c **** {
ARM GAS  /tmp/ccIIYSOv.s 			page 4


  75              		.loc 1 100 1 view -0
  76              		.cfi_startproc
  77              		@ Volatile: function does not return.
  78              		@ args = 0, pretend = 0, frame = 0
  79              		@ frame_needed = 0, uses_anonymous_args = 0
  80              		@ link register save eliminated.
  81              	.L6:
 101:Core/Src/stm32l4xx_it.c ****   /* USER CODE BEGIN MemoryManagement_IRQn 0 */
 102:Core/Src/stm32l4xx_it.c **** 
 103:Core/Src/stm32l4xx_it.c ****   /* USER CODE END MemoryManagement_IRQn 0 */
 104:Core/Src/stm32l4xx_it.c ****   while (1)
  82              		.loc 1 104 3 discriminator 1 view .LVU9
 105:Core/Src/stm32l4xx_it.c ****   {
 106:Core/Src/stm32l4xx_it.c ****     /* USER CODE BEGIN W1_MemoryManagement_IRQn 0 */
 107:Core/Src/stm32l4xx_it.c ****     /* USER CODE END W1_MemoryManagement_IRQn 0 */
 108:Core/Src/stm32l4xx_it.c ****   }
  83              		.loc 1 108 3 discriminator 1 view .LVU10
 104:Core/Src/stm32l4xx_it.c ****   {
  84              		.loc 1 104 9 discriminator 1 view .LVU11
  85 0000 FEE7     		b	.L6
  86              		.cfi_endproc
  87              	.LFE294:
  89              		.section	.text.BusFault_Handler,"ax",%progbits
  90              		.align	1
  91              		.global	BusFault_Handler
  92              		.syntax unified
  93              		.thumb
  94              		.thumb_func
  96              	BusFault_Handler:
  97              	.LFB295:
 109:Core/Src/stm32l4xx_it.c **** }
 110:Core/Src/stm32l4xx_it.c **** 
 111:Core/Src/stm32l4xx_it.c **** /**
 112:Core/Src/stm32l4xx_it.c ****   * @brief This function handles Prefetch fault, memory access fault.
 113:Core/Src/stm32l4xx_it.c ****   */
 114:Core/Src/stm32l4xx_it.c **** void BusFault_Handler(void)
 115:Core/Src/stm32l4xx_it.c **** {
  98              		.loc 1 115 1 view -0
  99              		.cfi_startproc
 100              		@ Volatile: function does not return.
 101              		@ args = 0, pretend = 0, frame = 0
 102              		@ frame_needed = 0, uses_anonymous_args = 0
 103              		@ link register save eliminated.
 104              	.L8:
 116:Core/Src/stm32l4xx_it.c ****   /* USER CODE BEGIN BusFault_IRQn 0 */
 117:Core/Src/stm32l4xx_it.c **** 
 118:Core/Src/stm32l4xx_it.c ****   /* USER CODE END BusFault_IRQn 0 */
 119:Core/Src/stm32l4xx_it.c ****   while (1)
 105              		.loc 1 119 3 discriminator 1 view .LVU13
 120:Core/Src/stm32l4xx_it.c ****   {
 121:Core/Src/stm32l4xx_it.c ****     /* USER CODE BEGIN W1_BusFault_IRQn 0 */
 122:Core/Src/stm32l4xx_it.c ****     /* USER CODE END W1_BusFault_IRQn 0 */
 123:Core/Src/stm32l4xx_it.c ****   }
 106              		.loc 1 123 3 discriminator 1 view .LVU14
 119:Core/Src/stm32l4xx_it.c ****   {
 107              		.loc 1 119 9 discriminator 1 view .LVU15
 108 0000 FEE7     		b	.L8
ARM GAS  /tmp/ccIIYSOv.s 			page 5


 109              		.cfi_endproc
 110              	.LFE295:
 112              		.section	.text.UsageFault_Handler,"ax",%progbits
 113              		.align	1
 114              		.global	UsageFault_Handler
 115              		.syntax unified
 116              		.thumb
 117              		.thumb_func
 119              	UsageFault_Handler:
 120              	.LFB296:
 124:Core/Src/stm32l4xx_it.c **** }
 125:Core/Src/stm32l4xx_it.c **** 
 126:Core/Src/stm32l4xx_it.c **** /**
 127:Core/Src/stm32l4xx_it.c ****   * @brief This function handles Undefined instruction or illegal state.
 128:Core/Src/stm32l4xx_it.c ****   */
 129:Core/Src/stm32l4xx_it.c **** void UsageFault_Handler(void)
 130:Core/Src/stm32l4xx_it.c **** {
 121              		.loc 1 130 1 view -0
 122              		.cfi_startproc
 123              		@ Volatile: function does not return.
 124              		@ args = 0, pretend = 0, frame = 0
 125              		@ frame_needed = 0, uses_anonymous_args = 0
 126              		@ link register save eliminated.
 127              	.L10:
 131:Core/Src/stm32l4xx_it.c ****   /* USER CODE BEGIN UsageFault_IRQn 0 */
 132:Core/Src/stm32l4xx_it.c **** 
 133:Core/Src/stm32l4xx_it.c ****   /* USER CODE END UsageFault_IRQn 0 */
 134:Core/Src/stm32l4xx_it.c ****   while (1)
 128              		.loc 1 134 3 discriminator 1 view .LVU17
 135:Core/Src/stm32l4xx_it.c ****   {
 136:Core/Src/stm32l4xx_it.c ****     /* USER CODE BEGIN W1_UsageFault_IRQn 0 */
 137:Core/Src/stm32l4xx_it.c ****     /* USER CODE END W1_UsageFault_IRQn 0 */
 138:Core/Src/stm32l4xx_it.c ****   }
 129              		.loc 1 138 3 discriminator 1 view .LVU18
 134:Core/Src/stm32l4xx_it.c ****   {
 130              		.loc 1 134 9 discriminator 1 view .LVU19
 131 0000 FEE7     		b	.L10
 132              		.cfi_endproc
 133              	.LFE296:
 135              		.section	.text.SVC_Handler,"ax",%progbits
 136              		.align	1
 137              		.global	SVC_Handler
 138              		.syntax unified
 139              		.thumb
 140              		.thumb_func
 142              	SVC_Handler:
 143              	.LFB297:
 139:Core/Src/stm32l4xx_it.c **** }
 140:Core/Src/stm32l4xx_it.c **** 
 141:Core/Src/stm32l4xx_it.c **** /**
 142:Core/Src/stm32l4xx_it.c ****   * @brief This function handles System service call via SWI instruction.
 143:Core/Src/stm32l4xx_it.c ****   */
 144:Core/Src/stm32l4xx_it.c **** void SVC_Handler(void)
 145:Core/Src/stm32l4xx_it.c **** {
 144              		.loc 1 145 1 view -0
 145              		.cfi_startproc
 146              		@ args = 0, pretend = 0, frame = 0
ARM GAS  /tmp/ccIIYSOv.s 			page 6


 147              		@ frame_needed = 0, uses_anonymous_args = 0
 148              		@ link register save eliminated.
 146:Core/Src/stm32l4xx_it.c ****   /* USER CODE BEGIN SVCall_IRQn 0 */
 147:Core/Src/stm32l4xx_it.c **** 
 148:Core/Src/stm32l4xx_it.c ****   /* USER CODE END SVCall_IRQn 0 */
 149:Core/Src/stm32l4xx_it.c ****   /* USER CODE BEGIN SVCall_IRQn 1 */
 150:Core/Src/stm32l4xx_it.c **** 
 151:Core/Src/stm32l4xx_it.c ****   /* USER CODE END SVCall_IRQn 1 */
 152:Core/Src/stm32l4xx_it.c **** }
 149              		.loc 1 152 1 view .LVU21
 150 0000 7047     		bx	lr
 151              		.cfi_endproc
 152              	.LFE297:
 154              		.section	.text.DebugMon_Handler,"ax",%progbits
 155              		.align	1
 156              		.global	DebugMon_Handler
 157              		.syntax unified
 158              		.thumb
 159              		.thumb_func
 161              	DebugMon_Handler:
 162              	.LFB298:
 153:Core/Src/stm32l4xx_it.c **** 
 154:Core/Src/stm32l4xx_it.c **** /**
 155:Core/Src/stm32l4xx_it.c ****   * @brief This function handles Debug monitor.
 156:Core/Src/stm32l4xx_it.c ****   */
 157:Core/Src/stm32l4xx_it.c **** void DebugMon_Handler(void)
 158:Core/Src/stm32l4xx_it.c **** {
 163              		.loc 1 158 1 view -0
 164              		.cfi_startproc
 165              		@ args = 0, pretend = 0, frame = 0
 166              		@ frame_needed = 0, uses_anonymous_args = 0
 167              		@ link register save eliminated.
 159:Core/Src/stm32l4xx_it.c ****   /* USER CODE BEGIN DebugMonitor_IRQn 0 */
 160:Core/Src/stm32l4xx_it.c **** 
 161:Core/Src/stm32l4xx_it.c ****   /* USER CODE END DebugMonitor_IRQn 0 */
 162:Core/Src/stm32l4xx_it.c ****   /* USER CODE BEGIN DebugMonitor_IRQn 1 */
 163:Core/Src/stm32l4xx_it.c **** 
 164:Core/Src/stm32l4xx_it.c ****   /* USER CODE END DebugMonitor_IRQn 1 */
 165:Core/Src/stm32l4xx_it.c **** }
 168              		.loc 1 165 1 view .LVU23
 169 0000 7047     		bx	lr
 170              		.cfi_endproc
 171              	.LFE298:
 173              		.section	.text.PendSV_Handler,"ax",%progbits
 174              		.align	1
 175              		.global	PendSV_Handler
 176              		.syntax unified
 177              		.thumb
 178              		.thumb_func
 180              	PendSV_Handler:
 181              	.LFB299:
 166:Core/Src/stm32l4xx_it.c **** 
 167:Core/Src/stm32l4xx_it.c **** /**
 168:Core/Src/stm32l4xx_it.c ****   * @brief This function handles Pendable request for system service.
 169:Core/Src/stm32l4xx_it.c ****   */
 170:Core/Src/stm32l4xx_it.c **** void PendSV_Handler(void)
 171:Core/Src/stm32l4xx_it.c **** {
ARM GAS  /tmp/ccIIYSOv.s 			page 7


 182              		.loc 1 171 1 view -0
 183              		.cfi_startproc
 184              		@ args = 0, pretend = 0, frame = 0
 185              		@ frame_needed = 0, uses_anonymous_args = 0
 186              		@ link register save eliminated.
 172:Core/Src/stm32l4xx_it.c ****   /* USER CODE BEGIN PendSV_IRQn 0 */
 173:Core/Src/stm32l4xx_it.c **** 
 174:Core/Src/stm32l4xx_it.c ****   /* USER CODE END PendSV_IRQn 0 */
 175:Core/Src/stm32l4xx_it.c ****   /* USER CODE BEGIN PendSV_IRQn 1 */
 176:Core/Src/stm32l4xx_it.c **** 
 177:Core/Src/stm32l4xx_it.c ****   /* USER CODE END PendSV_IRQn 1 */
 178:Core/Src/stm32l4xx_it.c **** }
 187              		.loc 1 178 1 view .LVU25
 188 0000 7047     		bx	lr
 189              		.cfi_endproc
 190              	.LFE299:
 192              		.section	.text.SysTick_Handler,"ax",%progbits
 193              		.align	1
 194              		.global	SysTick_Handler
 195              		.syntax unified
 196              		.thumb
 197              		.thumb_func
 199              	SysTick_Handler:
 200              	.LFB300:
 179:Core/Src/stm32l4xx_it.c **** 
 180:Core/Src/stm32l4xx_it.c **** /**
 181:Core/Src/stm32l4xx_it.c ****   * @brief This function handles System tick timer.
 182:Core/Src/stm32l4xx_it.c ****   */
 183:Core/Src/stm32l4xx_it.c **** void SysTick_Handler(void)
 184:Core/Src/stm32l4xx_it.c **** {
 201              		.loc 1 184 1 view -0
 202              		.cfi_startproc
 203              		@ args = 0, pretend = 0, frame = 0
 204              		@ frame_needed = 0, uses_anonymous_args = 0
 205 0000 08B5     		push	{r3, lr}
 206              	.LCFI0:
 207              		.cfi_def_cfa_offset 8
 208              		.cfi_offset 3, -8
 209              		.cfi_offset 14, -4
 185:Core/Src/stm32l4xx_it.c ****   /* USER CODE BEGIN SysTick_IRQn 0 */
 186:Core/Src/stm32l4xx_it.c **** 
 187:Core/Src/stm32l4xx_it.c ****   /* USER CODE END SysTick_IRQn 0 */
 188:Core/Src/stm32l4xx_it.c ****   HAL_IncTick();
 210              		.loc 1 188 3 view .LVU27
 211 0002 FFF7FEFF 		bl	HAL_IncTick
 212              	.LVL0:
 189:Core/Src/stm32l4xx_it.c ****   /* USER CODE BEGIN SysTick_IRQn 1 */
 190:Core/Src/stm32l4xx_it.c **** 
 191:Core/Src/stm32l4xx_it.c ****   /* USER CODE END SysTick_IRQn 1 */
 192:Core/Src/stm32l4xx_it.c **** }
 213              		.loc 1 192 1 is_stmt 0 view .LVU28
 214 0006 08BD     		pop	{r3, pc}
 215              		.cfi_endproc
 216              	.LFE300:
 218              		.section	.text.EXTI3_IRQHandler,"ax",%progbits
 219              		.align	1
 220              		.global	EXTI3_IRQHandler
ARM GAS  /tmp/ccIIYSOv.s 			page 8


 221              		.syntax unified
 222              		.thumb
 223              		.thumb_func
 225              	EXTI3_IRQHandler:
 226              	.LFB301:
 193:Core/Src/stm32l4xx_it.c **** 
 194:Core/Src/stm32l4xx_it.c **** /******************************************************************************/
 195:Core/Src/stm32l4xx_it.c **** /* STM32L4xx Peripheral Interrupt Handlers                                    */
 196:Core/Src/stm32l4xx_it.c **** /* Add here the Interrupt Handlers for the used peripherals.                  */
 197:Core/Src/stm32l4xx_it.c **** /* For the available peripheral interrupt handler names,                      */
 198:Core/Src/stm32l4xx_it.c **** /* please refer to the startup file (startup_stm32l4xx.s).                    */
 199:Core/Src/stm32l4xx_it.c **** /******************************************************************************/
 200:Core/Src/stm32l4xx_it.c **** 
 201:Core/Src/stm32l4xx_it.c **** /**
 202:Core/Src/stm32l4xx_it.c ****   * @brief This function handles EXTI line3 interrupt.
 203:Core/Src/stm32l4xx_it.c ****   */
 204:Core/Src/stm32l4xx_it.c **** void EXTI3_IRQHandler(void)
 205:Core/Src/stm32l4xx_it.c **** {
 227              		.loc 1 205 1 is_stmt 1 view -0
 228              		.cfi_startproc
 229              		@ args = 0, pretend = 0, frame = 0
 230              		@ frame_needed = 0, uses_anonymous_args = 0
 231 0000 08B5     		push	{r3, lr}
 232              	.LCFI1:
 233              		.cfi_def_cfa_offset 8
 234              		.cfi_offset 3, -8
 235              		.cfi_offset 14, -4
 206:Core/Src/stm32l4xx_it.c ****   /* USER CODE BEGIN EXTI3_IRQn 0 */
 207:Core/Src/stm32l4xx_it.c **** 
 208:Core/Src/stm32l4xx_it.c ****   /* USER CODE END EXTI3_IRQn 0 */
 209:Core/Src/stm32l4xx_it.c ****   HAL_GPIO_EXTI_IRQHandler(GPIO_PIN_3);
 236              		.loc 1 209 3 view .LVU30
 237 0002 0820     		movs	r0, #8
 238 0004 FFF7FEFF 		bl	HAL_GPIO_EXTI_IRQHandler
 239              	.LVL1:
 210:Core/Src/stm32l4xx_it.c ****   /* USER CODE BEGIN EXTI3_IRQn 1 */
 211:Core/Src/stm32l4xx_it.c **** 
 212:Core/Src/stm32l4xx_it.c ****   /* USER CODE END EXTI3_IRQn 1 */
 213:Core/Src/stm32l4xx_it.c **** }
 240              		.loc 1 213 1 is_stmt 0 view .LVU31
 241 0008 08BD     		pop	{r3, pc}
 242              		.cfi_endproc
 243              	.LFE301:
 245              		.section	.text.EXTI9_5_IRQHandler,"ax",%progbits
 246              		.align	1
 247              		.global	EXTI9_5_IRQHandler
 248              		.syntax unified
 249              		.thumb
 250              		.thumb_func
 252              	EXTI9_5_IRQHandler:
 253              	.LFB302:
 214:Core/Src/stm32l4xx_it.c **** 
 215:Core/Src/stm32l4xx_it.c **** /**
 216:Core/Src/stm32l4xx_it.c ****   * @brief This function handles EXTI line[9:5] interrupts.
 217:Core/Src/stm32l4xx_it.c ****   */
 218:Core/Src/stm32l4xx_it.c **** void EXTI9_5_IRQHandler(void)
 219:Core/Src/stm32l4xx_it.c **** {
ARM GAS  /tmp/ccIIYSOv.s 			page 9


 254              		.loc 1 219 1 is_stmt 1 view -0
 255              		.cfi_startproc
 256              		@ args = 0, pretend = 0, frame = 0
 257              		@ frame_needed = 0, uses_anonymous_args = 0
 258 0000 08B5     		push	{r3, lr}
 259              	.LCFI2:
 260              		.cfi_def_cfa_offset 8
 261              		.cfi_offset 3, -8
 262              		.cfi_offset 14, -4
 220:Core/Src/stm32l4xx_it.c ****   /* USER CODE BEGIN EXTI9_5_IRQn 0 */
 221:Core/Src/stm32l4xx_it.c **** 
 222:Core/Src/stm32l4xx_it.c ****   /* USER CODE END EXTI9_5_IRQn 0 */
 223:Core/Src/stm32l4xx_it.c ****   HAL_GPIO_EXTI_IRQHandler(SPSGRF_915_GPIO3_EXTI5_Pin);
 263              		.loc 1 223 3 view .LVU33
 264 0002 2020     		movs	r0, #32
 265 0004 FFF7FEFF 		bl	HAL_GPIO_EXTI_IRQHandler
 266              	.LVL2:
 224:Core/Src/stm32l4xx_it.c ****   HAL_GPIO_EXTI_IRQHandler(SPBTLE_RF_IRQ_EXTI6_Pin);
 267              		.loc 1 224 3 view .LVU34
 268 0008 4020     		movs	r0, #64
 269 000a FFF7FEFF 		bl	HAL_GPIO_EXTI_IRQHandler
 270              	.LVL3:
 225:Core/Src/stm32l4xx_it.c ****   HAL_GPIO_EXTI_IRQHandler(VL53L0X_GPIO1_EXTI7_Pin);
 271              		.loc 1 225 3 view .LVU35
 272 000e 8020     		movs	r0, #128
 273 0010 FFF7FEFF 		bl	HAL_GPIO_EXTI_IRQHandler
 274              	.LVL4:
 226:Core/Src/stm32l4xx_it.c ****   HAL_GPIO_EXTI_IRQHandler(LSM3MDL_DRDY_EXTI8_Pin);
 275              		.loc 1 226 3 view .LVU36
 276 0014 4FF48070 		mov	r0, #256
 277 0018 FFF7FEFF 		bl	HAL_GPIO_EXTI_IRQHandler
 278              	.LVL5:
 227:Core/Src/stm32l4xx_it.c ****   /* USER CODE BEGIN EXTI9_5_IRQn 1 */
 228:Core/Src/stm32l4xx_it.c **** 
 229:Core/Src/stm32l4xx_it.c ****   /* USER CODE END EXTI9_5_IRQn 1 */
 230:Core/Src/stm32l4xx_it.c **** }
 279              		.loc 1 230 1 is_stmt 0 view .LVU37
 280 001c 08BD     		pop	{r3, pc}
 281              		.cfi_endproc
 282              	.LFE302:
 284              		.section	.text.EXTI15_10_IRQHandler,"ax",%progbits
 285              		.align	1
 286              		.global	EXTI15_10_IRQHandler
 287              		.syntax unified
 288              		.thumb
 289              		.thumb_func
 291              	EXTI15_10_IRQHandler:
 292              	.LFB303:
 231:Core/Src/stm32l4xx_it.c **** 
 232:Core/Src/stm32l4xx_it.c **** /**
 233:Core/Src/stm32l4xx_it.c ****   * @brief This function handles EXTI line[15:10] interrupts.
 234:Core/Src/stm32l4xx_it.c ****   */
 235:Core/Src/stm32l4xx_it.c **** void EXTI15_10_IRQHandler(void)
 236:Core/Src/stm32l4xx_it.c **** {
 293              		.loc 1 236 1 is_stmt 1 view -0
 294              		.cfi_startproc
 295              		@ args = 0, pretend = 0, frame = 0
ARM GAS  /tmp/ccIIYSOv.s 			page 10


 296              		@ frame_needed = 0, uses_anonymous_args = 0
 297 0000 08B5     		push	{r3, lr}
 298              	.LCFI3:
 299              		.cfi_def_cfa_offset 8
 300              		.cfi_offset 3, -8
 301              		.cfi_offset 14, -4
 237:Core/Src/stm32l4xx_it.c ****   /* USER CODE BEGIN EXTI15_10_IRQn 0 */
 238:Core/Src/stm32l4xx_it.c **** 
 239:Core/Src/stm32l4xx_it.c ****   /* USER CODE END EXTI15_10_IRQn 0 */
 240:Core/Src/stm32l4xx_it.c ****   HAL_GPIO_EXTI_IRQHandler(LPS22HB_INT_DRDY_EXTI10_Pin);
 302              		.loc 1 240 3 view .LVU39
 303 0002 4FF48060 		mov	r0, #1024
 304 0006 FFF7FEFF 		bl	HAL_GPIO_EXTI_IRQHandler
 305              	.LVL6:
 241:Core/Src/stm32l4xx_it.c ****   HAL_GPIO_EXTI_IRQHandler(LSM6DSL_INT1_EXTI11_Pin);
 306              		.loc 1 241 3 view .LVU40
 307 000a 4FF40060 		mov	r0, #2048
 308 000e FFF7FEFF 		bl	HAL_GPIO_EXTI_IRQHandler
 309              	.LVL7:
 242:Core/Src/stm32l4xx_it.c ****   HAL_GPIO_EXTI_IRQHandler(USB_OTG_FS_PWR_EN_Pin);
 310              		.loc 1 242 3 view .LVU41
 311 0012 4FF48050 		mov	r0, #4096
 312 0016 FFF7FEFF 		bl	HAL_GPIO_EXTI_IRQHandler
 313              	.LVL8:
 243:Core/Src/stm32l4xx_it.c ****   HAL_EXTI_IRQHandler(&H_EXTI_13);
 314              		.loc 1 243 3 view .LVU42
 315 001a 0648     		ldr	r0, .L22
 316 001c FFF7FEFF 		bl	HAL_EXTI_IRQHandler
 317              	.LVL9:
 244:Core/Src/stm32l4xx_it.c ****   HAL_GPIO_EXTI_IRQHandler(ARD_D2_Pin);
 318              		.loc 1 244 3 view .LVU43
 319 0020 4FF48040 		mov	r0, #16384
 320 0024 FFF7FEFF 		bl	HAL_GPIO_EXTI_IRQHandler
 321              	.LVL10:
 245:Core/Src/stm32l4xx_it.c ****   HAL_GPIO_EXTI_IRQHandler(HTS221_DRDY_EXTI15_Pin);
 322              		.loc 1 245 3 view .LVU44
 323 0028 4FF40040 		mov	r0, #32768
 324 002c FFF7FEFF 		bl	HAL_GPIO_EXTI_IRQHandler
 325              	.LVL11:
 246:Core/Src/stm32l4xx_it.c ****   /* USER CODE BEGIN EXTI15_10_IRQn 1 */
 247:Core/Src/stm32l4xx_it.c **** 
 248:Core/Src/stm32l4xx_it.c ****   /* USER CODE END EXTI15_10_IRQn 1 */
 249:Core/Src/stm32l4xx_it.c **** }
 326              		.loc 1 249 1 is_stmt 0 view .LVU45
 327 0030 08BD     		pop	{r3, pc}
 328              	.L23:
 329 0032 00BF     		.align	2
 330              	.L22:
 331 0034 00000000 		.word	hexti13
 332              		.cfi_endproc
 333              	.LFE303:
 335              		.text
 336              	.Letext0:
 337              		.file 2 "/usr/arm-none-eabi/include/machine/_default_types.h"
 338              		.file 3 "/usr/arm-none-eabi/include/sys/_stdint.h"
 339              		.file 4 "Drivers/STM32L4xx_HAL_Driver/Inc/stm32l4xx_hal_exti.h"
 340              		.file 5 "Drivers/STM32L4xx_HAL_Driver/Inc/stm32l4xx_hal_gpio.h"
ARM GAS  /tmp/ccIIYSOv.s 			page 11


 341              		.file 6 "BlueNRG_MS/Target/hci_tl_interface.h"
 342              		.file 7 "Drivers/STM32L4xx_HAL_Driver/Inc/stm32l4xx_hal.h"
ARM GAS  /tmp/ccIIYSOv.s 			page 12


DEFINED SYMBOLS
                            *ABS*:0000000000000000 stm32l4xx_it.c
     /tmp/ccIIYSOv.s:21     .text.NMI_Handler:0000000000000000 $t
     /tmp/ccIIYSOv.s:27     .text.NMI_Handler:0000000000000000 NMI_Handler
     /tmp/ccIIYSOv.s:44     .text.HardFault_Handler:0000000000000000 $t
     /tmp/ccIIYSOv.s:50     .text.HardFault_Handler:0000000000000000 HardFault_Handler
     /tmp/ccIIYSOv.s:67     .text.MemManage_Handler:0000000000000000 $t
     /tmp/ccIIYSOv.s:73     .text.MemManage_Handler:0000000000000000 MemManage_Handler
     /tmp/ccIIYSOv.s:90     .text.BusFault_Handler:0000000000000000 $t
     /tmp/ccIIYSOv.s:96     .text.BusFault_Handler:0000000000000000 BusFault_Handler
     /tmp/ccIIYSOv.s:113    .text.UsageFault_Handler:0000000000000000 $t
     /tmp/ccIIYSOv.s:119    .text.UsageFault_Handler:0000000000000000 UsageFault_Handler
     /tmp/ccIIYSOv.s:136    .text.SVC_Handler:0000000000000000 $t
     /tmp/ccIIYSOv.s:142    .text.SVC_Handler:0000000000000000 SVC_Handler
     /tmp/ccIIYSOv.s:155    .text.DebugMon_Handler:0000000000000000 $t
     /tmp/ccIIYSOv.s:161    .text.DebugMon_Handler:0000000000000000 DebugMon_Handler
     /tmp/ccIIYSOv.s:174    .text.PendSV_Handler:0000000000000000 $t
     /tmp/ccIIYSOv.s:180    .text.PendSV_Handler:0000000000000000 PendSV_Handler
     /tmp/ccIIYSOv.s:193    .text.SysTick_Handler:0000000000000000 $t
     /tmp/ccIIYSOv.s:199    .text.SysTick_Handler:0000000000000000 SysTick_Handler
     /tmp/ccIIYSOv.s:219    .text.EXTI3_IRQHandler:0000000000000000 $t
     /tmp/ccIIYSOv.s:225    .text.EXTI3_IRQHandler:0000000000000000 EXTI3_IRQHandler
     /tmp/ccIIYSOv.s:246    .text.EXTI9_5_IRQHandler:0000000000000000 $t
     /tmp/ccIIYSOv.s:252    .text.EXTI9_5_IRQHandler:0000000000000000 EXTI9_5_IRQHandler
     /tmp/ccIIYSOv.s:285    .text.EXTI15_10_IRQHandler:0000000000000000 $t
     /tmp/ccIIYSOv.s:291    .text.EXTI15_10_IRQHandler:0000000000000000 EXTI15_10_IRQHandler
     /tmp/ccIIYSOv.s:331    .text.EXTI15_10_IRQHandler:0000000000000034 $d

UNDEFINED SYMBOLS
HAL_IncTick
HAL_GPIO_EXTI_IRQHandler
HAL_EXTI_IRQHandler
hexti13
